
[32m14:37:18[0m | [1mINFO    [0m | - [1mParsing problem definition from config files[0m


[32m14:37:18[0m | [1mINFO    [0m | - [1mRunning solver of type NUTRITION_AND_MARKET_VALUE[0m

14:37:18 |              Building model
Set parameter WLSAccessID
Set parameter WLSSecret
Set parameter LicenseID to value 2409054
Read parameters from file gurobi.env
Academic license 2409054 - for non-commercial use only - registered to pi___@live.nl
Set parameter WLSAccessID
Set parameter WLSSecret
Set parameter LicenseID to value 2409054
Read parameters from file gurobi.env
Academic license 2409054 - for non-commercial use only - registered to pi___@live.nl

--------------------
14:37:18 | START    | - RUNNING Nutrition_maximization model
--------------------
[32m14:37:18[0m | [31m[1mERROR   [0m | - [31m[1mwidth: 400.0 Height: 500.0[0m
[32m14:37:18[0m | [31m[1mERROR   [0m | - [31m[1mless 20[0m
[32m14:37:18[0m | [31m[1mERROR   [0m | - [31m[1mless 80[0m
[32m14:37:18[0m | [31m[1mERROR   [0m | - [31m[1mless 120[0m
[32m14:37:18[0m | [31m[1mERROR   [0m | - [31m[1mless 154[0m
[32m14:37:18[0m | [31m[1mERROR   [0m | - [31m[1mless 80[0m
[32m14:37:18[0m | [31m[1mERROR   [0m | - [31m[1mless 154[0m
[32m14:37:18[0m | [31m[1mERROR   [0m | - [31m[1mless 80[0m
[32m14:37:18[0m | [31m[1mERROR   [0m | - [31m[1mless 56[0m
[32m14:37:18[0m | [31m[1mERROR   [0m | - [31m[1mless 20[0m
[32m14:37:18[0m | [31m[1mERROR   [0m | - [31m[1mless 80[0m
[32m14:37:18[0m | [31m[1mERROR   [0m | - [31m[1mless 120[0m
[32m14:37:18[0m | [31m[1mERROR   [0m | - [31m[1mless 154[0m
[32m14:37:18[0m | [31m[1mERROR   [0m | - [31m[1mless 80[0m
[32m14:37:18[0m | [31m[1mERROR   [0m | - [31m[1mless 154[0m
[32m14:37:18[0m | [31m[1mERROR   [0m | - [31m[1mless 80[0m
[32m14:37:18[0m | [31m[1mERROR   [0m | - [31m[1mless 56[0m
14:47:18 |              Solution status: OptimizationStatus.FEASIBLE
14:47:18 |              Objective (Minimization nutrient shortage) value: 22.191930710191393   Optimality gap: 6.09%
14:47:18 |              {'Eggplant': 0.0, 'Lettuce': 0.0, 'Okra': 108.0, 'Potatoes': 143.0, 'RedBellPepper': 80.0, 'SweetPotatoes': 0.0, 'Tomatoes': 0.0, 'Zucchini': 0.0, 'Eggplant2': 0.0, 'Lettuce2': 0.0, 'Okra2': 108.0, 'Potatoes2': 50.0, 'RedBellPepper2': 48.0, 'SweetPotatoes2': 0.0, 'Tomatoes2': 0.0, 'Zucchini2': 0.0}
14:47:18 |              
[32m14:47:18[0m | [31m[1mERROR   [0m | - [31m[1m9[0m
[32m14:47:18[0m | [31m[1mERROR   [0m | - [31m[1m0 3[0m
[32m14:47:18[0m | [31m[1mERROR   [0m | - [31m[1m3 5[0m
[32m14:47:18[0m | [31m[1mERROR   [0m | - [31m[1m5 8[0m
[32m14:47:18[0m | [33m[1mWARNING [0m | - [33m[1mTIMEOUT for running nutrition optimization[0m
[32m14:47:18[0m | [33m[1mWARNING [0m | - [33m[1mFull nutrition not feasible[0m
[32m14:47:19[0m | [32m[1mSUCCESS [0m | - [32m[1mRuntime model Nutrition_maximization: 10 minutes and 1.36 seconds[0m
14:47:19 | END      | 
--------------------


[32m14:47:19[0m | [33m[1mWARNING [0m | - [33m[1mFull nutrition was not achieved[0m

[32m14:47:19[0m | [1mINFO    [0m | - [1mProceeding to Value Optimization (with minimised nutri-deficiency) [33mFull nutrition remains infeasible![0m[1m[0m

Set parameter WLSAccessID
Set parameter WLSSecret
Set parameter LicenseID to value 2409054
Read parameters from file gurobi.env
Academic license 2409054 - for non-commercial use only - registered to pi___@live.nl
Set parameter WLSAccessID
Set parameter WLSSecret
Set parameter LicenseID to value 2409054
Read parameters from file gurobi.env
Academic license 2409054 - for non-commercial use only - registered to pi___@live.nl

--------------------
14:47:19 | START    | - RUNNING Value_maximization (with minimised nutri-deficiency) model
--------------------
[32m14:47:19[0m | [31m[1mERROR   [0m | - [31m[1mwidth: 400.0 Height: 500.0[0m
[32m14:47:19[0m | [31m[1mERROR   [0m | - [31m[1mless 20[0m
[32m14:47:19[0m | [31m[1mERROR   [0m | - [31m[1mless 80[0m
[32m14:47:19[0m | [31m[1mERROR   [0m | - [31m[1mless 120[0m
[32m14:47:19[0m | [31m[1mERROR   [0m | - [31m[1mless 154[0m
[32m14:47:19[0m | [31m[1mERROR   [0m | - [31m[1mless 80[0m
[32m14:47:19[0m | [31m[1mERROR   [0m | - [31m[1mless 154[0m
[32m14:47:19[0m | [31m[1mERROR   [0m | - [31m[1mless 80[0m
[32m14:47:19[0m | [31m[1mERROR   [0m | - [31m[1mless 56[0m
[32m14:47:19[0m | [31m[1mERROR   [0m | - [31m[1mless 20[0m
[32m14:47:20[0m | [31m[1mERROR   [0m | - [31m[1mless 80[0m
[32m14:47:20[0m | [31m[1mERROR   [0m | - [31m[1mless 120[0m
[32m14:47:20[0m | [31m[1mERROR   [0m | - [31m[1mless 154[0m
[32m14:47:20[0m | [31m[1mERROR   [0m | - [31m[1mless 80[0m
[32m14:47:20[0m | [31m[1mERROR   [0m | - [31m[1mless 154[0m
[32m14:47:20[0m | [31m[1mERROR   [0m | - [31m[1mless 80[0m
[32m14:47:20[0m | [31m[1mERROR   [0m | - [31m[1mless 56[0m
14:47:20 |              Loading previous solution
14:47:20 |              Validating previous solution
Set parameter WLSAccessID
Set parameter WLSSecret
Set parameter LicenseID to value 2409054
Read parameters from file gurobi.env
Academic license 2409054 - for non-commercial use only - registered to pi___@live.nl
14:47:20 |              Validating complete

[32m14:57:20[0m | [1mINFO    [0m | - [1mSolution status: [33mOptimizationStatus.FEASIBLE[0m[1m[0m

14:57:20 |              Objective (market) value: 1494.0   Optimality gap: 25314.93%
14:57:20 |              {'Eggplant': 0.0, 'Lettuce': 0.0, 'Okra': 108.0, 'Potatoes': 143.0, 'RedBellPepper': 80.0, 'SweetPotatoes': 0.0, 'Tomatoes': 0.0, 'Zucchini': 0.0, 'Eggplant2': 0.0, 'Lettuce2': 0.0, 'Okra2': 108.0, 'Potatoes2': 50.0, 'RedBellPepper2': 48.0, 'SweetPotatoes2': 0.0, 'Tomatoes2': 0.0, 'Zucchini2': 0.0}
[32m14:57:20[0m | [31m[1mERROR   [0m | - [31m[1m8[0m
[32m14:57:20[0m | [31m[1mERROR   [0m | - [31m[1m0 2[0m
[32m14:57:20[0m | [31m[1mERROR   [0m | - [31m[1m2 5[0m
[32m14:57:20[0m | [31m[1mERROR   [0m | - [31m[1m5 7[0m
[32m14:57:20[0m | [33m[1mWARNING [0m | - [33m[1mTIMEOUT for running value optimization[0m
[32m14:57:21[0m | [32m[1mSUCCESS [0m | - [32m[1mRuntime model Value_maximization (with minimised nutri-deficiency): 10 minutes and 1.4 seconds[0m
14:57:21 | END      | 
--------------------



[32m14:57:21[0m | [1mINFO    [0m | - [1mNone[0m

[32m14:57:21[0m | [31m[1mERROR   [0m | - [31m[1m8[0m
[32m14:57:21[0m | [31m[1mERROR   [0m | - [31m[1m0 2[0m
[32m14:57:21[0m | [31m[1mERROR   [0m | - [31m[1m2 5[0m
[32m14:57:21[0m | [31m[1mERROR   [0m | - [31m[1m5 7[0m

[32m14:57:22[0m | [1mINFO    [0m | - [1mModel results saved to folder: TestScenarios/Value/8crops-8nutri-4x5/3p/output/24-04-29 14:37:18[0m

{
    "name": "Value_maximization (with minimised nutri-deficiency)",
    "resultConclusion": {
        "Nutrition_maximization": "FEASIBLE but Not achieved",
        "Value_maximization": "undefined",
        "Value_maximization (with minimised nutri-deficiency)": "FEASIBLE"
    },
    "total_crops": 537,
    "total_space": "84.36 m2",
    "selected_crop_amounts": {
        "Eggplant": 0.0,
        "Lettuce": 0.0,
        "Okra": 108.0,
        "Potatoes": 143.0,
        "RedBellPepper": 80.0,
        "SweetPotatoes": 0.0,
        "Tomatoes": 0.0,
        "Zucchini": 0.0,
        "Eggplant2": 0.0,
        "Lettuce2": 0.0,
        "Okra2": 108.0,
        "Potatoes2": 50.0,
        "RedBellPepper2": 48.0,
        "SweetPotatoes2": 0.0,
        "Tomatoes2": 0.0,
        "Zucchini2": 0.0
    },
    "crop_crow_time_range": [
        [
            -1,
            -1
        ],
        [
            -1,
            -1
        ],
        [
            245.0,
            305.0
        ],
        [
            1.0,
            81.0
        ],
        [
            81.0,
            151.0
        ],
        [
            -1,
            -1
        ],
        [
            -1,
            -1
        ],
        [
            -1,
            -1
        ],
        [
            -1,
            -1
        ],
        [
            -1,
            -1
        ],
        [
            305.0,
            365.0
        ],
        [
            151.0,
            231.0
        ],
        [
            175.0,
            245.0
        ],
        [
            -1,
            -1
        ],
        [
            -1,
            -1
        ],
        [
            -1,
            -1
        ]
    ],
    "space_by_crop_type": {
        "Eggplant": "0.0 m2",
        "Lettuce": "0.0 m2",
        "Okra": "16.2 m2",
        "Potatoes": "17.16 m2",
        "RedBellPepper": "18.0 m2",
        "SweetPotatoes": "0.0 m2",
        "Tomatoes": "0.0 m2",
        "Zucchini": "0.0 m2",
        "Eggplant2": "0.0 m2",
        "Lettuce2": "0.0 m2",
        "Okra2": "16.2 m2",
        "Potatoes2": "6.0 m2",
        "RedBellPepper2": "10.8 m2",
        "SweetPotatoes2": "0.0 m2",
        "Tomatoes2": "0.0 m2",
        "Zucchini2": "0.0 m2"
    },
    "yield_by_crop_type": {
        "Eggplant": "0.0 g",
        "Lettuce": "0.0 g",
        "Okra": "162000.0 g",
        "Potatoes": "712140.0 g",
        "RedBellPepper": "128000.0 g",
        "SweetPotatoes": "0.0 g",
        "Tomatoes": "0.0 g",
        "Zucchini": "0.0 g",
        "Eggplant2": "0.0 g",
        "Lettuce2": "0.0 g",
        "Okra2": "162000.0 g",
        "Potatoes2": "249000.0 g",
        "RedBellPepper2": "76800.0 g",
        "SweetPotatoes2": "0.0 g",
        "Tomatoes2": "0.0 g",
        "Zucchini2": "0.0 g"
    },
    "value_by_crop_type": {
        "Eggplant": 0.0,
        "Lettuce": 0.0,
        "Okra": 0.0,
        "Potatoes": 1494.0,
        "RedBellPepper": 0.0,
        "SweetPotatoes": 0.0,
        "Tomatoes": 0.0,
        "Zucchini": 0.0,
        "Eggplant2": 0.0,
        "Lettuce2": 0.0,
        "Okra2": 0.0,
        "Potatoes2": 0.0,
        "RedBellPepper2": 0.0,
        "SweetPotatoes2": 0.0,
        "Tomatoes2": 0.0,
        "Zucchini2": 0.0
    },
    "nutrition_required_per_period": {
        "A": 0.08516666666666667,
        "B1": 0.13383333333333333,
        "C": 5.4750000000000005,
        "Carbohydrates": 28591.666666666668,
        "E": 1.825,
        "Iron": 2.1900000000000004,
        "Protein": 5596.666666666667,
        "Zinc": 0.9733333333333333
    },
    "nutrition_produced_per_period": {
        "0": {
            "A": 6.7958076,
            "B1": 0.777876,
            "C": 138.60336,
            "Carbohydrates": 572799.6,
            "E": 0.0,
            "Iron": 2.192196,
            "Protein": 67180.2,
            "Zinc": 2.1214799999999996
        },
        "1": {
            "A": 2.5938499999999998,
            "B1": 0.34430000000000005,
            "C": 230.56400000000002,
            "Carbohydrates": 207629.2,
            "E": 2.0224,
            "Iron": 1.2199,
            "Protein": 24807.0,
            "Zinc": 1.003
        },
        "2": {
            "A": 0.23721599999999998,
            "B1": 0.69024,
            "C": 183.57600000000002,
            "Carbohydrates": 27733.920000000002,
            "E": 1.21344,
            "Iron": 2.2776,
            "Protein": 6847.2,
            "Zinc": 2.0328000000000004
        }
    },
    "nutrition_deficit_per_period": {
        "0": {
            "A": -6.710640933333333,
            "B1": -0.6440426666666667,
            "C": -133.12836000000001,
            "Carbohydrates": -544207.9333333333,
            "E": 1.825,
            "Iron": -0.0021959999999996427,
            "Protein": -61583.53333333333,
            "Zinc": -1.1481466666666664
        },
        "1": {
            "A": -2.508683333333333,
            "B1": -0.21046666666666672,
            "C": -225.08900000000003,
            "Carbohydrates": -179037.53333333335,
            "E": -0.19740000000000024,
            "Iron": 0.9701000000000004,
            "Protein": -19210.333333333332,
            "Zinc": -0.02966666666666662
        },
        "2": {
            "A": -0.15204933333333331,
            "B1": -0.5564066666666666,
            "C": -178.10100000000003,
            "Carbohydrates": 857.746666666666,
            "E": 0.6115599999999999,
            "Iron": -0.08759999999999968,
            "Protein": -1250.5333333333328,
            "Zinc": -1.0594666666666672
        }
    }
}
