Set parameter WLSAccessID
Set parameter WLSSecret
Set parameter LicenseID to value 2409054
Read parameters from file gurobi.env
Academic license 2409054 - for non-commercial use only - registered to pi___@live.nl
Set parameter WLSAccessID
Set parameter WLSSecret
Set parameter LicenseID to value 2409054
Read parameters from file gurobi.env
Academic license 2409054 - for non-commercial use only - registered to pi___@live.nl
Set parameter OutputFlag to value 1
Warning for adding constraints: zero or small (< 1e-13) coefficients, ignored
Set parameter TimeLimit to value 600
Set parameter NodeLimit to value 1073741824
Set parameter SolutionLimit to value 65535
Set parameter IntFeasTol to value 1e-06
Set parameter Method to value 3
Gurobi Optimizer version 11.0.1 build v11.0.1rc0 (linux64 - "Ubuntu 22.04.4 LTS")

CPU model: AMD Ryzen 7 5800X 8-Core Processor, instruction set [SSE2|AVX|AVX2]
Thread count: 8 physical cores, 16 logical processors, using up to 16 threads

Academic license 2409054 - for non-commercial use only - registered to pi___@live.nl
Optimize a model with 2418 rows, 1228 columns and 7164 nonzeros
Model fingerprint: 0x30294f19
Variable types: 88 continuous, 1140 integer (966 binary)
Coefficient statistics:
  Matrix range     [3e-04, 3e+04]
  Objective range  [1e+00, 1e+00]
  Bounds range     [1e+00, 1e+03]
  RHS range        [1e+00, 1e+03]
Presolve removed 294 rows and 26 columns
Presolve time: 0.02s
Presolved: 2124 rows, 1202 columns, 6794 nonzeros
Variable types: 88 continuous, 1114 integer (952 binary)
Found heuristic solution: objective -0.0000000
Found heuristic solution: objective 0.0331712
Concurrent LP optimizer: primal simplex, dual simplex, and barrier
Showing barrier log only...

Root barrier log...

Ordering time: 0.02s

Barrier performed 0 iterations in 0.05 seconds (0.06 work units)
Barrier solve interrupted - model solved by another algorithm


Solved with primal simplex

Root relaxation: objective 2.400000e+01, 450 iterations, 0.02 seconds (0.02 work units)

    Nodes    |    Current Node    |     Objective Bounds      |     Work
 Expl Unexpl |  Obj  Depth IntInf | Incumbent    BestBd   Gap | It/Node Time

     0     0   24.00000    0   50    0.03317   24.00000      -     -    0s
H    0     0                       1.2727993   24.00000  1786%     -    0s
H    0     0                       2.3432394   24.00000   924%     -    0s
H    0     0                       5.5250421   24.00000   334%     -    0s
     0     0   24.00000    0   98    5.52504   24.00000   334%     -    0s
H    0     0                      13.5294894   24.00000  77.4%     -    0s
H    0     0                      16.8337800   24.00000  42.6%     -    0s
     0     0   24.00000    0  116   16.83378   24.00000  42.6%     -    0s
H    0     0                      16.9438726   24.00000  41.6%     -    0s
H    0     0                      16.9464297   24.00000  41.6%     -    0s
H    0     0                      16.9861685   24.00000  41.3%     -    0s
H    0     0                      17.0989576   24.00000  40.4%     -    0s
H    0     0                      17.1157661   24.00000  40.2%     -    0s
H    0     0                      17.5669222   24.00000  36.6%     -    0s
     0     0   24.00000    0   74   17.56692   24.00000  36.6%     -    0s
H    0     0                      17.8558679   24.00000  34.4%     -    0s
     0     0   24.00000    0   97   17.85587   24.00000  34.4%     -    0s
H    0     0                      19.7547893   24.00000  21.5%     -    0s
     0     0   24.00000    0   73   19.75479   24.00000  21.5%     -    0s
     0     0   24.00000    0   77   19.75479   24.00000  21.5%     -    0s
H    0     0                      21.0805401   24.00000  13.8%     -    0s
     0     0   24.00000    0   52   21.08054   24.00000  13.8%     -    0s
     0     0   24.00000    0   41   21.08054   24.00000  13.8%     -    0s
H    0     0                      21.7100335   24.00000  10.5%     -    0s
H    0     0                      21.8176105   24.00000  10.0%     -    0s
     0     2   24.00000    0   39   21.81761   24.00000  10.0%     -    0s
H  236   358                      21.8791557   24.00000  9.69%   114    0s
H  348   358                      22.1426809   24.00000  8.39%  90.7    0s
H  375   834                      22.3978182   24.00000  7.15%  89.5    0s
H  474   834                      22.4009114   24.00000  7.14%  76.3    0s
H  825   834                      22.4987939   24.00000  6.67%  64.6    0s
H  994  1421                      22.8332772   24.00000  5.11%  60.9    0s
H 1324  1420                      22.9812877   24.00000  4.43%  52.9    0s
H 1634  1943                      23.0203461   24.00000  4.26%  50.6    1s
H 2140  1943                      23.0246361   24.00000  4.24%  48.1    1s
H 2371  1940                      23.0319767   24.00000  4.20%  46.8    1s
H 2425  1923                      23.0629598   24.00000  4.06%  46.4    1s
H 2522  1907                      23.0809644   24.00000  3.98%  52.1    2s
H 2598  1864                      23.1607326   24.00000  3.62%  54.3    2s
H 9446  5551                      23.1740377   24.00000  3.56%  46.0    5s
H10335  5799                      23.2043397   24.00000  3.43%  44.4    5s
H10664  5799                      23.2061151   24.00000  3.42%  44.5    5s
*20266 11638              97      23.2092986   24.00000  3.41%  39.1    7s
H20632 12922                      23.2815562   24.00000  3.09%  38.9    7s
H22086 11895                      23.4012493   24.00000  2.56%  38.1    7s
H28761 15550                      23.4377863   24.00000  2.40%  37.0    8s
 37051 17979 infeasible   81        23.43779   24.00000  2.40%  36.5   10s
H37138 17979                      23.4377863   24.00000  2.40%  36.5   10s
 43662 21049   23.69042   66  103   23.43779   24.00000  2.40%  37.8   16s
H56921 26228                      23.4389151   24.00000  2.39%  39.1   19s
 58560 27624   23.78187   62   87   23.43892   24.00000  2.39%  39.3   20s
 71727 33386     cutoff   58        23.43892   24.00000  2.39%  41.9   25s
 86411 39160     cutoff   71        23.43892   24.00000  2.39%  43.2   30s
 110867 50148   23.85550   54  122   23.43892   24.00000  2.39%  43.7   35s
 129186 59436   23.49792   61  159   23.43892   24.00000  2.39%  44.2   41s
 151702 68792   23.69758   55  121   23.43892   24.00000  2.39%  44.1   45s
 171478 77729   23.53662   51  174   23.43892   24.00000  2.39%  44.1   50s
 192390 84746   23.59158   63  152   23.43892   24.00000  2.39%  43.7   55s
 208490 92820   23.92898   47  110   23.43892   24.00000  2.39%  43.9   60s
 240935 106198   24.00000   44  113   23.43892   24.00000  2.39%  42.8   65s
 257873 112258 infeasible   59        23.43892   24.00000  2.39%  42.7   70s
 275346 119861 infeasible   74        23.43892   24.00000  2.39%  42.6   75s
H275638 119861                      23.4389152   24.00000  2.39%  42.6   75s
H298858 131816                      23.4391137   24.00000  2.39%  42.6   78s
 301648 134461   23.87979   47  130   23.43911   24.00000  2.39%  42.8   80s
 314937 142140   23.65582   61  117   23.43911   24.00000  2.39%  43.1   85s
 334356 152164   23.76400   57  147   23.43911   24.00000  2.39%  43.4   90s
 356064 164158   23.97620   59  167   23.43911   24.00000  2.39%  43.5   96s
 375988 170960   24.00000   37  117   23.43911   24.00000  2.39%  43.5  100s
 409356 185636   23.57238   55  148   23.43911   24.00000  2.39%  43.2  105s
 421684 193837   23.87185   83  115   23.43911   24.00000  2.39%  43.3  111s
 449080 202211 infeasible   53        23.43911   24.00000  2.39%  43.2  115s
 469894 211772   23.55650   70  153   23.43911   24.00000  2.39%  43.6  120s
 488906 219705   23.67546   61  142   23.43911   24.00000  2.39%  43.8  125s
 507854 228544   24.00000   51  136   23.43911   24.00000  2.39%  43.9  130s
 533950 239432   23.58743   57  146   23.43911   24.00000  2.39%  44.0  135s
 551677 247066   23.92091   51  124   23.43911   24.00000  2.39%  44.0  140s
 572433 260195   24.00000   45  146   23.43911   24.00000  2.39%  44.0  146s
 596299 272619     cutoff   59        23.43911   24.00000  2.39%  44.1  152s
 627269 279451   24.00000   52  146   23.43911   24.00000  2.39%  44.2  155s
 650804 289382 infeasible   63        23.43911   24.00000  2.39%  44.2  161s
 664104 296378   24.00000   37  198   23.43911   24.00000  2.39%  44.3  165s
 689292 309943   23.78975   54  180   23.43911   24.00000  2.39%  44.4  170s
 707579 317574   23.61538   70  128   23.43911   24.00000  2.39%  44.4  175s
 736399 328107   23.55247   51  140   23.43911   24.00000  2.39%  44.4  180s
 751636 334769   23.61373   65  133   23.43911   24.00000  2.39%  44.4  185s
 771883 343869   24.00000   51  141   23.43911   24.00000  2.39%  44.4  190s
 792696 351321   23.46873   56  149   23.43911   24.00000  2.39%  44.4  196s
 816568 363334   24.00000   51  134   23.43911   24.00000  2.39%  44.6  200s
 836083 370615   23.52541   52  183   23.43911   24.00000  2.39%  44.7  205s
 857071 379771   23.81748   60  172   23.43911   24.00000  2.39%  44.7  210s
 876629 387873   23.97476   56  114   23.43911   24.00000  2.39%  44.7  215s
 900213 397369     cutoff   79        23.43911   24.00000  2.39%  44.7  220s
 921562 405557   23.74333   74   93   23.43911   24.00000  2.39%  44.7  225s
 942828 413716 infeasible   68        23.43911   24.00000  2.39%  44.6  230s
 968625 424654   23.84041   65  114   23.43911   24.00000  2.39%  44.6  235s
 989196 434153   23.88714   58  134   23.43911   24.00000  2.39%  44.6  240s
 1009688 442433   23.89520   60   95   23.43911   24.00000  2.39%  44.7  245s
 1029963 451540     cutoff   75        23.43911   24.00000  2.39%  44.7  250s
 1044308 457544   23.61103   58  123   23.43911   24.00000  2.39%  44.7  255s
 1070883 467648   23.96467   54  140   23.43911   24.00000  2.39%  44.7  260s
 1089285 474967   23.79285   55  132   23.43911   24.00000  2.39%  44.7  265s
 1115471 484850   23.72768   69  123   23.43911   24.00000  2.39%  44.7  270s
 1127549 489516   24.00000   60  128   23.43911   24.00000  2.39%  44.7  275s
 1155631 501221   23.90714   58  156   23.43911   24.00000  2.39%  44.7  280s
 1172651 510608   23.77280   70  147   23.43911   24.00000  2.39%  44.6  285s
 1193678 517995   23.62112   68  148   23.43911   24.00000  2.39%  44.6  290s
 1215635 527622     cutoff   66        23.43911   24.00000  2.39%  44.6  295s
 1242168 538617     cutoff   52        23.43911   24.00000  2.39%  44.7  300s
 1259769 546700   23.59620   55  116   23.43911   24.00000  2.39%  44.6  305s
 1283689 557383   23.96228   54  165   23.43911   24.00000  2.39%  44.6  310s
 1311790 569494 infeasible   60        23.43911   24.00000  2.39%  44.5  315s
 1335592 579502   23.93778   40  124   23.43911   24.00000  2.39%  44.5  320s
 1361823 590492     cutoff   61        23.43911   24.00000  2.39%  44.4  325s
 1385174 600604   23.76371   49  231   23.43911   24.00000  2.39%  44.4  330s
 1405376 609041   23.63739   61  176   23.43911   24.00000  2.39%  44.5  335s
 1426175 618391     cutoff   53        23.43911   24.00000  2.39%  44.5  340s
 1450100 629492   23.50536   61  160   23.43911   24.00000  2.39%  44.6  345s
 1473887 641844   23.66104   58  127   23.43911   24.00000  2.39%  44.6  350s
 1491807 647672   23.77356   45  109   23.43911   24.00000  2.39%  44.6  355s
 1511957 655938   23.96336   51  100   23.43911   24.00000  2.39%  44.5  360s
 1528974 662359   23.78510   50  150   23.43911   24.00000  2.39%  44.5  365s
 1548944 671203   23.67559   46  172   23.43911   24.00000  2.39%  44.5  370s
 1560771 680777   23.94517   53  138   23.43911   24.00000  2.39%  44.5  376s
 1590916 686987   23.88057   51  138   23.43911   24.00000  2.39%  44.6  381s
 1608249 694718   23.58134   71  132   23.43911   24.00000  2.39%  44.6  385s
 1631926 702550 infeasible   40        23.43911   24.00000  2.39%  44.6  390s
 1653609 712486   23.68404   65  111   23.43911   24.00000  2.39%  44.6  395s
 1682042 724646 infeasible   62        23.43911   24.00000  2.39%  44.5  400s
 1696743 732037   23.65348   59   75   23.43911   24.00000  2.39%  44.4  405s
 1726158 744072   24.00000   53  139   23.43911   24.00000  2.39%  44.3  410s
 1747395 752634   23.78665   59  133   23.43911   24.00000  2.39%  44.2  415s
 1755595 756449 infeasible   61        23.43911   24.00000  2.39%  44.2  420s
 1780022 766022   23.57744   54  167   23.43911   24.00000  2.39%  44.2  425s
 1800466 775880 infeasible   49        23.43911   24.00000  2.39%  44.1  430s
H1821712 784859                      23.4391138   24.00000  2.39%  44.1  434s
 1822429 785561   23.65749   61  165   23.43911   24.00000  2.39%  44.1  435s
 1847535 796738   23.90103   52  112   23.43911   24.00000  2.39%  44.1  440s
 1872623 809355   23.93254   49  182   23.43911   24.00000  2.39%  44.1  445s
 1893098 816484   23.82358   65  163   23.43911   24.00000  2.39%  44.1  450s
 1920624 828040 infeasible   62        23.43911   24.00000  2.39%  44.1  455s
 1941668 836980   23.49734   69  119   23.43911   24.00000  2.39%  44.1  462s
 1958766 843349   23.92222   49  145   23.43911   24.00000  2.39%  44.1  465s
 1977784 852676   23.71091   48  133   23.43911   24.00000  2.39%  44.1  470s
 2004174 862725   23.82431   39  173   23.43911   24.00000  2.39%  44.1  475s
 2012955 871995   23.93935   45  131   23.43911   24.00000  2.39%  44.1  480s
 2053745 882543   23.61870   50  145   23.43911   24.00000  2.39%  44.1  485s
 2073532 892432   23.71906   65  140   23.43911   24.00000  2.39%  44.1  490s
 2095659 902648   23.70559   65  189   23.43911   24.00000  2.39%  44.1  495s
 2117643 912938   23.96962   47  123   23.43911   24.00000  2.39%  44.2  500s
 2138198 923177   23.96956   48  143   23.43911   24.00000  2.39%  44.2  505s
 2160470 931591   23.97955   68  144   23.43911   24.00000  2.39%  44.2  511s
 2181875 940891     cutoff   64        23.43911   24.00000  2.39%  44.3  515s
 2200268 947581   24.00000   61  101   23.43911   24.00000  2.39%  44.4  520s
 2222617 956851   23.55463   67  133   23.43911   24.00000  2.39%  44.5  525s
 2242833 962992     cutoff   52        23.43911   24.00000  2.39%  44.5  530s
 2261264 970809   24.00000   30  123   23.43911   24.00000  2.39%  44.6  535s
 2281191 979538   24.00000   43   97   23.43911   24.00000  2.39%  44.7  540s
 2297950 987373   24.00000   42  212   23.43911   24.00000  2.39%  44.7  545s
 2320153 998703   24.00000   41  163   23.43911   24.00000  2.39%  44.7  551s
 2341590 1005195     cutoff   65        23.43911   24.00000  2.39%  44.7  555s
 2369061 1016740     cutoff   60        23.43911   24.00000  2.39%  44.7  560s
 2397883 1029536   23.68404   59  117   23.43911   24.00000  2.39%  44.7  566s
 2412798 1035883   24.00000   48  184   23.43911   24.00000  2.39%  44.7  570s
 2438574 1047334   23.68293   45  163   23.43911   24.00000  2.39%  44.7  575s
H2441871 1047915                      23.4391138   24.00000  2.39%  44.7  575s
 2460229 1055341     cutoff   70        23.43911   24.00000  2.39%  44.6  580s
 2482631 1063450 infeasible   67        23.43911   24.00000  2.39%  44.6  585s
 2493155 1067971   24.00000   43  103   23.43911   24.00000  2.39%  44.6  590s
 2516721 1076700   23.66221   53  159   23.43911   24.00000  2.39%  44.6  595s
 2546801 1087944   23.73229   61  154   23.43911   24.00000  2.39%  44.5  600s

Cutting planes:
  Learned: 8
  Cover: 18
  Implied bound: 13
  Clique: 4
  MIR: 7
  StrongCG: 2
  Flow cover: 20
  RLT: 11
  Relax-and-lift: 5
  BQP: 4

Explored 2547146 nodes (113347191 simplex iterations) in 600.00 seconds (916.88 work units)
Thread count was 16 (of 16 available processors)

Solution count 10: 23.4391 23.4391 23.4391 ... 23.2093

Time limit reached
Best objective 2.343911379558e+01, best bound 2.400000000000e+01, gap 2.3929%
Set parameter WLSAccessID
Set parameter WLSSecret
Set parameter LicenseID to value 2409054
Read parameters from file gurobi.env
Academic license 2409054 - for non-commercial use only - registered to pi___@live.nl
Set parameter WLSAccessID
Set parameter WLSSecret
Set parameter LicenseID to value 2409054
Read parameters from file gurobi.env
Academic license 2409054 - for non-commercial use only - registered to pi___@live.nl
Set parameter OutputFlag to value 1
Warning for adding constraints: zero or small (< 1e-13) coefficients, ignored
Set parameter WLSAccessID
Set parameter WLSSecret
Set parameter LicenseID to value 2409054
Read parameters from file gurobi.env
Academic license 2409054 - for non-commercial use only - registered to pi___@live.nl
Set parameter TimeLimit to value 800
Set parameter NodeLimit to value 1073741824
Set parameter SolutionLimit to value 65535
Set parameter IntFeasTol to value 1e-06
Set parameter Method to value 3
Gurobi Optimizer version 11.0.1 build v11.0.1rc0 (linux64 - "Ubuntu 22.04.4 LTS")

CPU model: AMD Ryzen 7 5800X 8-Core Processor, instruction set [SSE2|AVX|AVX2]
Thread count: 8 physical cores, 16 logical processors, using up to 16 threads

Academic license 2409054 - for non-commercial use only - registered to pi___@live.nl
Optimize a model with 2442 rows, 1228 columns and 7188 nonzeros
Model fingerprint: 0xe0bada25
Variable types: 88 continuous, 1140 integer (966 binary)
Coefficient statistics:
  Matrix range     [3e-04, 3e+04]
  Objective range  [6e+01, 1e+03]
  Bounds range     [1e+00, 1e+03]
  RHS range        [7e-01, 1e+03]

Warning: Completing partial solution with 1124 unfixed non-continuous variables out of 1140
User MIP start did not produce a new incumbent solution

Presolve removed 440 rows and 86 columns
Presolve time: 0.02s
Presolved: 2002 rows, 1142 columns, 6376 nonzeros
Variable types: 64 continuous, 1078 integer (918 binary)
Concurrent LP optimizer: primal simplex, dual simplex, and barrier
Showing barrier log only...

Root barrier log...

Ordering time: 0.01s

Barrier performed 0 iterations in 0.06 seconds (0.08 work units)
Barrier solve interrupted - model solved by another algorithm


Solved with dual simplex
Extra simplex iterations after uncrush: 1

Root relaxation: objective 9.111630e+05, 1156 iterations, 0.01 seconds (0.02 work units)
Another try with MIP start

    Nodes    |    Current Node    |     Objective Bounds      |     Work
 Expl Unexpl |  Obj  Depth IntInf | Incumbent    BestBd   Gap | It/Node Time

     0     0 911163.019    0  142          - 911163.019      -     -    0s
     0     0 904331.048    0  276          - 904331.048      -     -    0s
     0     0 904331.048    0  277          - 904331.048      -     -    0s
     0     0 883496.141    0  368          - 883496.141      -     -    0s
     0     0 881484.840    0  329          - 881484.840      -     -    0s
     0     0 880934.003    0  349          - 880934.003      -     -    0s
     0     0 880934.003    0  307          - 880934.003      -     -    0s
     0     0 870523.719    0  349          - 870523.719      -     -    0s
     0     0 870001.825    0  340          - 870001.825      -     -    0s
     0     0 869688.624    0  323          - 869688.624      -     -    0s
     0     0 869458.771    0  319          - 869458.771      -     -    0s
     0     0 869398.686    0  320          - 869398.686      -     -    0s
     0     0 869397.136    0  343          - 869397.136      -     -    0s
     0     0 867936.722    0  365          - 867936.722      -     -    0s
     0     0 867398.474    0  370          - 867398.474      -     -    0s
     0     0 867338.561    0  358          - 867338.561      -     -    0s
     0     0 867316.933    0  347          - 867316.933      -     -    0s
     0     0 867316.933    0  345          - 867316.933      -     -    0s
     0     0 866912.706    0  334          - 866912.706      -     -    0s
     0     0 866362.780    0  336          - 866362.780      -     -    0s
     0     0 866313.948    0  364          - 866313.948      -     -    0s
     0     0 866284.181    0  357          - 866284.181      -     -    0s
     0     0 866283.698    0  363          - 866283.698      -     -    0s
     0     0 864344.520    0  368          - 864344.520      -     -    0s
     0     0 861310.717    0  379          - 861310.717      -     -    0s
     0     0 860949.111    0  401          - 860949.111      -     -    0s
     0     0 860813.154    0  398          - 860813.154      -     -    0s
     0     0 860804.304    0  395          - 860804.304      -     -    0s
     0     0 860667.759    0  416          - 860667.759      -     -    0s
     0     0 860572.109    0  382          - 860572.109      -     -    0s
     0     0 860559.041    0  380          - 860559.041      -     -    0s
     0     0 859461.331    0  348          - 859461.331      -     -    0s
     0     0 859360.736    0  366          - 859360.736      -     -    0s
     0     0 859339.648    0  403          - 859339.648      -     -    0s
     0     0 858970.100    0  339          - 858970.100      -     -    0s
     0     0 858944.151    0  352          - 858944.151      -     -    0s
     0     0 858926.844    0  388          - 858926.844      -     -    0s
     0     0 858913.287    0  318          - 858913.287      -     -    0s
     0     2 858891.076    0  315          - 858891.076      -     -    0s
  2802  1599 507845.785   41  140          - 813554.645      -  97.8    5s
  8184  2381 infeasible   37               - 712977.370      -   114   10s
 20063  7711 494509.135   39  247          - 665152.545      -   101   15s
 26661 10925 397228.630   38  250          - 645234.986      -   104   20s
 39001 17970 455897.639   42  158          - 624765.051      -   100   25s
 43066 20258 infeasible   41               - 621181.014      -  97.9   32s
 45642 22805 575267.522   30  218          - 617876.370      -   101   35s
 60125 29692 242798.923   45  228          - 609553.779      -  97.0   40s
 76071 38923 infeasible   66               - 604608.194      -  92.1   45s
 85958 46339 469011.027   49  220          - 601272.382      -  92.5   50s
 90799 48336 323838.917   56  203          - 600653.177      -  92.1   55s
 106099 56080 infeasible   53               - 596594.679      -  92.0   60s
 121044 65144 190071.457   41  217          - 593963.502      -  90.7   65s
 129753 69978 229126.152   49  134          - 591952.397      -  91.6   70s
 133736 75836 409700.479   41  175          - 591045.722      -  93.2   75s
 147410 80144 532697.827   36  282          - 588967.510      -  92.1   80s
 155016 89251 507937.509   44  180          - 587884.191      -  92.5   85s
 169967 93476 484464.000   33  226          - 586001.383      -  91.8   90s
 173333 96935 480091.658   38  245          - 585460.002      -  92.9   95s
 184160 102802 551201.173   39  277          - 584365.623      -  93.2  100s
 195031 111874 246253.518   56  202          - 583186.497      -  93.4  106s
 205594 113508 492193.383   43  232          - 582030.975      -  93.6  110s
 212893 117216 164477.796   42  234          - 581374.903      -  94.3  116s
 215955 119623 543024.672   29  262          - 580908.994      -  95.3  121s
 227036 125479 362918.173   44  244          - 579926.131      -  95.5  125s
 234443 131358 455716.632   51  179          - 579133.796      -  96.3  130s
 247436 137110 564465.935   39  225          - 577993.866      -  95.6  135s
 251603 138852 539650.194   41  276          - 577333.861      -  96.8  141s
 254011 140442 370040.970   49  190          - 576957.553      -  97.4  145s
 261218 148449 496481.921   40  250          - 576507.819      -  97.8  150s
 271727 150250 304528.343   46  199          - 575645.347      -  97.7  155s
 282730 156832 infeasible   45               - 574779.418      -  97.5  160s
 291580 161694 infeasible   44               - 574181.743      -  97.4  165s
 295532 165796 441875.567   42  199          - 573781.507      -  98.2  170s
 301631 167257 375162.182   53  207          - 573288.630      -  98.2  175s
 312720 173653 497599.935   43  340          - 572617.099      -  98.1  180s
 319228 177536 501740.866   45  242          - 572038.412      -  98.6  185s
 324699 181303 484311.709   55  262          - 571607.589      -  98.8  190s
 335144 187866 397576.838   50  202          - 570897.493      -  99.3  195s
 339687 188876 442800.821   50  218          - 570635.862      -  99.4  200s
 347631 193553 infeasible   70               - 570145.379      -  99.5  205s
 352721 199756 421226.445   39  278          - 569596.789      -   100  210s
 363722 204415 486772.304   43  318          - 568959.340      -   100  215s
 370454 210816 75482.1629   48  171          - 568634.510      -   100  220s
 380934 212223 infeasible   34               - 568041.249      -   100  225s
 385377 216393 512873.051   43  373          - 567660.881      -   101  230s
 391906 222532 400575.379   62  225          - 567304.424      -   101  235s
 403511 224336 521709.850   44  212          - 566620.593      -   101  240s
 410442 230243 518016.219   36  332          - 566207.858      -   101  245s
 420670 233530 524944.186   28  337          - 565724.773      -   101  250s
 426794 237175 563420.084   27  264          - 565497.879      -   101  255s
 432682 240917 infeasible   53               - 565134.008      -   101  260s
 444679 246931 437107.809   37  210          - 564645.979      -   101  265s
 453823 252332 infeasible   50               - 564178.347      -   101  270s
 454985 253496 450035.574   49  195          - 564120.090      -   101  275s
 459216 255213 348667.589   58  227          - 563833.116      -   101  280s
 471526 261649 518933.639   39  274          - 563213.368      -   101  285s
 478280 265908 553599.292   33  230          - 562934.967      -   101  290s
 490240 272164 354521.011   44  167          - 562327.168      -   101  295s
 496719 275797 infeasible   34               - 562025.857      -   101  300s
 502934 284148 443541.617   40  281          - 561722.900      -   102  306s
 512376 284853 infeasible   54               - 561355.669      -   101  310s
 516112 286710 infeasible   54               - 561052.352      -   102  315s
 524097 291370 417507.181   40  245          - 560648.851      -   102  321s
 534238 296527 infeasible   49               - 560235.460      -   102  325s
 541653 300550 421646.176   43  274          - 559858.190      -   102  330s
 548178 304575 484994.192   41  207          - 559580.892      -   102  335s
 557395 308946 497492.881   44  205          - 559272.072      -   102  340s
 561084 310798 infeasible   42               - 559089.603      -   102  345s
 566353 313529 297270.583   47  198          - 558700.723      -   103  350s
 578054 319762 432775.016   46  192          - 558274.366      -   103  355s
 581470 321391 167262.539   45  253          - 558044.791      -   103  360s
 590199 326578 511175.243   36  323          - 557688.654      -   103  365s
 600508 331879 infeasible   43               - 557330.551      -   103  371s
 602787 333307 261792.616   50  177          - 557160.064      -   103  375s
 607227 335349 infeasible   47               - 556919.818      -   104  380s
 614371 339786 332477.568   44  187          - 556677.348      -   104  386s
 626037 345435 infeasible   48               - 556217.959      -   104  390s
 630027 349281 488953.270   38  281          - 556016.597      -   104  395s
 643397 354415 401757.808   53  207          - 555578.445      -   104  401s
 646110 356031 505044.280   43  302          - 555357.301      -   104  405s
 650203 358082 501692.107   33  272          - 555096.428      -   104  410s
 658388 366383 281604.641   44  296          - 554704.740      -   104  416s
 667818 367726 infeasible   40               - 554426.421      -   104  420s
 675457 371833 infeasible   46               - 554137.075      -   105  425s
 679701 374762 457537.755   36  262          - 553975.779      -   105  432s
 685616 377294 infeasible   39               - 553676.479      -   105  436s
 691533 380409 288972.071   51  209          - 553350.037      -   105  441s
 699651 385071 380641.802   43  174          - 553096.575      -   105  446s
 708155 389220 infeasible   32               - 552827.460      -   105  450s
 710828 390383 471909.088   43  262          - 552657.555      -   105  455s
 718692 394529 infeasible   35               - 552344.565      -   106  460s
 728758 400144 infeasible   53               - 551943.452      -   105  465s
 732495 402345 332659.673   49  253          - 551758.571      -   106  470s
 736953 406611 512327.023   37  250          - 551544.548      -   106  475s
 743890 408476 infeasible   47               - 551274.474      -   106  481s
 755483 414152 530110.405   38  282          - 550865.787      -   106  485s
 761795 417181 427181.094   41  262          - 550685.949      -   106  490s
 764153 418877 513673.785   42  245          - 550511.795      -   106  495s
 769446 425031 499746.528   34  353          - 550246.269      -   107  500s
 779267 426673 infeasible   53               - 549951.389      -   106  505s
 786112 430602 482969.355   44  238          - 549702.109      -   106  510s
 797531 436496 407766.443   42  204          - 549334.629      -   106  515s
 804388 440443 428256.154   39  270          - 549143.945      -   106  520s
 806686 442093 423614.311   45  226          - 549012.490      -   107  525s
 818283 447644 311028.128   56  139          - 548691.731      -   106  530s
 824178 450830 397993.746   51  216          - 548518.560      -   107  535s
 831812 455120 155653.532   56  204          - 548243.785      -   107  541s
 834599 456604 257332.372   63  169          - 548144.878      -   107  546s
 846925 462678 infeasible   36               - 547751.148      -   106  550s
 850893 469067 429595.261   42  283          - 547573.246      -   107  556s
 861578 470454 infeasible   50               - 547297.445      -   107  560s
 867292 473451 521070.853   38  250          - 546989.660      -   107  565s
 874678 481153 382683.855   41  256          - 546797.686      -   107  571s
 882351 481684 277858.668   56  212          - 546645.488      -   107  575s
 885881 483503 495486.074   44  256          - 546455.505      -   107  580s
 893147 487453 389136.208   46  220          - 546219.363      -   107  585s
 897699 492941 514049.053   36  224          - 545977.581      -   107  590s
 906690 496240 199334.262   45  168          - 545741.426      -   107  595s
 912184 497457 440043.442   55  220          - 545550.578      -   107  600s
 914534 498922 infeasible   53               - 545449.911      -   107  605s
 926161 505063 192724.153   48  225          - 545134.612      -   107  610s
 932838 508573 418865.888   39  225          - 544855.248      -   107  615s
 939595 516177 438117.869   36  361          - 544649.941      -   107  621s
 949792 517730 257144.032   44  189          - 544382.363      -   107  625s
 955279 520561 infeasible   31               - 544212.194      -   107  630s
 958102 521968 452771.686   35  266          - 544097.467      -   107  635s
 968280 527278 509156.399   46  272          - 543757.720      -   107  640s
 972053 530969 393999.588   40  308          - 543615.558      -   107  645s
 980200 533682 407208.190   39  156          - 543359.677      -   107  650s
 991118 539440 430546.201   50  289          - 543010.972      -   107  655s
 994417 540929 482246.923   42  283          - 542867.011      -   107  660s
 1002209 545155 infeasible   47               - 542634.563      -   107  665s
 1011001 550006 infeasible   49               - 542349.755      -   107  670s
 1015092 552390 407639.560   39  226          - 542163.677      -   108  675s
 1023244 556353 227776.949   48  248          - 541904.202      -   108  680s
 1031791 561001 463426.729   41  286          - 541719.680      -   107  685s
 1035852 563004 infeasible   53               - 541551.072      -   108  690s
 1039718 566956 226242.974   61  186          - 541378.369      -   108  695s
 1046424 571954 480293.787   43  315          - 541156.951      -   108  700s
 1056153 573676 infeasible   50               - 540903.463      -   108  705s
 1061269 576383 325277.608   32  189          - 540789.744      -   108  710s
 1065407 578742 356795.219   41  260          - 540552.454      -   108  716s
 1075734 583810 193422.111   64  142          - 540301.450      -   108  720s
 1081858 587227 infeasible   60               - 540170.196      -   108  725s
 1086460 591117 472238.416   46  317          - 540011.641      -   108  730s
 1096584 594321 435100.572   49  164          - 539766.636      -   108  736s
 1098850 595641 infeasible   31               - 539680.013      -   108  740s
 1107022 600029 279218.912   54  235          - 539473.077      -   108  745s
 1117868 605396 432201.313   39  190          - 539191.626      -   108  750s
 1125539 611129 128505.423   53  178          - 538965.946      -   108  755s
 1139394 616858 253227.100   49  209          - 538683.383      -   108  760s
 1141661 618045 501949.356   34  262          - 538625.464      -   108  765s
 1145992 622262 508063.548   41  314          - 538458.052      -   108  770s
 1160544 628222 infeasible   55               - 538163.434      -   108  775s
 1164737 632335 490395.676   41  284          - 538002.066      -   108  780s
 1171684 634703 360144.350   45  309          - 537850.890      -   108  785s
 1176495 636610 339271.591   50  271          - 537717.567      -   108  790s
 1188258 642545 107357.597   45  157          - 537434.668      -   108  795s
 1195002 646329 308584.960   54  207          - 537290.738      -   108  800s

Cutting planes:
  Learned: 26
  Gomory: 21
  Cover: 401
  Implied bound: 59
  Projected implied bound: 1
  Clique: 15
  MIR: 197
  StrongCG: 24
  Flow cover: 486
  GUB cover: 2
  Inf proof: 10
  Zero half: 19
  RLT: 34
  Relax-and-lift: 71
  BQP: 14
  PSD: 2

Explored 1195998 nodes (128860139 simplex iterations) in 800.00 seconds (1157.63 work units)
Thread count was 16 (of 16 available processors)

Solution count 0

Time limit reached
Best objective -, best bound 5.372566559791e+05, gap -
{
    "name": "Nutrition_maximization",
    "resultConclusion": {
        "Nutrition_maximization": "FEASIBLE but Not achieved",
        "Value_maximization": "undefined"
    },
    "total_crops": 717,
    "total_space": "127.245 m2",
    "selected_crop_amounts": {
        "Eggplant": 0.0,
        "Lettuce": 3.0,
        "Okra": 52.0,
        "Potatoes": 75.0,
        "RedBellPepper": 72.0,
        "SweetPotatoes": 5.0,
        "Tomatoes": 120.0,
        "Zucchini": 0.0,
        "Eggplant2": 0.0,
        "Lettuce2": 6.0,
        "Okra2": 156.0,
        "Potatoes2": 96.0,
        "RedBellPepper2": 72.0,
        "SweetPotatoes2": 0.0,
        "Tomatoes2": 60.0,
        "Zucchini2": 0.0
    },
    "crop_crow_time_range": [
        [
            -1,
            -1
        ],
        [
            128.0,
            201.0
        ],
        [
            81.0,
            141.0
        ],
        [
            1.0,
            81.0
        ],
        [
            1.0,
            71.0
        ],
        [
            1.0,
            106.0
        ],
        [
            201.0,
            281.0
        ],
        [
            -1,
            -1
        ],
        [
            -1,
            -1
        ],
        [
            281.0,
            354.0
        ],
        [
            141.0,
            201.0
        ],
        [
            285.0,
            365.0
        ],
        [
            71.0,
            141.0
        ],
        [
            -1,
            -1
        ],
        [
            281.0,
            361.0
        ],
        [
            -1,
            -1
        ]
    ],
    "space_by_crop_type": {
        "Eggplant": "0.0 m2",
        "Lettuce": "0.675 m2",
        "Okra": "7.8 m2",
        "Potatoes": "9.0 m2",
        "RedBellPepper": "16.2 m2",
        "SweetPotatoes": "0.6 m2",
        "Tomatoes": "27.0 m2",
        "Zucchini": "0.0 m2",
        "Eggplant2": "0.0 m2",
        "Lettuce2": "1.35 m2",
        "Okra2": "23.4 m2",
        "Potatoes2": "11.52 m2",
        "RedBellPepper2": "16.2 m2",
        "SweetPotatoes2": "0.0 m2",
        "Tomatoes2": "13.5 m2",
        "Zucchini2": "0.0 m2"
    },
    "yield_by_crop_type": {
        "Eggplant": "0.0 g",
        "Lettuce": "2700.0 g",
        "Okra": "78000.0 g",
        "Potatoes": "373500.0 g",
        "RedBellPepper": "115200.0 g",
        "SweetPotatoes": "11250.0 g",
        "Tomatoes": "156000.0 g",
        "Zucchini": "0.0 g",
        "Eggplant2": "0.0 g",
        "Lettuce2": "5400.0 g",
        "Okra2": "234000.0 g",
        "Potatoes2": "478080.0 g",
        "RedBellPepper2": "115200.0 g",
        "SweetPotatoes2": "0.0 g",
        "Tomatoes2": "78000.0 g",
        "Zucchini2": "0.0 g"
    },
    "value_by_crop_type": {
        "Eggplant": 0.0,
        "Lettuce": 0.0,
        "Okra": 0.0,
        "Potatoes": 0.0,
        "RedBellPepper": 0.0,
        "SweetPotatoes": 0.0,
        "Tomatoes": 0.0,
        "Zucchini": 0.0,
        "Eggplant2": 0.0,
        "Lettuce2": 0.0,
        "Okra2": 0.0,
        "Potatoes2": 0.0,
        "RedBellPepper2": 0.0,
        "SweetPotatoes2": 0.0,
        "Tomatoes2": 0.0,
        "Zucchini2": 0.0
    },
    "nutrition_required_per_period": {
        "A": 0.08516666666666667,
        "B1": 0.13383333333333333,
        "C": 5.4750000000000005,
        "Carbohydrates": 28591.666666666668,
        "E": 1.825,
        "Iron": 2.1900000000000004,
        "Protein": 5596.666666666667,
        "Zinc": 0.9733333333333333
    },
    "nutrition_produced_per_period": {
        "0": {
            "A": 3.8783114999999997,
            "B1": 0.48658500000000005,
            "C": 238.99500000000003,
            "Carbohydrates": 308184.03,
            "E": 1.82016,
            "Iron": 1.638675,
            "Protein": 36744.3,
            "Zinc": 1.3868999999999998
        },
        "1": {
            "A": 0.297666,
            "B1": 0.688899,
            "C": 235.4439,
            "Carbohydrates": 28680.690000000002,
            "E": 1.82502,
            "Iron": 2.37108,
            "Protein": 7001.25,
            "Zinc": 2.0454000000000003
        },
        "2": {
            "A": 4.701592799999999,
            "B1": 0.6168798000000001,
            "C": 126.66348,
            "Carbohydrates": 396491.22000000003,
            "E": 1.27332,
            "Iron": 2.180808,
            "Protein": 47596.50000000001,
            "Zinc": 1.84284
        }
    },
    "nutrition_deficit_per_period": {
        "0": {
            "A": -3.793144833333333,
            "B1": -0.3527516666666667,
            "C": -233.52000000000004,
            "Carbohydrates": -279592.36333333334,
            "E": 0.0048399999999999554,
            "Iron": 0.5513250000000003,
            "Protein": -31147.633333333335,
            "Zinc": -0.4135666666666665
        },
        "1": {
            "A": -0.21249933333333332,
            "B1": -0.5550656666666667,
            "C": -229.96890000000002,
            "Carbohydrates": -89.02333333333445,
            "E": -2.0000000000131024e-05,
            "Iron": -0.18107999999999969,
            "Protein": -1404.583333333333,
            "Zinc": -1.0720666666666672
        },
        "2": {
            "A": -4.6164261333333325,
            "B1": -0.48304646666666673,
            "C": -121.18848000000001,
            "Carbohydrates": -367899.55333333334,
            "E": 0.55168,
            "Iron": 0.009192000000000533,
            "Protein": -41999.83333333334,
            "Zinc": -0.8695066666666668
        }
    }
}
