
[32m16:16:41[0m | [1mINFO    [0m | - [1mParsing problem definition from config files[0m


[32m16:16:41[0m | [1mINFO    [0m | - [1mRunning solver of type NUTRITION_AND_MARKET_VALUE[0m

16:16:41 |              Building model
Set parameter WLSAccessID
Set parameter WLSSecret
Set parameter LicenseID to value 2409054
Read parameters from file gurobi.env
Academic license 2409054 - for non-commercial use only - registered to pi___@live.nl
Set parameter WLSAccessID
Set parameter WLSSecret
Set parameter LicenseID to value 2409054
Read parameters from file gurobi.env
Academic license 2409054 - for non-commercial use only - registered to pi___@live.nl

--------------------
16:16:41 | START    | - RUNNING Nutrition_maximization model
--------------------
[32m16:16:41[0m | [31m[1mERROR   [0m | - [31m[1mwidth: 400.0 Height: 500.0[0m
[32m16:16:41[0m | [31m[1mERROR   [0m | - [31m[1mless 20[0m
[32m16:16:41[0m | [31m[1mERROR   [0m | - [31m[1mless 80[0m
[32m16:16:41[0m | [31m[1mERROR   [0m | - [31m[1mless 120[0m
[32m16:16:41[0m | [31m[1mERROR   [0m | - [31m[1mless 154[0m
[32m16:16:41[0m | [31m[1mERROR   [0m | - [31m[1mless 80[0m
[32m16:16:41[0m | [31m[1mERROR   [0m | - [31m[1mless 154[0m
[32m16:16:41[0m | [31m[1mERROR   [0m | - [31m[1mless 80[0m
[32m16:16:41[0m | [31m[1mERROR   [0m | - [31m[1mless 56[0m
[32m16:16:41[0m | [31m[1mERROR   [0m | - [31m[1mless 20[0m
[32m16:16:41[0m | [31m[1mERROR   [0m | - [31m[1mless 80[0m
[32m16:16:41[0m | [31m[1mERROR   [0m | - [31m[1mless 120[0m
[32m16:16:41[0m | [31m[1mERROR   [0m | - [31m[1mless 154[0m
[32m16:16:41[0m | [31m[1mERROR   [0m | - [31m[1mless 80[0m
[32m16:16:41[0m | [31m[1mERROR   [0m | - [31m[1mless 154[0m
[32m16:16:41[0m | [31m[1mERROR   [0m | - [31m[1mless 80[0m
[32m16:16:41[0m | [31m[1mERROR   [0m | - [31m[1mless 56[0m
16:26:41 |              Solution status: OptimizationStatus.FEASIBLE
16:26:41 |              Objective (Minimization nutrient shortage) value: 7.669518197845925   Optimality gap: 4.31%
16:26:41 |              {'Eggplant': 0.0, 'Lettuce': 0.0, 'Okra': 108.0, 'Potatoes': 143.0, 'RedBellPepper': 80.0, 'SweetPotatoes': 0.0, 'Tomatoes': 0.0, 'Zucchini': 0.0, 'Eggplant2': 0.0, 'Lettuce2': 0.0, 'Okra2': 0.0, 'Potatoes2': 130.0, 'RedBellPepper2': 80.0, 'SweetPotatoes2': 0.0, 'Tomatoes2': 0.0, 'Zucchini2': 0.0}
16:26:41 |              
[32m16:26:41[0m | [33m[1mWARNING [0m | - [33m[1mTIMEOUT for running nutrition optimization[0m
[32m16:26:41[0m | [33m[1mWARNING [0m | - [33m[1mFull nutrition not feasible[0m
[32m16:26:42[0m | [32m[1mSUCCESS [0m | - [32m[1mRuntime model Nutrition_maximization: 10 minutes and 1.31 seconds[0m
16:26:42 | END      | 
--------------------


[32m16:26:42[0m | [33m[1mWARNING [0m | - [33m[1mFull nutrition was not achieved[0m

[32m16:26:42[0m | [1mINFO    [0m | - [1m[32mSkipping value opt[0m[1m, valueOptAfterNutri=FALSE[0m


[32m16:26:43[0m | [1mINFO    [0m | - [1mModel results saved to folder: TestScenarios/Nutri/8crops-8nutri-4x5/1p/output/24-04-29 16:16:41[0m

{
    "name": "Nutrition_maximization",
    "resultConclusion": {
        "Nutrition_maximization": "FEASIBLE but Not achieved",
        "Value_maximization": "undefined"
    },
    "total_crops": 541,
    "total_space": "84.96 m2",
    "selected_crop_amounts": {
        "Eggplant": 0.0,
        "Lettuce": 0.0,
        "Okra": 108.0,
        "Potatoes": 143.0,
        "RedBellPepper": 80.0,
        "SweetPotatoes": 0.0,
        "Tomatoes": 0.0,
        "Zucchini": 0.0,
        "Eggplant2": 0.0,
        "Lettuce2": 0.0,
        "Okra2": 0.0,
        "Potatoes2": 130.0,
        "RedBellPepper2": 80.0,
        "SweetPotatoes2": 0.0,
        "Tomatoes2": 0.0,
        "Zucchini2": 0.0
    },
    "crop_crow_time_range": [
        [
            -1,
            -1
        ],
        [
            -1,
            -1
        ],
        [
            85.0,
            145.0
        ],
        [
            5.0,
            85.0
        ],
        [
            145.0,
            215.0
        ],
        [
            -1,
            -1
        ],
        [
            -1,
            -1
        ],
        [
            -1,
            -1
        ],
        [
            -1,
            -1
        ],
        [
            -1,
            -1
        ],
        [
            -1,
            -1
        ],
        [
            285.0,
            365.0
        ],
        [
            215.0,
            285.0
        ],
        [
            -1,
            -1
        ],
        [
            -1,
            -1
        ],
        [
            -1,
            -1
        ]
    ],
    "space_by_crop_type": {
        "Eggplant": "0.0 m2",
        "Lettuce": "0.0 m2",
        "Okra": "16.2 m2",
        "Potatoes": "17.16 m2",
        "RedBellPepper": "18.0 m2",
        "SweetPotatoes": "0.0 m2",
        "Tomatoes": "0.0 m2",
        "Zucchini": "0.0 m2",
        "Eggplant2": "0.0 m2",
        "Lettuce2": "0.0 m2",
        "Okra2": "0.0 m2",
        "Potatoes2": "15.6 m2",
        "RedBellPepper2": "18.0 m2",
        "SweetPotatoes2": "0.0 m2",
        "Tomatoes2": "0.0 m2",
        "Zucchini2": "0.0 m2"
    },
    "yield_by_crop_type": {
        "Eggplant": "0.0 g",
        "Lettuce": "0.0 g",
        "Okra": "162000.0 g",
        "Potatoes": "712140.0 g",
        "RedBellPepper": "128000.0 g",
        "SweetPotatoes": "0.0 g",
        "Tomatoes": "0.0 g",
        "Zucchini": "0.0 g",
        "Eggplant2": "0.0 g",
        "Lettuce2": "0.0 g",
        "Okra2": "0.0 g",
        "Potatoes2": "647400.0 g",
        "RedBellPepper2": "128000.0 g",
        "SweetPotatoes2": "0.0 g",
        "Tomatoes2": "0.0 g",
        "Zucchini2": "0.0 g"
    },
    "value_by_crop_type": {
        "Eggplant": 0.0,
        "Lettuce": 0.0,
        "Okra": 0.0,
        "Potatoes": 0.0,
        "RedBellPepper": 0.0,
        "SweetPotatoes": 0.0,
        "Tomatoes": 0.0,
        "Zucchini": 0.0,
        "Eggplant2": 0.0,
        "Lettuce2": 0.0,
        "Okra2": 0.0,
        "Potatoes2": 0.0,
        "RedBellPepper2": 0.0,
        "SweetPotatoes2": 0.0,
        "Tomatoes2": 0.0,
        "Zucchini2": 0.0
    },
    "nutrition_required_per_period": {
        "A": 0.2555,
        "B1": 0.4015,
        "C": 16.425,
        "Carbohydrates": 85775.0,
        "E": 5.475,
        "Iron": 6.570000000000001,
        "Protein": 16790.0,
        "Zinc": 2.92
    },
    "nutrition_produced_per_period": {
        "0": {
            "A": 13.5254194,
            "B1": 1.960294,
            "C": 667.2498400000001,
            "Carbohydrates": 1125190.9999999998,
            "E": 4.0448,
            "Iron": 6.114974,
            "Protein": 134538.3,
            "Zinc": 5.53022
        }
    },
    "nutrition_deficit_per_period": {
        "0": {
            "A": -13.269919400000001,
            "B1": -1.558794,
            "C": -650.8248400000001,
            "Carbohydrates": -1039415.9999999998,
            "E": 1.4301999999999992,
            "Iron": 0.45502600000000104,
            "Protein": -117748.29999999999,
            "Zinc": -2.61022
        }
    }
}
