Set parameter WLSAccessID
Set parameter WLSSecret
Set parameter LicenseID to value 2409054
Read parameters from file gurobi.env
Academic license 2409054 - for non-commercial use only - registered to pi___@live.nl
Set parameter WLSAccessID
Set parameter WLSSecret
Set parameter LicenseID to value 2409054
Read parameters from file gurobi.env
Academic license 2409054 - for non-commercial use only - registered to pi___@live.nl
Set parameter OutputFlag to value 1
Warning for adding constraints: zero or small (< 1e-13) coefficients, ignored
Set parameter TimeLimit to value 600
Set parameter NodeLimit to value 1073741824
Set parameter SolutionLimit to value 65535
Set parameter IntFeasTol to value 1e-06
Set parameter Method to value 3
Gurobi Optimizer version 11.0.1 build v11.0.1rc0 (linux64 - "Ubuntu 22.04.4 LTS")

CPU model: AMD Ryzen 7 5800X 8-Core Processor, instruction set [SSE2|AVX|AVX2]
Thread count: 8 physical cores, 16 logical processors, using up to 16 threads

Academic license 2409054 - for non-commercial use only - registered to pi___@live.nl
Optimize a model with 2210 rows, 1148 columns and 6496 nonzeros
Model fingerprint: 0x7afcd02b
Variable types: 72 continuous, 1076 integer (934 binary)
Coefficient statistics:
  Matrix range     [3e-04, 9e+04]
  Objective range  [1e+00, 1e+00]
  Bounds range     [1e+00, 1e+03]
  RHS range        [1e+00, 1e+03]
Presolve removed 252 rows and 56 columns
Presolve time: 0.01s
Presolved: 1958 rows, 1092 columns, 6089 nonzeros
Variable types: 72 continuous, 1020 integer (910 binary)
Found heuristic solution: objective 6.0031969
Concurrent LP optimizer: primal simplex, dual simplex, and barrier
Showing barrier log only...

Root barrier log...

Ordering time: 0.01s

Barrier performed 0 iterations in 0.03 seconds (0.04 work units)
Barrier solve interrupted - model solved by another algorithm


Solved with dual simplex

Root relaxation: objective 8.000000e+00, 907 iterations, 0.02 seconds (0.01 work units)

    Nodes    |    Current Node    |     Objective Bounds      |     Work
 Expl Unexpl |  Obj  Depth IntInf | Incumbent    BestBd   Gap | It/Node Time

     0     0    8.00000    0   16    6.00320    8.00000  33.3%     -    0s
H    0     0                       6.0623825    8.00000  32.0%     -    0s
H    0     0                       6.5657172    8.00000  21.8%     -    0s
H    0     0                       6.7337543    8.00000  18.8%     -    0s
H    0     0                       7.0113936    8.00000  14.1%     -    0s
     0     0    8.00000    0   33    7.01139    8.00000  14.1%     -    0s
H    0     0                       7.5066037    8.00000  6.57%     -    0s
H    0     0                       7.9592475    8.00000  0.51%     -    0s
     0     0    8.00000    0   27    7.95925    8.00000  0.51%     -    0s
H    0     0                       7.9973479    8.00000  0.03%     -    0s
H    0     0                       8.0000000    8.00000  0.00%     -    0s
     0     0    8.00000    0    9    8.00000    8.00000  0.00%     -    0s

Cutting planes:
  Gomory: 14
  Cover: 5
  Implied bound: 7
  MIR: 28
  StrongCG: 4
  Flow cover: 2
  Mod-K: 1
  RLT: 5
  Relax-and-lift: 1
  BQP: 1

Explored 1 nodes (1613 simplex iterations) in 0.08 seconds (0.09 work units)
Thread count was 16 (of 16 available processors)

Solution count 9: 8 7.99735 7.95925 ... 6.0032

Optimal solution found (tolerance 1.00e-04)
Best objective 8.000000000000e+00, best bound 8.000000000000e+00, gap 0.0000%
Set parameter WLSAccessID
Set parameter WLSSecret
Set parameter LicenseID to value 2409054
Read parameters from file gurobi.env
Academic license 2409054 - for non-commercial use only - registered to pi___@live.nl
Set parameter WLSAccessID
Set parameter WLSSecret
Set parameter LicenseID to value 2409054
Read parameters from file gurobi.env
Academic license 2409054 - for non-commercial use only - registered to pi___@live.nl
Set parameter OutputFlag to value 1
Warning for adding constraints: zero or small (< 1e-13) coefficients, ignored
Set parameter WLSAccessID
Set parameter WLSSecret
Set parameter LicenseID to value 2409054
Read parameters from file gurobi.env
Academic license 2409054 - for non-commercial use only - registered to pi___@live.nl
Set parameter TimeLimit to value 800
Set parameter NodeLimit to value 1073741824
Set parameter SolutionLimit to value 65535
Set parameter IntFeasTol to value 1e-06
Set parameter Method to value 3
Gurobi Optimizer version 11.0.1 build v11.0.1rc0 (linux64 - "Ubuntu 22.04.4 LTS")

CPU model: AMD Ryzen 7 5800X 8-Core Processor, instruction set [SSE2|AVX|AVX2]
Thread count: 8 physical cores, 16 logical processors, using up to 16 threads

Academic license 2409054 - for non-commercial use only - registered to pi___@live.nl
Optimize a model with 2210 rows, 1148 columns and 6496 nonzeros
Model fingerprint: 0x36b42705
Variable types: 72 continuous, 1076 integer (934 binary)
Coefficient statistics:
  Matrix range     [3e-04, 9e+04]
  Objective range  [6e+01, 1e+03]
  Bounds range     [1e+00, 1e+03]
  RHS range        [1e+00, 1e+03]

Warning: Completing partial solution with 1060 unfixed non-continuous variables out of 1076
User MIP start produced solution with objective 240 (0.03s)
Loaded user MIP start with objective 240

Presolve removed 262 rows and 49 columns
Presolve time: 0.01s
Presolved: 1948 rows, 1099 columns, 6068 nonzeros
Variable types: 64 continuous, 1035 integer (909 binary)
Concurrent LP optimizer: primal simplex, dual simplex, and barrier
Showing barrier log only...

Root barrier log...

Ordering time: 0.02s

Barrier performed 0 iterations in 0.06 seconds (0.08 work units)
Barrier solve interrupted - model solved by another algorithm


Solved with dual simplex

Root relaxation: objective 8.997451e+05, 1013 iterations, 0.02 seconds (0.01 work units)

    Nodes    |    Current Node    |     Objective Bounds      |     Work
 Expl Unexpl |  Obj  Depth IntInf | Incumbent    BestBd   Gap | It/Node Time

     0     0 899745.088    0   95  240.00000 899745.088      -     -    0s
H    0     0                    12192.000000 899745.088  7280%     -    0s
H    0     0                    16434.000000 899745.088  5375%     -    0s
     0     0 898998.891    0  192 16434.0000 898998.891  5370%     -    0s
H    0     0                    27052.000000 885141.802  3172%     -    0s
     0     0 885141.802    0  168 27052.0000 885141.802  3172%     -    0s
     0     0 879552.711    0  255 27052.0000 879552.711  3151%     -    0s
     0     0 877100.435    0  223 27052.0000 877100.435  3142%     -    0s
     0     0 875952.711    0  216 27052.0000 875952.711  3138%     -    0s
     0     0 873347.256    0  234 27052.0000 873347.256  3128%     -    0s
     0     0 872352.711    0  122 27052.0000 872352.711  3125%     -    0s
     0     2 872352.711    0   98 27052.0000 872352.711  3125%     -    0s
H   33    37                    37430.000000 872352.711  2231%   266    0s
H  177   158                    71952.000000 872352.711  1112%  80.8    0s
H  219   216                    79571.000000 872352.711   996%  66.6    0s
H  220   216                    82170.000000 872352.711   962%  66.3    0s
H 4499  4394                    98604.000000 872352.711   785%   9.8    0s
H 4501  4394                    105060.00000 872352.711   730%   9.8    0s
H 4503  4394                    106074.00000 872352.711   722%   9.8    0s
H 4504  4394                    117012.00000 872352.711   646%   9.8    0s
H 4506  4394                    122508.00000 872352.711   612%   9.8    0s
H 4960  4848                    124002.00000 872352.711   603%   9.6    1s
H 5456  4989                    145398.00000 872352.711   500%  21.2    3s
  5923  5272 infeasible   36      145398.000 870063.912   498%  26.5    5s
H 5977  5055                    277350.00000 870063.912   214%  27.4    6s
 12781  7948 infeasible   58      277350.000 863855.238   211%  55.0   10s
H20050 10821                    288342.00000 859036.786   198%  58.5   13s
 22816 14338 819246.630   33  233 288342.000 858952.633   198%  56.1   15s
 40059 27338 791509.580   35  103 288342.000 856939.744   197%  45.8   20s
 41625 28091 687589.032   80  258 288342.000 854542.693   196%  46.5   25s
 41660 28114 837065.623   52  328 288342.000 853764.233   196%  46.4   30s
 41692 28136 815362.640  204  352 288342.000 853513.256   196%  46.4   35s
 41724 28157 776214.197   29  367 288342.000 853513.256   196%  46.4   40s
 41755 28178 471124.657  252  306 288342.000 853455.813   196%  46.3   45s
 41787 28199 491696.391  458  301 288342.000 853116.891   196%  46.3   50s
 41956 28320 715958.066   29  140 288342.000 852796.988   196%  54.0   55s
 42944 28854 342964.170  117  117 288342.000 852796.988   196%  57.2   60s
 44212 29421 518658.774   70  175 288342.000 851997.945   195%  62.2   65s
 46049 30019 850360.378   30  341 288342.000 851204.206   195%  68.0   70s
 48169 30603 558425.844   32  437 288342.000 850195.699   195%  73.4   75s
 48760 30933 527874.092   40  268 288342.000 850195.699   195%  75.3   80s
 51144 31445 848697.761   37  296 288342.000 849924.558   195%  81.1   85s
 52747 31391     cutoff   58      288342.000 849077.177   194%  87.4   90s
 53915 31821 847907.380   41  359 288342.000 847907.380   194%  92.5   95s
 56329 32445 443903.625   45  228 288342.000 846397.391   194%  98.1  100s
 61129 34433 843440.838   35  346 288342.000 846121.703   193%   103  106s
 63914 34379 377767.158  129  127 288342.000 846119.418   193%   105  110s
 65916 35051 813084.044   39  351 288342.000 845918.169   193%   111  116s
 68948 36027 555708.707   59  156 288342.000 845878.281   193%   115  121s
 71842 36274 827805.830   40  352 288342.000 845668.481   193%   118  126s
 74640 37393 824649.600   38  324 288342.000 845327.528   193%   122  131s
 78533 38315 841965.050   33  190 288342.000 845014.672   193%   124  137s
 80063 38943 814302.133   37  241 288342.000 844903.509   193%   126  140s
 83601 39391 838553.216   43  348 288342.000 844506.780   193%   129  146s
 87096 40233 839555.521   39  353 288342.000 844327.507   193%   132  153s
 88816 40466 infeasible   39      288342.000 844137.475   193%   134  156s
 90382 40309 788981.263   35  230 288342.000 844033.713   193%   136  162s
 90879 41239 infeasible   61      288342.000 843975.735   193%   136  166s
 92992 42171 800214.695   41  301 288342.000 843795.982   193%   138  170s
 97144 42150 infeasible   46      288342.000 843775.272   193%   143  178s
 98849 42439 843763.332   39  375 288342.000 843775.272   193%   145  183s
 100657 43231 infeasible   69      288342.000 843775.272   193%   148  188s
 103109 43968 830163.043   42  230 288342.000 843769.917   193%   149  192s
 105812 43229 843161.996  100  332 288342.000 843765.022   193%   150  199s
 106299 44469 infeasible  107      288342.000 843765.022   193%   151  216s
 110839 44910 842411.910  124  291 288342.000 843759.268   193%   166  224s
 114706 44870 821665.657   94  267 288342.000 843758.157   193%   169  230s
 117812 44149 811094.507   91  289 288342.000 843679.292   193%   170  237s
 118775 45165 infeasible   92      288342.000 843629.871   193%   172  243s
 121386 45056 infeasible   85      288342.000 843445.168   193%   174  247s
 123748 45234 834665.191   67  247 288342.000 843420.943   193%   176  252s
 125875 45459 761653.730   44  394 288342.000 843357.354   192%   177  258s
 128072 45604 821749.125  103  227 288342.000 843316.290   192%   179  261s
 129035 47033 843039.413  151  294 288342.000 843283.233   192%   181  270s
 132089 47562 825122.377  154  320 288342.000 843233.156   192%   184  276s
 133717 48918 646068.872  102  276 288342.000 843227.885   192%   187  282s
 136238 49463 841463.308   54  322 288342.000 843218.214   192%   189  287s
 137795 50140 842182.203   34  372 288342.000 843183.725   192%   191  293s
 139894 51826 561027.551  122  236 288342.000 843181.846   192%   193  298s
 143046 53339 501669.267  103  174 288342.000 843120.025   192%   193  304s
 146449 53624 821213.161   43  358 288342.000 843120.025   192%   194  308s
 147158 54069 infeasible   89      288342.000 843119.477   192%   196  312s
 148365 55085 462430.957   52  185 288342.000 843064.071   192%   198  317s
 150293 55744 835150.339  138  384 288342.000 843010.908   192%   199  321s
 151561 58377 792619.366  149  249 288342.000 842983.808   192%   200  328s
 155920 59195 651299.918   56  237 288342.000 842969.485   192%   199  331s
 157377 59562 818706.462  142  356 288342.000 842944.437   192%   200  335s
 158164 60369 812396.635   62  342 288342.000 842927.787   192%   201  340s
 162648 61873 infeasible   69      288342.000 842868.146   192%   200  348s
 163520 63509 817600.569  137  262 288342.000 842868.146   192%   201  352s
 166702 64734 648998.713   99  185 288342.000 842847.683   192%   200  356s
 168814 65202 706401.127   68  180 288342.000 842825.450   192%   200  360s
 170690 67103 804410.454   81  339 288342.000 842767.956   192%   202  370s
 174173 69693 717020.891  151  268 288342.000 842704.384   192%   204  380s
 177212 69934 infeasible  134      288342.000 842653.726   192%   204  400s
 177742 71114 839415.302   37  415 288342.000 842639.908   192%   204  406s
 179832 72059 841659.498   39  280 288342.000 842584.042   192%   205  411s
 181912 72913 infeasible   60      288342.000 842531.848   192%   206  417s
 183572 73332 783568.764   55  289 288342.000 842506.630   192%   207  428s
 184357 73820 775497.873   71  264 288342.000 842501.596   192%   207  434s
 185502 74777 814534.334   82  318 288342.000 842462.373   192%   208  440s
 187517 75892 infeasible  149      288342.000 842421.342   192%   209  446s
 189474 77315 804667.660   44  216 288342.000 842385.964   192%   209  452s
 192404 78581     cutoff  349      288342.000 842329.454   192%   209  458s
 194726 79495 816942.152   57  350 288342.000 842252.854   192%   209  462s
 196623 80347 infeasible   65      288342.000 842208.294   192%   209  466s
 198426 80880 699676.834   50  266 288342.000 842128.964   192%   210  471s
 199747 82515 infeasible  123      288342.000 842099.400   192%   211  476s
 202271 83842 466695.658  168  104 288342.000 842080.813   192%   210  481s
 204530 84860     cutoff  119      288342.000 842064.637   192%   210  485s
 206681 86193 795200.665  105  387 288342.000 842007.583   192%   210  490s
 210742 87510 720702.951   93  278 288342.000 841934.688   192%   211  497s
 212511 88147 785730.009   37  258 288342.000 841898.210   192%   211  502s
 213946 88830 820341.245  105  358 288342.000 841877.279   192%   212  506s
 215294 89392 784907.449   40  184 288342.000 841832.376   192%   212  511s
 216572 90894 840429.558   35  419 288342.000 841807.276   192%   213  517s
 219423 92272 816735.120   43  329 288342.000 841736.847   192%   214  521s
 221690 93690 841090.841   36  346 288342.000 841684.000   192%   213  527s
 224266 95030 838470.341   41  348 288342.000 841646.122   192%   213  531s
 227000 95639 717532.495   57  185 288342.000 841617.838   192%   213  535s
 228476 96371 527724.915   56  181 288342.000 841545.656   192%   213  540s
 231765 98147 infeasible  237      288342.000 841475.262   192%   214  548s
 233500 99546 655805.435  109  244 288342.000 841475.058   192%   214  553s
 236395 101002 837123.230   54  432 288342.000 841475.058   192%   214  557s
 239124 102032 837388.712   36  323 288342.000 841450.716   192%   213  560s
 242233 103252 infeasible   49      288342.000 841341.214   192%   213  567s
 243168 104272 767550.918   40  141 288342.000 841290.063   192%   213  571s
 246332 106119 821487.425   37  295 288342.000 841233.558   192%   214  578s
 247995 106986 827530.789   36  364 288342.000 841211.554   192%   213  582s
 249736 107837 835070.929  135  331 288342.000 841167.807   192%   214  586s
 251460 108519 353147.759   41  186 288342.000 841139.190   192%   214  591s
 253003 109032 infeasible   51      288342.000 841098.679   192%   214  595s
 254132 109340 796420.232  151  355 288342.000 841071.213   192%   215  601s
 254890 110681 769824.794  150  261 288342.000 841065.872   192%   215  606s
 257543 112118 793807.976   90  244 288342.000 841003.837   192%   215  610s
 261578 113736 825892.406   37  279 288342.000 840957.403   192%   214  617s
 263234 114285 729957.743  130  297 288342.000 840923.221   192%   214  622s
 264556 115349 775679.811   57  276 288342.000 840905.303   192%   215  626s
 266397 116037 840280.523   38  338 288342.000 840866.790   192%   215  630s
 269245 117827 820511.648   41  381 288342.000 840795.390   192%   215  639s
 271440 118561 839731.241  104  398 288342.000 840769.621   192%   215  643s
 273420 119436 507757.854   37  196 288342.000 840720.654   192%   215  647s
 275112 119759 833079.162  118  310 288342.000 840696.661   192%   215  652s
 275810 120953 834676.704   35  356 288342.000 840675.934   192%   215  657s
 277947 121824 815904.299   40  220 288342.000 840649.318   192%   215  661s
 279445 122981 405793.934  226   71 288342.000 840632.416   192%   216  666s
 281505 123885 infeasible   41      288342.000 840579.864   192%   216  673s
 283508 125339 678317.633   52  224 288342.000 840529.018   192%   216  678s
 286246 127008 830248.455   91  281 288342.000 840505.318   191%   216  683s
 288977 127320 835507.850   35  369 288342.000 840464.897   191%   216  688s
 289661 127518 809921.330   36  168 288342.000 840449.216   191%   216  693s
 290526 128312 743707.430  114  240 288342.000 840444.251   191%   217  699s
 292094 128954 810825.360   38  326 288342.000 840413.689   191%   218  704s
 293518 130607 839472.418  166  259 288342.000 840404.015   191%   218  711s
 296874 131583 502169.677  191  131 288342.000 840402.598   191%   218  717s
 299027 132078 815429.192   43  320 288342.000 840377.953   191%   218  722s
 300078 134198 infeasible  160      288342.000 840366.754   191%   218  730s
 305851 135909 599092.010   41  175 288342.000 840278.673   191%   218  739s
 307329 136813     cutoff  107      288342.000 840221.156   191%   219  744s
 309101 137587 586691.807   60  303 288342.000 840159.134   191%   219  749s
 310525 138484 786043.940   73  170 288342.000 840095.005   191%   219  753s
 312757 138708 832658.553   64  383 288342.000 840039.952   191%   219  759s
 313336 139820 830912.347   65  333 288342.000 840038.555   191%   219  766s
 315538 140862 794841.336   50  237 288342.000 839986.219   191%   220  771s
 317589 142455 838865.889   38  283 288342.000 839947.888   191%   220  776s
 320351 143480 811363.687   43  260 288342.000 839909.978   191%   219  782s
 322781 144048 839850.063  178  301 288342.000 839888.280   191%   219  786s
 324145 145211 819006.699   65  269 288342.000 839876.184   191%   219  790s
 326952 146795 infeasible   90      288342.000 839850.063   191%   220  799s
 328695 147129 632718.763   42  282 288342.000 839828.933   191%   220  800s

Cutting planes:
  Learned: 27
  Gomory: 154
  Cover: 1396
  Implied bound: 230
  Clique: 44
  MIR: 1840
  Mixing: 74
  StrongCG: 147
  Flow cover: 3877
  GUB cover: 5
  Inf proof: 185
  Zero half: 52
  RLT: 32
  Relax-and-lift: 153
  BQP: 10
  PSD: 4

Explored 329226 nodes (72357810 simplex iterations) in 800.00 seconds (1400.84 work units)
Thread count was 16 (of 16 available processors)

Solution count 10: 288342 277350 145398 ... 82170

Time limit reached
Best objective 2.883420000000e+05, best bound 8.398289332008e+05, gap 191.2614%
{
    "name": "Value_maximization",
    "resultConclusion": {
        "Nutrition_maximization": "OPTIMAL",
        "Value_maximization": "FEASIBLE"
    },
    "total_crops": 840,
    "total_space": "130.02 m2",
    "selected_crop_amounts": {
        "Eggplant": 0.0,
        "Lettuce": 0.0,
        "Okra": 24.0,
        "Potatoes": 208.0,
        "RedBellPepper": 100.0,
        "SweetPotatoes": 0.0,
        "Tomatoes": 0.0,
        "Zucchini": 0.0,
        "Eggplant2": 0.0,
        "Lettuce2": 0.0,
        "Okra2": 180.0,
        "Potatoes2": 208.0,
        "RedBellPepper2": 120.0,
        "SweetPotatoes2": 0.0,
        "Tomatoes2": 0.0,
        "Zucchini2": 0.0
    },
    "crop_crow_time_range": [
        [
            -1,
            -1
        ],
        [
            -1,
            -1
        ],
        [
            82.0,
            142.0
        ],
        [
            1.0,
            81.0
        ],
        [
            82.0,
            152.0
        ],
        [
            -1,
            -1
        ],
        [
            -1,
            -1
        ],
        [
            -1,
            -1
        ],
        [
            -1,
            -1
        ],
        [
            -1,
            -1
        ],
        [
            155.0,
            215.0
        ],
        [
            285.0,
            365.0
        ],
        [
            215.0,
            285.0
        ],
        [
            -1,
            -1
        ],
        [
            -1,
            -1
        ],
        [
            -1,
            -1
        ]
    ],
    "space_by_crop_type": {
        "Eggplant": "0.0 m2",
        "Lettuce": "0.0 m2",
        "Okra": "3.5999999999999996 m2",
        "Potatoes": "24.96 m2",
        "RedBellPepper": "22.5 m2",
        "SweetPotatoes": "0.0 m2",
        "Tomatoes": "0.0 m2",
        "Zucchini": "0.0 m2",
        "Eggplant2": "0.0 m2",
        "Lettuce2": "0.0 m2",
        "Okra2": "27.0 m2",
        "Potatoes2": "24.96 m2",
        "RedBellPepper2": "27.0 m2",
        "SweetPotatoes2": "0.0 m2",
        "Tomatoes2": "0.0 m2",
        "Zucchini2": "0.0 m2"
    },
    "yield_by_crop_type": {
        "Eggplant": "0.0 g",
        "Lettuce": "0.0 g",
        "Okra": "36000.0 g",
        "Potatoes": "1035840.0 g",
        "RedBellPepper": "160000.0 g",
        "SweetPotatoes": "0.0 g",
        "Tomatoes": "0.0 g",
        "Zucchini": "0.0 g",
        "Eggplant2": "0.0 g",
        "Lettuce2": "0.0 g",
        "Okra2": "270000.0 g",
        "Potatoes2": "1035840.0 g",
        "RedBellPepper2": "192000.0 g",
        "SweetPotatoes2": "0.0 g",
        "Tomatoes2": "0.0 g",
        "Zucchini2": "0.0 g"
    },
    "value_by_crop_type": {
        "Eggplant": 0.0,
        "Lettuce": 0.0,
        "Okra": 0.0,
        "Potatoes": 0.0,
        "RedBellPepper": 0.0,
        "SweetPotatoes": 0.0,
        "Tomatoes": 0.0,
        "Zucchini": 0.0,
        "Eggplant2": 0.0,
        "Lettuce2": 0.0,
        "Okra2": 0.0,
        "Potatoes2": 288342.0,
        "RedBellPepper2": 0.0,
        "SweetPotatoes2": 0.0,
        "Tomatoes2": 0.0,
        "Zucchini2": 0.0
    },
    "nutrition_required_per_period": {
        "A": 0.2555,
        "B1": 0.4015,
        "C": 16.425,
        "Carbohydrates": 85775.0,
        "E": 5.475,
        "Iron": 6.570000000000001,
        "Protein": 16790.0,
        "Zinc": 2.92
    },
    "nutrition_produced_per_period": {
        "0": {
            "A": 11.335089400000001,
            "B1": 2.027194,
            "C": 787.8858400000001,
            "Carbohydrates": 938697.8,
            "E": 5.5616,
            "Iron": 6.571873999999999,
            "Protein": 114483.3,
            "Zinc": 5.810420000000001
        }
    },
    "nutrition_deficit_per_period": {
        "0": {
            "A": -11.079589400000001,
            "B1": -1.6256940000000002,
            "C": -771.4608400000002,
            "Carbohydrates": -852922.8,
            "E": -0.08660000000000068,
            "Iron": -0.001873999999998155,
            "Protein": -97693.3,
            "Zinc": -2.8904200000000007
        }
    }
}
