
[32m19:38:46[0m | [1mINFO    [0m | - [1mParsing problem definition from config files[0m


[32m19:38:46[0m | [1mINFO    [0m | - [1mRunning solver of type NUTRITION_AND_MARKET_VALUE[0m

19:38:46 |              Building model
Set parameter WLSAccessID
Set parameter WLSSecret
Set parameter LicenseID to value 2409054
Read parameters from file gurobi.env
Academic license 2409054 - for non-commercial use only - registered to pi___@live.nl
Set parameter WLSAccessID
Set parameter WLSSecret
Set parameter LicenseID to value 2409054
Read parameters from file gurobi.env
Academic license 2409054 - for non-commercial use only - registered to pi___@live.nl

--------------------
19:38:46 | START    | - RUNNING Nutrition_maximization model
--------------------
[32m19:38:46[0m | [31m[1mERROR   [0m | - [31m[1mwidth: 600.0 Height: 700.0[0m
[32m19:38:46[0m | [31m[1mERROR   [0m | - [31m[1mless 48[0m
[32m19:38:46[0m | [31m[1mERROR   [0m | - [31m[1mless 168[0m
[32m19:38:46[0m | [31m[1mERROR   [0m | - [31m[1mless 255[0m
[32m19:38:46[0m | [31m[1mERROR   [0m | - [31m[1mless 304[0m
[32m19:38:46[0m | [31m[1mERROR   [0m | - [31m[1mless 168[0m
[32m19:38:46[0m | [31m[1mERROR   [0m | - [31m[1mless 304[0m
[32m19:38:46[0m | [31m[1mERROR   [0m | - [31m[1mless 168[0m
[32m19:38:46[0m | [31m[1mERROR   [0m | - [31m[1mless 120[0m
[32m19:38:46[0m | [31m[1mERROR   [0m | - [31m[1mless 48[0m
[32m19:38:46[0m | [31m[1mERROR   [0m | - [31m[1mless 168[0m
[32m19:38:46[0m | [31m[1mERROR   [0m | - [31m[1mless 255[0m
[32m19:38:46[0m | [31m[1mERROR   [0m | - [31m[1mless 304[0m
[32m19:38:46[0m | [31m[1mERROR   [0m | - [31m[1mless 168[0m
[32m19:38:46[0m | [31m[1mERROR   [0m | - [31m[1mless 304[0m
[32m19:38:46[0m | [31m[1mERROR   [0m | - [31m[1mless 168[0m
[32m19:38:46[0m | [31m[1mERROR   [0m | - [31m[1mless 120[0m
19:38:47 |              Solution status: OptimizationStatus.OPTIMAL
19:38:47 |              Objective (Minimization nutrient shortage) value: 8.0   Optimality gap: 0.00%
19:38:47 |              {'Eggplant': 0.0, 'Lettuce': 168.0, 'Okra': 0.0, 'Potatoes': 133.0, 'RedBellPepper': 28.0, 'SweetPotatoes': 0.0, 'Tomatoes': 0.0, 'Zucchini': 0.0, 'Eggplant2': 0.0, 'Lettuce2': 168.0, 'Okra2': 0.0, 'Potatoes2': 0.0, 'RedBellPepper2': 168.0, 'SweetPotatoes2': 0.0, 'Tomatoes2': 0.0, 'Zucchini2': 0.0}
19:38:47 |              
[32m19:38:48[0m | [32m[1mSUCCESS [0m | - [32m[1mRuntime model Nutrition_maximization: 1.79 seconds[0m
19:38:48 | END      | 
--------------------



[32m19:38:48[0m | [1mINFO    [0m | - [1m[32mSkipping value opt[0m[1m, valueOptAfterNutri=FALSE[0m


[32m19:38:49[0m | [1mINFO    [0m | - [1mModel results saved to folder: TestScenarios/Nutri/8crops-8nutri-6x7/1p/output/24-04-29 19:38:46[0m

{
    "name": "Nutrition_maximization",
    "resultConclusion": {
        "Nutrition_maximization": "OPTIMAL",
        "Value_maximization": "undefined"
    },
    "total_crops": 665,
    "total_space": "135.66000000000003 m2",
    "selected_crop_amounts": {
        "Eggplant": 0.0,
        "Lettuce": 168.0,
        "Okra": 0.0,
        "Potatoes": 133.0,
        "RedBellPepper": 28.0,
        "SweetPotatoes": 0.0,
        "Tomatoes": 0.0,
        "Zucchini": 0.0,
        "Eggplant2": 0.0,
        "Lettuce2": 168.0,
        "Okra2": 0.0,
        "Potatoes2": 0.0,
        "RedBellPepper2": 168.0,
        "SweetPotatoes2": 0.0,
        "Tomatoes2": 0.0,
        "Zucchini2": 0.0
    },
    "crop_crow_time_range": [
        [
            -1,
            -1
        ],
        [
            1.0,
            74.0
        ],
        [
            -1,
            -1
        ],
        [
            74.0,
            154.0
        ],
        [
            74.0,
            144.0
        ],
        [
            -1,
            -1
        ],
        [
            -1,
            -1
        ],
        [
            -1,
            -1
        ],
        [
            -1,
            -1
        ],
        [
            292.0,
            365.0
        ],
        [
            -1,
            -1
        ],
        [
            -1,
            -1
        ],
        [
            154.0,
            224.0
        ],
        [
            -1,
            -1
        ],
        [
            -1,
            -1
        ],
        [
            -1,
            -1
        ]
    ],
    "space_by_crop_type": {
        "Eggplant": "0.0 m2",
        "Lettuce": "37.800000000000004 m2",
        "Okra": "0.0 m2",
        "Potatoes": "15.959999999999999 m2",
        "RedBellPepper": "6.3 m2",
        "SweetPotatoes": "0.0 m2",
        "Tomatoes": "0.0 m2",
        "Zucchini": "0.0 m2",
        "Eggplant2": "0.0 m2",
        "Lettuce2": "37.800000000000004 m2",
        "Okra2": "0.0 m2",
        "Potatoes2": "0.0 m2",
        "RedBellPepper2": "37.800000000000004 m2",
        "SweetPotatoes2": "0.0 m2",
        "Tomatoes2": "0.0 m2",
        "Zucchini2": "0.0 m2"
    },
    "yield_by_crop_type": {
        "Eggplant": "0.0 g",
        "Lettuce": "151200.0 g",
        "Okra": "0.0 g",
        "Potatoes": "662340.0 g",
        "RedBellPepper": "44800.0 g",
        "SweetPotatoes": "0.0 g",
        "Tomatoes": "0.0 g",
        "Zucchini": "0.0 g",
        "Eggplant2": "0.0 g",
        "Lettuce2": "151200.0 g",
        "Okra2": "0.0 g",
        "Potatoes2": "0.0 g",
        "RedBellPepper2": "268800.0 g",
        "SweetPotatoes2": "0.0 g",
        "Tomatoes2": "0.0 g",
        "Zucchini2": "0.0 g"
    },
    "value_by_crop_type": {
        "Eggplant": 0.0,
        "Lettuce": 0.0,
        "Okra": 0.0,
        "Potatoes": 0.0,
        "RedBellPepper": 0.0,
        "SweetPotatoes": 0.0,
        "Tomatoes": 0.0,
        "Zucchini": 0.0,
        "Eggplant2": 0.0,
        "Lettuce2": 0.0,
        "Okra2": 0.0,
        "Potatoes2": 0.0,
        "RedBellPepper2": 0.0,
        "SweetPotatoes2": 0.0,
        "Tomatoes2": 0.0,
        "Zucchini2": 0.0
    },
    "nutrition_required_per_period": {
        "A": 0.2555,
        "B1": 0.4015,
        "C": 16.425,
        "Carbohydrates": 85775.0,
        "E": 5.475,
        "Iron": 6.570000000000001,
        "Protein": 16790.0,
        "Zinc": 2.92
    },
    "nutrition_produced_per_period": {
        "0": {
            "A": 7.359423400000001,
            "B1": 1.073422,
            "C": 586.3194400000001,
            "Carbohydrates": 557789.96,
            "E": 5.4992,
            "Iron": 6.900614,
            "Protein": 69827.09999999999,
            "Zinc": 3.2190199999999995
        }
    },
    "nutrition_deficit_per_period": {
        "0": {
            "A": -7.103923400000001,
            "B1": -0.6719220000000001,
            "C": -569.8944400000001,
            "Carbohydrates": -472014.95999999996,
            "E": -0.024200000000000443,
            "Iron": -0.33061399999999885,
            "Protein": -53037.09999999999,
            "Zinc": -0.2990199999999996
        }
    }
}
