Set parameter WLSAccessID
Set parameter WLSSecret
Set parameter LicenseID to value 2409054
Read parameters from file gurobi.env
Academic license 2409054 - for non-commercial use only - registered to pi___@live.nl
Set parameter WLSAccessID
Set parameter WLSSecret
Set parameter LicenseID to value 2409054
Read parameters from file gurobi.env
Academic license 2409054 - for non-commercial use only - registered to pi___@live.nl
Set parameter OutputFlag to value 1
Warning for adding constraints: zero or small (< 1e-13) coefficients, ignored
Set parameter TimeLimit to value 600
Set parameter NodeLimit to value 1073741824
Set parameter SolutionLimit to value 65535
Set parameter IntFeasTol to value 1e-06
Set parameter Method to value 3
Gurobi Optimizer version 11.0.1 build v11.0.1rc0 (linux64 - "Ubuntu 22.04.4 LTS")

CPU model: AMD Ryzen 7 5800X 8-Core Processor, instruction set [SSE2|AVX|AVX2]
Thread count: 8 physical cores, 16 logical processors, using up to 16 threads

Academic license 2409054 - for non-commercial use only - registered to pi___@live.nl
Optimize a model with 2314 rows, 1188 columns and 6830 nonzeros
Model fingerprint: 0xeeabd20e
Variable types: 80 continuous, 1108 integer (950 binary)
Coefficient statistics:
  Matrix range     [3e-04, 4e+04]
  Objective range  [1e+00, 1e+00]
  Bounds range     [1e+00, 1e+03]
  RHS range        [1e+00, 1e+03]
Presolve removed 240 rows and 26 columns
Presolve time: 0.01s
Presolved: 2074 rows, 1162 columns, 6447 nonzeros
Variable types: 80 continuous, 1082 integer (941 binary)
Found heuristic solution: objective 6.7635720
Concurrent LP optimizer: primal simplex, dual simplex, and barrier
Showing barrier log only...

Root barrier log...

Ordering time: 0.01s

Barrier performed 0 iterations in 0.04 seconds (0.04 work units)
Barrier solve interrupted - model solved by another algorithm


Solved with dual simplex

Root relaxation: objective 1.600000e+01, 1040 iterations, 0.02 seconds (0.01 work units)

    Nodes    |    Current Node    |     Objective Bounds      |     Work
 Expl Unexpl |  Obj  Depth IntInf | Incumbent    BestBd   Gap | It/Node Time

     0     0   16.00000    0   21    6.76357   16.00000   137%     -    0s
H    0     0                      15.2837422   16.00000  4.69%     -    0s
H    0     0                      15.4483517   16.00000  3.57%     -    0s
H    0     0                      15.4989435   16.00000  3.23%     -    0s
     0     0   16.00000    0   35   15.49894   16.00000  3.23%     -    0s
     0     0   16.00000    0   32   15.49894   16.00000  3.23%     -    0s
     0     0   16.00000    0   11   15.49894   16.00000  3.23%     -    0s
H    0     0                      15.4997041   16.00000  3.23%     -    0s
     0     0   16.00000    0    8   15.49970   16.00000  3.23%     -    0s
     0     0   16.00000    0    8   15.49970   16.00000  3.23%     -    0s
H    0     0                      15.9957279   16.00000  0.03%     -    0s
H    0     0                      15.9973479   16.00000  0.02%     -    0s
     0     0   16.00000    0   11   15.99735   16.00000  0.02%     -    0s
     0     0   16.00000    0    1   15.99735   16.00000  0.02%     -    0s
H    0     0                      16.0000000   16.00000  0.00%     -    0s
     0     0   16.00000    0    1   16.00000   16.00000  0.00%     -    0s

Cutting planes:
  Learned: 10
  Gomory: 3
  Cover: 4
  Implied bound: 6
  MIR: 29
  StrongCG: 2
  Flow cover: 2
  Relax-and-lift: 2

Explored 1 nodes (1841 simplex iterations) in 0.12 seconds (0.13 work units)
Thread count was 16 (of 16 available processors)

Solution count 8: 16 15.9973 15.9957 ... 6.76357

Optimal solution found (tolerance 1.00e-04)
Best objective 1.600000000000e+01, best bound 1.600000000000e+01, gap 0.0000%
Set parameter WLSAccessID
Set parameter WLSSecret
Set parameter LicenseID to value 2409054
Read parameters from file gurobi.env
Academic license 2409054 - for non-commercial use only - registered to pi___@live.nl
Set parameter WLSAccessID
Set parameter WLSSecret
Set parameter LicenseID to value 2409054
Read parameters from file gurobi.env
Academic license 2409054 - for non-commercial use only - registered to pi___@live.nl
Set parameter OutputFlag to value 1
Warning for adding constraints: zero or small (< 1e-13) coefficients, ignored
Set parameter WLSAccessID
Set parameter WLSSecret
Set parameter LicenseID to value 2409054
Read parameters from file gurobi.env
Academic license 2409054 - for non-commercial use only - registered to pi___@live.nl
Set parameter TimeLimit to value 800
Set parameter NodeLimit to value 1073741824
Set parameter SolutionLimit to value 65535
Set parameter IntFeasTol to value 1e-06
Set parameter Method to value 3
Gurobi Optimizer version 11.0.1 build v11.0.1rc0 (linux64 - "Ubuntu 22.04.4 LTS")

CPU model: AMD Ryzen 7 5800X 8-Core Processor, instruction set [SSE2|AVX|AVX2]
Thread count: 8 physical cores, 16 logical processors, using up to 16 threads

Academic license 2409054 - for non-commercial use only - registered to pi___@live.nl
Optimize a model with 2314 rows, 1188 columns and 6830 nonzeros
Model fingerprint: 0x1a5fc365
Variable types: 80 continuous, 1108 integer (950 binary)
Coefficient statistics:
  Matrix range     [3e-04, 4e+04]
  Objective range  [6e+01, 1e+03]
  Bounds range     [1e+00, 1e+03]
  RHS range        [1e+00, 1e+03]

Warning: Completing partial solution with 1092 unfixed non-continuous variables out of 1108
User MIP start produced solution with objective 79078.5 (0.02s)
Loaded user MIP start with objective 79078.5

Presolve removed 305 rows and 56 columns
Presolve time: 0.02s
Presolved: 2009 rows, 1132 columns, 6522 nonzeros
Variable types: 64 continuous, 1068 integer (929 binary)
Concurrent LP optimizer: primal simplex, dual simplex, and barrier
Showing barrier log only...

Root barrier log...

Ordering time: 0.01s

Barrier performed 0 iterations in 0.06 seconds (0.08 work units)
Barrier solve interrupted - model solved by another algorithm


Solved with dual simplex

Root relaxation: objective 8.997451e+05, 1111 iterations, 0.02 seconds (0.01 work units)

    Nodes    |    Current Node    |     Objective Bounds      |     Work
 Expl Unexpl |  Obj  Depth IntInf | Incumbent    BestBd   Gap | It/Node Time

     0     0 899745.088    0   84 79078.5000 899745.088  1038%     -    0s
H    0     0                    117492.00000 899745.088   666%     -    0s
     0     0 885141.802    0  273 117492.000 885141.802   653%     -    0s
     0     0 883329.287    0  249 117492.000 883329.287   652%     -    0s
     0     0 878734.741    0  319 117492.000 878734.741   648%     -    0s
     0     0 877740.195    0  297 117492.000 877740.195   647%     -    0s
     0     0 877740.195    0  279 117492.000 877740.195   647%     -    0s
     0     0 877613.928    0  264 117492.000 877613.928   647%     -    0s
     0     0 874013.928    0  293 117492.000 874013.928   644%     -    0s
     0     0 874013.928    0  127 117492.000 874013.928   644%     -    0s
     0     2 874013.928    0  108 117492.000 874013.928   644%     -    0s
H  270   249                    129978.00000 874013.928   572%   155    0s
H  316   301                    135954.00000 874013.928   543%   140    0s
  2525  2130     cutoff   28      135954.000 846178.212   522%  97.7    5s
H 2920  2231                    262890.00000 846178.212   222%   113    5s
H 3535  2364                    282366.00000 846178.212   200%   125    6s
  4787  2623 475555.355   78  102 282366.000 844775.976   199%   143   10s
  8176  4571 526853.325   36  163 282366.000 834435.978   196%   143   15s
 10677  5831 830995.746   23  379 282366.000 831796.670   195%   150   20s
 12842  6840 552931.320   36  197 282366.000 831050.144   194%   163   25s
 15813  8137 infeasible   30      282366.000 829057.810   194%   173   30s
 17551  8948 720716.147   21  369 282366.000 828346.174   193%   177   36s
 19791 10325 642914.122   32  373 282366.000 827397.399   193%   179   41s
 23013 12299 594703.759   28  246 282366.000 826758.920   193%   179   45s
 25482 13456 815535.328   27  311 282366.000 826615.535   193%   181   50s
 29998 16073 810757.583   28  511 282366.000 825813.103   192%   182   56s
 32476 17261 810205.227   31  298 282366.000 825315.938   192%   183   60s
 36076 18564 infeasible   32      282366.000 824651.537   192%   188   67s
 38328 19975     cutoff   37      282366.000 824579.630   192%   190   72s
 41088 20493 778943.990   40  127 282366.000 824579.630   192%   194   82s
 41115 20511 759468.694   17  404 282366.000 824579.630   192%   194   85s
 41145 20531 673088.541   28  299 282366.000 809052.735   187%   193   90s
 41173 20550 605278.140  101  312 282366.000 796721.781   182%   193   95s
 41771 20858 784598.446   34  344 282366.000 795924.953   182%   198  101s
 42561 21021 558197.187   44  218 282366.000 795924.953   182%   201  105s
 43932 21317 782818.245   34  226 282366.000 795924.953   182%   203  110s
 45692 21800 795924.953   27  370 282366.000 795924.953   182%   205  115s
 47487 22173 765199.441   39  355 282366.000 795924.953   182%   209  120s
 49558 22601 795924.953   33  452 282366.000 795924.953   182%   211  125s
 51211 22813 795924.953   31  401 282366.000 795924.953   182%   213  130s
 53036 23512 infeasible   43      282366.000 795924.953   182%   216  136s
 54782 23747 795924.953   28  314 282366.000 795924.953   182%   217  140s
 57118 24414 788726.076   36  262 282366.000 795924.953   182%   219  146s
 58773 24797 560849.205   52  200 282366.000 795924.953   182%   220  150s
 61731 24931 768979.070   29  398 282366.000 795924.953   182%   221  156s
 62291 25595 629690.042   35  220 282366.000 795924.953   182%   222  160s
 64491 26177 765469.866   41  380 282366.000 795924.953   182%   225  165s
 67411 26428 795924.953   37  325 282366.000 795924.953   182%   226  171s
 69260 26666 795924.953   70  343 282366.000 795924.953   182%   230  177s
 70718 26829 468309.824   32  353 282366.000 795924.953   182%   231  181s
 71995 27209 729503.119   33  288 282366.000 795924.953   182%   232  185s
 75386 27730 795924.953   29  457 282366.000 795924.953   182%   233  193s
 76815 28287 540196.115   41  246 282366.000 795924.953   182%   233  196s
 78706 28092 717604.381   34  297 282366.000 795924.953   182%   233  200s
 79608 28918 795924.953   39  303 282366.000 795924.953   182%   233  205s
 83180 29480 770817.170   34  383 282366.000 795924.953   182%   234  213s
 84960 30041 770207.322   61  242 282366.000 795924.953   182%   234  217s
 86977 30084 637014.178   32  246 282366.000 795924.953   182%   234  221s
 88568 30394 545774.725   40  228 282366.000 795924.953   182%   235  226s
 90412 30546 infeasible   75      282366.000 795924.953   182%   235  230s
 93491 31125 625644.234   50  348 282366.000 795924.953   182%   237  238s
 95326 30759 695948.315   48  321 282366.000 795924.953   182%   237  248s
 95777 31739 539179.691   54  247 282366.000 795924.953   182%   237  253s
 98171 31813 665774.478   35  233 282366.000 795924.953   182%   236  257s
 100133 32066 752144.321   48  291 282366.000 795924.953   182%   236  262s
 102066 32386 747155.599   35  271 282366.000 795924.953   182%   236  266s
 104059 33234 556987.602   45  186 282366.000 795924.953   182%   236  271s
 106063 34195 infeasible   34      282366.000 795924.953   182%   235  275s
 109841 36053 607158.860   34  300 282366.000 795924.953   182%   235  282s
 111459 36886 673130.695   37  261 282366.000 795924.953   182%   235  286s
 113144 37908 644383.757   72  275 282366.000 795924.953   182%   235  290s
 114979 38422 infeasible   45      282366.000 795924.953   182%   235  295s
 118026 40248 infeasible   58      282366.000 795924.953   182%   236  303s
 119799 41147 569395.603   51  349 282366.000 795924.953   182%   236  306s
 121599 41768 590779.398   39  294 282366.000 795924.953   182%   236  311s
 122841 42693 474553.075   49  253 282366.000 795924.953   182%   237  316s
 124659 43602 746378.218   33  352 282366.000 795924.953   182%   237  320s
 128680 45545 788349.007   32  293 282366.000 795924.953   182%   237  328s
 130567 46000 795924.953   39  323 282366.000 795924.953   182%   236  331s
 131486 46429 infeasible   51      282366.000 795924.953   182%   237  346s
 132398 47160 606825.799   38  213 282366.000 795924.953   182%   237  351s
 134124 47827 593779.632   44  286 282366.000 795924.953   182%   238  355s
 135702 48934 785766.546   34  243 282366.000 795924.953   182%   238  360s
 139493 50845 553632.118   65  175 282366.000 795924.953   182%   239  368s
 141506 51613 777651.818   42  266 282366.000 795924.953   182%   238  373s
 142960 52533 infeasible   41      282366.000 795924.953   182%   239  377s
 144879 53245 795924.953   37  583 282366.000 795924.953   182%   239  382s
 146353 54045 701126.233   38  271 282366.000 795924.953   182%   240  386s
 148131 55086 653788.422   39  371 282366.000 795924.953   182%   240  390s
 151766 57111 574350.527   69  237 282366.000 795924.953   182%   240  400s
 155640 58802 770781.807   38  532 282366.000 795924.953   182%   239  408s
 157285 59658 infeasible   43      282366.000 795924.953   182%   239  413s
 158890 60662 767097.450   39  312 282366.000 795924.953   182%   240  417s
 160727 61728 503316.745   37  298 282366.000 795924.953   182%   240  422s
 162554 62593 795924.953   37  385 282366.000 795924.953   182%   239  426s
 164493 63238 750686.726   37  261 282366.000 795924.953   182%   239  430s
 167385 64754 526749.941   66  188 282366.000 795924.953   182%   240  438s
 169092 65650 739375.002   36  351 282366.000 795924.953   182%   240  443s
 170768 66715 662505.019   49  217 282366.000 795924.953   182%   240  448s
 172700 67402 765897.608   38  349 282366.000 795924.953   182%   240  453s
 174268 68188 674857.815   41  312 282366.000 795924.953   182%   240  457s
 175853 69010 infeasible   58      282366.000 795924.953   182%   240  461s
 177519 69935 782753.183   40  412 282366.000 795924.953   182%   240  466s
 179530 71136 562289.743   56  164 282366.000 795924.953   182%   240  471s
 181752 71753 infeasible   40      282366.000 795924.953   182%   240  475s
 183516 71953 628978.570   38  251 282366.000 795924.953   182%   240  485s
 185793 73681 infeasible   46      282366.000 795924.953   182%   240  494s
 187692 74789 748477.443   42  347 282366.000 795924.953   182%   240  499s
 189762 75473 566906.544   56  234 282366.000 795924.953   182%   240  504s
 191164 76920 524587.238   51  226 282366.000 795924.953   182%   241  509s
 193851 77545 785968.994   32  273 282366.000 795924.953   182%   240  513s
 195449 78425 791469.411   35  351 282366.000 795924.953   182%   240  518s
 197476 79040 676617.951   52  290 282366.000 795924.953   182%   239  522s
 198633 79749 416672.872   36  287 282366.000 795924.953   182%   240  527s
 200162 80568 677647.864   39  266 282366.000 795924.953   182%   240  531s
 201693 81271 795924.953   55  384 282366.000 795924.953   182%   240  535s
 203198 82181 728750.555   33  248 282366.000 795924.953   182%   241  540s
 205009 83331 769886.956   39  183 282366.000 795924.953   182%   241  545s
 209328 85118 614732.666   37  316 282366.000 795924.953   182%   240  553s
 210621 85924     cutoff   53      282366.000 795924.953   182%   240  558s
 212550 86437 529072.416   37  254 282366.000 795924.953   182%   240  563s
 213651 87090 670863.008   62  221 282366.000 795924.953   182%   241  568s
 215144 88032 764673.637   39  240 282366.000 795924.953   182%   242  573s
 216915 89515 750882.106   73  208 282366.000 795924.953   182%   242  578s
 219672 90264 infeasible   38      282366.000 795924.953   182%   241  583s
 221342 91041 infeasible   55      282366.000 795924.953   182%   241  588s
 222989 91885 657277.133   53  263 282366.000 795924.953   182%   241  593s
 224808 92651 543005.928   47  204 282366.000 795924.953   182%   241  598s
 226511 93552 579609.655   42  325 282366.000 795924.953   182%   241  602s
 228089 94309 741347.044   38  355 282366.000 795924.953   182%   241  607s
 229656 95418 641197.822   49  359 282366.000 795924.953   182%   242  613s
 231689 96085 infeasible   44      282366.000 795924.953   182%   241  617s
 233230 96964 infeasible   38      282366.000 795924.953   182%   242  623s
 235147 98057 704696.402   35  283 282366.000 795924.953   182%   242  628s
 237083 98994 769266.762   40  360 282366.000 795924.953   182%   241  634s
 239110 99786 infeasible   85      282366.000 795924.953   182%   241  638s
 240617 100664 795924.953   50  254 282366.000 795924.953   182%   242  643s
 242410 101551 734866.123   44  300 282366.000 795924.953   182%   242  647s
 244205 102316 494497.508   58  212 282366.000 795924.953   182%   242  652s
 245801 103096 infeasible   47      282366.000 795924.953   182%   242  657s
 247407 104228 762731.684   47  328 282366.000 795924.953   182%   242  661s
 249417 105096 760957.740   48  280 282366.000 795924.953   182%   242  666s
 251194 106146 517235.230   62  159 282366.000 795924.953   182%   242  671s
 253160 106885 510601.068   54  224 282366.000 795924.953   182%   241  675s
 254788 107798 716041.376   40  428 282366.000 795924.953   182%   241  680s
 256501 108112 761945.364   55  379 282366.000 795924.953   182%   242  689s
 257187 109301 589329.567   36  383 282366.000 795924.953   182%   242  694s
 259435 110389 624334.756   51  188 282366.000 795924.953   182%   241  700s
 261291 110970 283809.161  117  192 282366.000 795924.953   182%   241  706s
 262247 112417 670664.497   62  274 282366.000 795924.953   182%   241  712s
 264886 113056 608048.928   95  176 282366.000 795924.953   182%   241  717s
 266319 114001 680242.322   40  486 282366.000 795924.953   182%   242  723s
 268083 114895 767747.325   41  424 282366.000 795924.953   182%   242  728s
 269815 115892 791756.446   38  353 282366.000 795924.953   182%   242  732s
 271881 116733 619951.286   46  262 282366.000 795924.953   182%   242  738s
 273815 117686 718955.327   42  387 282366.000 795924.953   182%   242  742s
 275816 118467 573314.107   56  196 282366.000 795924.953   182%   242  746s
 277298 119179 756688.568   73  211 282366.000 795924.953   182%   242  750s
 280459 120618 infeasible   47      282366.000 795924.953   182%   242  758s
 282186 121219 infeasible   46      282366.000 795924.953   182%   242  762s
 283679 122166 742542.891   64  262 282366.000 795924.953   182%   243  767s
 285539 123233 795924.953   59  260 282366.000 795924.953   182%   243  772s
 287470 124015 626787.831   37  274 282366.000 795924.953   182%   242  776s
 288976 124601 infeasible   78      282366.000 795924.953   182%   242  781s
 290355 125385 557743.645   92  180 282366.000 795924.953   182%   243  786s
 292032 126308 777670.217   37  276 282366.000 795924.953   182%   243  790s
 294157 127166 596241.492   68  242 282366.000 795924.953   182%   243  795s
 297911 128524 infeasible   88      282366.000 795924.953   182%   242  800s

Cutting planes:
  Learned: 23
  Gomory: 180
  Cover: 2585
  Implied bound: 290
  Projected implied bound: 1
  Clique: 32
  MIR: 1825
  Mixing: 86
  StrongCG: 244
  Flow cover: 3873
  GUB cover: 8
  Inf proof: 180
  Zero half: 101
  Network: 1
  RLT: 140
  Relax-and-lift: 360
  BQP: 104
  PSD: 64

Explored 298250 nodes (72238917 simplex iterations) in 800.00 seconds (1336.73 work units)
Thread count was 16 (of 16 available processors)

Solution count 6: 282366 262890 135954 ... 79078.5

Time limit reached
Best objective 2.823660000000e+05, best bound 7.959249530350e+05, gap 181.8771%
{
    "name": "Value_maximization",
    "resultConclusion": {
        "Nutrition_maximization": "OPTIMAL",
        "Value_maximization": "FEASIBLE"
    },
    "total_crops": 838,
    "total_space": "130.47 m2",
    "selected_crop_amounts": {
        "Eggplant": 0.0,
        "Lettuce": 0.0,
        "Okra": 12.0,
        "Potatoes": 208.0,
        "RedBellPepper": 110.0,
        "SweetPotatoes": 0.0,
        "Tomatoes": 0.0,
        "Zucchini": 0.0,
        "Eggplant2": 0.0,
        "Lettuce2": 0.0,
        "Okra2": 180.0,
        "Potatoes2": 208.0,
        "RedBellPepper2": 120.0,
        "SweetPotatoes2": 0.0,
        "Tomatoes2": 0.0,
        "Zucchini2": 0.0
    },
    "crop_crow_time_range": [
        [
            -1,
            -1
        ],
        [
            -1,
            -1
        ],
        [
            1.0,
            61.0
        ],
        [
            75.0,
            155.0
        ],
        [
            1.0,
            71.0
        ],
        [
            -1,
            -1
        ],
        [
            -1,
            -1
        ],
        [
            -1,
            -1
        ],
        [
            -1,
            -1
        ],
        [
            -1,
            -1
        ],
        [
            155.0,
            215.0
        ],
        [
            285.0,
            365.0
        ],
        [
            215.0,
            285.0
        ],
        [
            -1,
            -1
        ],
        [
            -1,
            -1
        ],
        [
            -1,
            -1
        ]
    ],
    "space_by_crop_type": {
        "Eggplant": "0.0 m2",
        "Lettuce": "0.0 m2",
        "Okra": "1.7999999999999998 m2",
        "Potatoes": "24.96 m2",
        "RedBellPepper": "24.75 m2",
        "SweetPotatoes": "0.0 m2",
        "Tomatoes": "0.0 m2",
        "Zucchini": "0.0 m2",
        "Eggplant2": "0.0 m2",
        "Lettuce2": "0.0 m2",
        "Okra2": "27.0 m2",
        "Potatoes2": "24.96 m2",
        "RedBellPepper2": "27.0 m2",
        "SweetPotatoes2": "0.0 m2",
        "Tomatoes2": "0.0 m2",
        "Zucchini2": "0.0 m2"
    },
    "yield_by_crop_type": {
        "Eggplant": "0.0 g",
        "Lettuce": "0.0 g",
        "Okra": "18000.0 g",
        "Potatoes": "1035840.0 g",
        "RedBellPepper": "176000.0 g",
        "SweetPotatoes": "0.0 g",
        "Tomatoes": "0.0 g",
        "Zucchini": "0.0 g",
        "Eggplant2": "0.0 g",
        "Lettuce2": "0.0 g",
        "Okra2": "270000.0 g",
        "Potatoes2": "1035840.0 g",
        "RedBellPepper2": "192000.0 g",
        "SweetPotatoes2": "0.0 g",
        "Tomatoes2": "0.0 g",
        "Zucchini2": "0.0 g"
    },
    "value_by_crop_type": {
        "Eggplant": 0.0,
        "Lettuce": 0.0,
        "Okra": 0.0,
        "Potatoes": 62748.0,
        "RedBellPepper": 0.0,
        "SweetPotatoes": 0.0,
        "Tomatoes": 0.0,
        "Zucchini": 0.0,
        "Eggplant2": 0.0,
        "Lettuce2": 0.0,
        "Okra2": 0.0,
        "Potatoes2": 219618.0,
        "RedBellPepper2": 0.0,
        "SweetPotatoes2": 0.0,
        "Tomatoes2": 0.0,
        "Zucchini2": 0.0
    },
    "nutrition_required_per_period": {
        "A": 0.12775,
        "B1": 0.20075,
        "C": 8.2125,
        "Carbohydrates": 42887.5,
        "E": 2.7375,
        "Iron": 3.2850000000000006,
        "Protein": 8395.0,
        "Zinc": 1.46
    },
    "nutrition_produced_per_period": {
        "0": {
            "A": 8.2271948,
            "B1": 1.042148,
            "C": 416.08928000000003,
            "Carbohydrates": 679120.0000000001,
            "E": 2.7808,
            "Iron": 3.2903080000000005,
            "Protein": 80460.6,
            "Zinc": 2.9364399999999997
        },
        "1": {
            "A": 3.3179657999999996,
            "B1": 0.979758,
            "C": 394.28088,
            "Carbohydrates": 275112.60000000003,
            "E": 3.0336,
            "Iron": 3.2877180000000004,
            "Protein": 35717.100000000006,
            "Zinc": 2.86134
        }
    },
    "nutrition_deficit_per_period": {
        "0": {
            "A": -8.099444799999999,
            "B1": -0.8413980000000001,
            "C": -407.87678000000005,
            "Carbohydrates": -636232.5000000001,
            "E": -0.04330000000000034,
            "Iron": -0.005307999999999868,
            "Protein": -72065.6,
            "Zinc": -1.4764399999999998
        },
        "1": {
            "A": -3.1902158,
            "B1": -0.779008,
            "C": -386.06838000000005,
            "Carbohydrates": -232225.10000000003,
            "E": -0.29610000000000003,
            "Iron": -0.002717999999999776,
            "Protein": -27322.100000000006,
            "Zinc": -1.4013400000000003
        }
    }
}
