
[32m14:57:23[0m | [1mINFO    [0m | - [1mParsing problem definition from config files[0m


[32m14:57:23[0m | [1mINFO    [0m | - [1mRunning solver of type NUTRITION_AND_MARKET_VALUE[0m

14:57:23 |              Building model
Set parameter WLSAccessID
Set parameter WLSSecret
Set parameter LicenseID to value 2409054
Read parameters from file gurobi.env
Academic license 2409054 - for non-commercial use only - registered to pi___@live.nl
Set parameter WLSAccessID
Set parameter WLSSecret
Set parameter LicenseID to value 2409054
Read parameters from file gurobi.env
Academic license 2409054 - for non-commercial use only - registered to pi___@live.nl

--------------------
14:57:23 | START    | - RUNNING Nutrition_maximization model
--------------------
[32m14:57:23[0m | [31m[1mERROR   [0m | - [31m[1mwidth: 400.0 Height: 500.0[0m
[32m14:57:23[0m | [31m[1mERROR   [0m | - [31m[1mless 20[0m
[32m14:57:23[0m | [31m[1mERROR   [0m | - [31m[1mless 80[0m
[32m14:57:23[0m | [31m[1mERROR   [0m | - [31m[1mless 120[0m
[32m14:57:23[0m | [31m[1mERROR   [0m | - [31m[1mless 154[0m
[32m14:57:23[0m | [31m[1mERROR   [0m | - [31m[1mless 80[0m
[32m14:57:23[0m | [31m[1mERROR   [0m | - [31m[1mless 154[0m
[32m14:57:23[0m | [31m[1mERROR   [0m | - [31m[1mless 80[0m
[32m14:57:23[0m | [31m[1mERROR   [0m | - [31m[1mless 56[0m
[32m14:57:23[0m | [31m[1mERROR   [0m | - [31m[1mless 20[0m
[32m14:57:23[0m | [31m[1mERROR   [0m | - [31m[1mless 80[0m
[32m14:57:23[0m | [31m[1mERROR   [0m | - [31m[1mless 120[0m
[32m14:57:23[0m | [31m[1mERROR   [0m | - [31m[1mless 154[0m
[32m14:57:23[0m | [31m[1mERROR   [0m | - [31m[1mless 80[0m
[32m14:57:23[0m | [31m[1mERROR   [0m | - [31m[1mless 154[0m
[32m14:57:23[0m | [31m[1mERROR   [0m | - [31m[1mless 80[0m
[32m14:57:23[0m | [31m[1mERROR   [0m | - [31m[1mless 56[0m
15:07:23 |              Solution status: OptimizationStatus.FEASIBLE
15:07:23 |              Objective (Minimization nutrient shortage) value: 28.724175160549528   Optimality gap: 8.40%
15:07:23 |              {'Eggplant': 0.0, 'Lettuce': 0.0, 'Okra': 120.0, 'Potatoes': 60.0, 'RedBellPepper': 40.0, 'SweetPotatoes': 13.0, 'Tomatoes': 3.0, 'Zucchini': 0.0, 'Eggplant2': 0.0, 'Lettuce2': 0.0, 'Okra2': 108.0, 'Potatoes2': 108.0, 'RedBellPepper2': 70.0, 'SweetPotatoes2': 0.0, 'Tomatoes2': 7.0, 'Zucchini2': 0.0}
15:07:23 |              
[32m15:07:23[0m | [31m[1mERROR   [0m | - [31m[1m12[0m
[32m15:07:23[0m | [31m[1mERROR   [0m | - [31m[1m0 4[0m
[32m15:07:23[0m | [31m[1mERROR   [0m | - [31m[1m4 7[0m
[32m15:07:23[0m | [31m[1mERROR   [0m | - [31m[1m7 10[0m
[32m15:07:23[0m | [31m[1mERROR   [0m | - [31m[1m10 11[0m
[32m15:07:24[0m | [33m[1mWARNING [0m | - [33m[1mTIMEOUT for running nutrition optimization[0m
[32m15:07:24[0m | [33m[1mWARNING [0m | - [33m[1mFull nutrition not feasible[0m
[32m15:07:25[0m | [32m[1mSUCCESS [0m | - [32m[1mRuntime model Nutrition_maximization: 10 minutes and 1.57 seconds[0m
15:07:25 | END      | 
--------------------


[32m15:07:25[0m | [33m[1mWARNING [0m | - [33m[1mFull nutrition was not achieved[0m

[32m15:07:25[0m | [1mINFO    [0m | - [1mProceeding to Value Optimization (with minimised nutri-deficiency) [33mFull nutrition remains infeasible![0m[1m[0m

Set parameter WLSAccessID
Set parameter WLSSecret
Set parameter LicenseID to value 2409054
Read parameters from file gurobi.env
Academic license 2409054 - for non-commercial use only - registered to pi___@live.nl
Set parameter WLSAccessID
Set parameter WLSSecret
Set parameter LicenseID to value 2409054
Read parameters from file gurobi.env
Academic license 2409054 - for non-commercial use only - registered to pi___@live.nl

--------------------
15:07:25 | START    | - RUNNING Value_maximization (with minimised nutri-deficiency) model
--------------------
[32m15:07:25[0m | [31m[1mERROR   [0m | - [31m[1mwidth: 400.0 Height: 500.0[0m
[32m15:07:25[0m | [31m[1mERROR   [0m | - [31m[1mless 20[0m
[32m15:07:25[0m | [31m[1mERROR   [0m | - [31m[1mless 80[0m
[32m15:07:25[0m | [31m[1mERROR   [0m | - [31m[1mless 120[0m
[32m15:07:25[0m | [31m[1mERROR   [0m | - [31m[1mless 154[0m
[32m15:07:25[0m | [31m[1mERROR   [0m | - [31m[1mless 80[0m
[32m15:07:25[0m | [31m[1mERROR   [0m | - [31m[1mless 154[0m
[32m15:07:25[0m | [31m[1mERROR   [0m | - [31m[1mless 80[0m
[32m15:07:25[0m | [31m[1mERROR   [0m | - [31m[1mless 56[0m
[32m15:07:25[0m | [31m[1mERROR   [0m | - [31m[1mless 20[0m
[32m15:07:25[0m | [31m[1mERROR   [0m | - [31m[1mless 80[0m
[32m15:07:25[0m | [31m[1mERROR   [0m | - [31m[1mless 120[0m
[32m15:07:25[0m | [31m[1mERROR   [0m | - [31m[1mless 154[0m
[32m15:07:25[0m | [31m[1mERROR   [0m | - [31m[1mless 80[0m
[32m15:07:25[0m | [31m[1mERROR   [0m | - [31m[1mless 154[0m
[32m15:07:25[0m | [31m[1mERROR   [0m | - [31m[1mless 80[0m
[32m15:07:25[0m | [31m[1mERROR   [0m | - [31m[1mless 56[0m
15:07:25 |              Loading previous solution
15:07:25 |              Validating previous solution
Set parameter WLSAccessID
Set parameter WLSSecret
Set parameter LicenseID to value 2409054
Read parameters from file gurobi.env
Academic license 2409054 - for non-commercial use only - registered to pi___@live.nl
15:07:25 |              Validating complete

[32m15:17:25[0m | [1mINFO    [0m | - [1mSolution status: [33mOptimizationStatus.FEASIBLE[0m[1m[0m

15:17:25 |              Objective (market) value: 4482.0   Optimality gap: 9406.59%
15:17:25 |              {'Eggplant': 0.0, 'Lettuce': 0.0, 'Okra': 120.0, 'Potatoes': 60.0, 'RedBellPepper': 40.0, 'SweetPotatoes': 13.0, 'Tomatoes': 3.0, 'Zucchini': 0.0, 'Eggplant2': 0.0, 'Lettuce2': 0.0, 'Okra2': 108.0, 'Potatoes2': 108.0, 'RedBellPepper2': 70.0, 'SweetPotatoes2': 0.0, 'Tomatoes2': 7.0, 'Zucchini2': 0.0}
[32m15:17:25[0m | [31m[1mERROR   [0m | - [31m[1m12[0m
[32m15:17:25[0m | [31m[1mERROR   [0m | - [31m[1m0 4[0m
[32m15:17:25[0m | [31m[1mERROR   [0m | - [31m[1m4 7[0m
[32m15:17:25[0m | [31m[1mERROR   [0m | - [31m[1m7 8[0m
[32m15:17:25[0m | [31m[1mERROR   [0m | - [31m[1m8 11[0m
[32m15:17:25[0m | [33m[1mWARNING [0m | - [33m[1mTIMEOUT for running value optimization[0m
[32m15:17:26[0m | [32m[1mSUCCESS [0m | - [32m[1mRuntime model Value_maximization (with minimised nutri-deficiency): 10 minutes and 1.53 seconds[0m
15:17:26 | END      | 
--------------------



[32m15:17:26[0m | [1mINFO    [0m | - [1mNone[0m

[32m15:17:26[0m | [31m[1mERROR   [0m | - [31m[1m12[0m
[32m15:17:26[0m | [31m[1mERROR   [0m | - [31m[1m0 4[0m
[32m15:17:26[0m | [31m[1mERROR   [0m | - [31m[1m4 7[0m
[32m15:17:26[0m | [31m[1mERROR   [0m | - [31m[1m7 8[0m
[32m15:17:27[0m | [31m[1mERROR   [0m | - [31m[1m8 11[0m

[32m15:17:28[0m | [1mINFO    [0m | - [1mModel results saved to folder: TestScenarios/Value/8crops-8nutri-4x5/4p/output/24-04-29 14:57:23[0m

{
    "name": "Value_maximization (with minimised nutri-deficiency)",
    "resultConclusion": {
        "Nutrition_maximization": "FEASIBLE but Not achieved",
        "Value_maximization": "undefined",
        "Value_maximization (with minimised nutri-deficiency)": "FEASIBLE"
    },
    "total_crops": 529,
    "total_space": "82.92 m2",
    "selected_crop_amounts": {
        "Eggplant": 0.0,
        "Lettuce": 0.0,
        "Okra": 120.0,
        "Potatoes": 60.0,
        "RedBellPepper": 40.0,
        "SweetPotatoes": 13.0,
        "Tomatoes": 3.0,
        "Zucchini": 0.0,
        "Eggplant2": 0.0,
        "Lettuce2": 0.0,
        "Okra2": 108.0,
        "Potatoes2": 108.0,
        "RedBellPepper2": 70.0,
        "SweetPotatoes2": 0.0,
        "Tomatoes2": 7.0,
        "Zucchini2": 0.0
    },
    "crop_crow_time_range": [
        [
            -1,
            -1
        ],
        [
            -1,
            -1
        ],
        [
            93.0,
            153.0
        ],
        [
            1.0,
            81.0
        ],
        [
            23.0,
            93.0
        ],
        [
            170.0,
            275.0
        ],
        [
            13.0,
            93.0
        ],
        [
            -1,
            -1
        ],
        [
            -1,
            -1
        ],
        [
            -1,
            -1
        ],
        [
            303.0,
            363.0
        ],
        [
            153.0,
            233.0
        ],
        [
            233.0,
            303.0
        ],
        [
            -1,
            -1
        ],
        [
            153.0,
            233.0
        ],
        [
            -1,
            -1
        ]
    ],
    "space_by_crop_type": {
        "Eggplant": "0.0 m2",
        "Lettuce": "0.0 m2",
        "Okra": "18.0 m2",
        "Potatoes": "7.199999999999999 m2",
        "RedBellPepper": "9.0 m2",
        "SweetPotatoes": "1.56 m2",
        "Tomatoes": "0.675 m2",
        "Zucchini": "0.0 m2",
        "Eggplant2": "0.0 m2",
        "Lettuce2": "0.0 m2",
        "Okra2": "16.2 m2",
        "Potatoes2": "12.959999999999999 m2",
        "RedBellPepper2": "15.75 m2",
        "SweetPotatoes2": "0.0 m2",
        "Tomatoes2": "1.575 m2",
        "Zucchini2": "0.0 m2"
    },
    "yield_by_crop_type": {
        "Eggplant": "0.0 g",
        "Lettuce": "0.0 g",
        "Okra": "180000.0 g",
        "Potatoes": "298800.0 g",
        "RedBellPepper": "64000.0 g",
        "SweetPotatoes": "29250.0 g",
        "Tomatoes": "3900.0 g",
        "Zucchini": "0.0 g",
        "Eggplant2": "0.0 g",
        "Lettuce2": "0.0 g",
        "Okra2": "162000.0 g",
        "Potatoes2": "537840.0 g",
        "RedBellPepper2": "112000.0 g",
        "SweetPotatoes2": "0.0 g",
        "Tomatoes2": "9100.0 g",
        "Zucchini2": "0.0 g"
    },
    "value_by_crop_type": {
        "Eggplant": 0.0,
        "Lettuce": 0.0,
        "Okra": 0.0,
        "Potatoes": 0.0,
        "RedBellPepper": 0.0,
        "SweetPotatoes": 0.0,
        "Tomatoes": 0.0,
        "Zucchini": 0.0,
        "Eggplant2": 0.0,
        "Lettuce2": 0.0,
        "Okra2": 0.0,
        "Potatoes2": 4482.0,
        "RedBellPepper2": 0.0,
        "SweetPotatoes2": 0.0,
        "Tomatoes2": 0.0,
        "Zucchini2": 0.0
    },
    "nutrition_required_per_period": {
        "A": 0.063875,
        "B1": 0.100375,
        "C": 4.10625,
        "Carbohydrates": 21443.75,
        "E": 1.36875,
        "Iron": 1.6425000000000003,
        "Protein": 4197.5,
        "Zinc": 0.73
    },
    "nutrition_produced_per_period": {
        "0": {
            "A": 2.871468,
            "B1": 0.32868,
            "C": 58.564800000000005,
            "Carbohydrates": 242028.0,
            "E": 0.0,
            "Iron": 0.92628,
            "Protein": 28386.0,
            "Zinc": 0.8963999999999999
        },
        "1": {
            "A": 0.16691799999999998,
            "B1": 0.39666523,
            "C": 132.82600000000002,
            "Carbohydrates": 16549.699999999997,
            "E": 1.0322600000000002,
            "Iron": 1.3505299999999998,
            "Protein": 4031.1,
            "Zinc": 1.17863
        },
        "2": {
            "A": 5.028891000000001,
            "B1": 0.5786088699999999,
            "C": 103.76240000000001,
            "Carbohydrates": 423903.9,
            "E": 0.04914,
            "Iron": 1.64556,
            "Protein": 49757.4,
            "Zinc": 1.5841699999999999
        },
        "3": {
            "A": 0.5152524999999999,
            "B1": 0.417775,
            "C": 202.03300000000002,
            "Carbohydrates": 18071.75,
            "E": 1.7696,
            "Iron": 1.5982249999999998,
            "Protein": 4671.0,
            "Zinc": 1.2572
        }
    },
    "nutrition_deficit_per_period": {
        "0": {
            "A": -2.8075930000000002,
            "B1": -0.22830500000000004,
            "C": -54.45855,
            "Carbohydrates": -220584.25,
            "E": 1.36875,
            "Iron": 0.7162200000000003,
            "Protein": -24188.5,
            "Zinc": -0.16639999999999988
        },
        "1": {
            "A": -0.10304299999999998,
            "B1": -0.29629023,
            "C": -128.71975000000003,
            "Carbohydrates": 4894.050000000003,
            "E": 0.33648999999999973,
            "Iron": 0.2919700000000005,
            "Protein": 166.4000000000001,
            "Zinc": -0.4486300000000001
        },
        "2": {
            "A": -4.965016,
            "B1": -0.47823386999999995,
            "C": -99.65615000000001,
            "Carbohydrates": -402460.15,
            "E": 1.31961,
            "Iron": -0.0030599999999996186,
            "Protein": -45559.9,
            "Zinc": -0.8541699999999999
        },
        "3": {
            "A": -0.4513774999999999,
            "B1": -0.3174,
            "C": -197.92675000000003,
            "Carbohydrates": 3372.0,
            "E": -0.40085000000000015,
            "Iron": 0.04427500000000051,
            "Protein": -473.5,
            "Zinc": -0.5272000000000001
        }
    }
}
