
[32m17:37:16[0m | [1mINFO    [0m | - [1mParsing problem definition from config files[0m


[32m17:37:16[0m | [1mINFO    [0m | - [1mRunning solver of type NUTRITION_AND_MARKET_VALUE[0m

17:37:16 |              Building model
Set parameter WLSAccessID
Set parameter WLSSecret
Set parameter LicenseID to value 2409054
Read parameters from file gurobi.env
Academic license 2409054 - for non-commercial use only - registered to pi___@live.nl
Set parameter WLSAccessID
Set parameter WLSSecret
Set parameter LicenseID to value 2409054
Read parameters from file gurobi.env
Academic license 2409054 - for non-commercial use only - registered to pi___@live.nl

--------------------
17:37:16 | START    | - RUNNING Nutrition_maximization model
--------------------
[32m17:37:16[0m | [31m[1mERROR   [0m | - [31m[1mwidth: 400.0 Height: 700.0[0m
[32m17:37:16[0m | [31m[1mERROR   [0m | - [31m[1mless 32[0m
[32m17:37:16[0m | [31m[1mERROR   [0m | - [31m[1mless 112[0m
[32m17:37:16[0m | [31m[1mERROR   [0m | - [31m[1mless 170[0m
[32m17:37:16[0m | [31m[1mERROR   [0m | - [31m[1mless 209[0m
[32m17:37:16[0m | [31m[1mERROR   [0m | - [31m[1mless 112[0m
[32m17:37:16[0m | [31m[1mERROR   [0m | - [31m[1mless 209[0m
[32m17:37:16[0m | [31m[1mERROR   [0m | - [31m[1mless 112[0m
[32m17:37:16[0m | [31m[1mERROR   [0m | - [31m[1mless 84[0m
[32m17:37:16[0m | [31m[1mERROR   [0m | - [31m[1mless 32[0m
[32m17:37:16[0m | [31m[1mERROR   [0m | - [31m[1mless 112[0m
[32m17:37:16[0m | [31m[1mERROR   [0m | - [31m[1mless 170[0m
[32m17:37:16[0m | [31m[1mERROR   [0m | - [31m[1mless 209[0m
[32m17:37:16[0m | [31m[1mERROR   [0m | - [31m[1mless 112[0m
[32m17:37:16[0m | [31m[1mERROR   [0m | - [31m[1mless 209[0m
[32m17:37:16[0m | [31m[1mERROR   [0m | - [31m[1mless 112[0m
[32m17:37:16[0m | [31m[1mERROR   [0m | - [31m[1mless 84[0m
17:37:16 |              Solution status: OptimizationStatus.OPTIMAL
17:37:16 |              Objective (Minimization nutrient shortage) value: 8.0   Optimality gap: 0.00%
17:37:16 |              {'Eggplant': 0.0, 'Lettuce': 0.0, 'Okra': 0.0, 'Potatoes': 209.0, 'RedBellPepper': 112.0, 'SweetPotatoes': 0.0, 'Tomatoes': 0.0, 'Zucchini': 0.0, 'Eggplant2': 0.0, 'Lettuce2': 0.0, 'Okra2': 0.0, 'Potatoes2': 171.0, 'RedBellPepper2': 112.0, 'SweetPotatoes2': 0.0, 'Tomatoes2': 0.0, 'Zucchini2': 0.0}
17:37:16 |              
[32m17:37:18[0m | [32m[1mSUCCESS [0m | - [32m[1mRuntime model Nutrition_maximization: 1.73 seconds[0m
17:37:18 | END      | 
--------------------



[32m17:37:18[0m | [1mINFO    [0m | - [1m[32mSkipping value opt[0m[1m, valueOptAfterNutri=FALSE[0m


[32m17:37:19[0m | [1mINFO    [0m | - [1mModel results saved to folder: TestScenarios/Nutri/8crops-8nutri-4x7/1p/output/24-04-29 17:37:16[0m

{
    "name": "Nutrition_maximization",
    "resultConclusion": {
        "Nutrition_maximization": "OPTIMAL",
        "Value_maximization": "undefined"
    },
    "total_crops": 604,
    "total_space": "96.0 m2",
    "selected_crop_amounts": {
        "Eggplant": 0.0,
        "Lettuce": 0.0,
        "Okra": 0.0,
        "Potatoes": 209.0,
        "RedBellPepper": 112.0,
        "SweetPotatoes": 0.0,
        "Tomatoes": 0.0,
        "Zucchini": 0.0,
        "Eggplant2": 0.0,
        "Lettuce2": 0.0,
        "Okra2": 0.0,
        "Potatoes2": 171.0,
        "RedBellPepper2": 112.0,
        "SweetPotatoes2": 0.0,
        "Tomatoes2": 0.0,
        "Zucchini2": 0.0
    },
    "crop_crow_time_range": [
        [
            -1,
            -1
        ],
        [
            -1,
            -1
        ],
        [
            -1,
            -1
        ],
        [
            71.0,
            151.0
        ],
        [
            1.0,
            71.0
        ],
        [
            -1,
            -1
        ],
        [
            -1,
            -1
        ],
        [
            -1,
            -1
        ],
        [
            -1,
            -1
        ],
        [
            -1,
            -1
        ],
        [
            -1,
            -1
        ],
        [
            151.0,
            231.0
        ],
        [
            231.0,
            301.0
        ],
        [
            -1,
            -1
        ],
        [
            -1,
            -1
        ],
        [
            -1,
            -1
        ]
    ],
    "space_by_crop_type": {
        "Eggplant": "0.0 m2",
        "Lettuce": "0.0 m2",
        "Okra": "0.0 m2",
        "Potatoes": "25.08 m2",
        "RedBellPepper": "25.2 m2",
        "SweetPotatoes": "0.0 m2",
        "Tomatoes": "0.0 m2",
        "Zucchini": "0.0 m2",
        "Eggplant2": "0.0 m2",
        "Lettuce2": "0.0 m2",
        "Okra2": "0.0 m2",
        "Potatoes2": "20.52 m2",
        "RedBellPepper2": "25.2 m2",
        "SweetPotatoes2": "0.0 m2",
        "Tomatoes2": "0.0 m2",
        "Zucchini2": "0.0 m2"
    },
    "yield_by_crop_type": {
        "Eggplant": "0.0 g",
        "Lettuce": "0.0 g",
        "Okra": "0.0 g",
        "Potatoes": "1040820.0 g",
        "RedBellPepper": "179200.0 g",
        "SweetPotatoes": "0.0 g",
        "Tomatoes": "0.0 g",
        "Zucchini": "0.0 g",
        "Eggplant2": "0.0 g",
        "Lettuce2": "0.0 g",
        "Okra2": "0.0 g",
        "Potatoes2": "851580.0 g",
        "RedBellPepper2": "179200.0 g",
        "SweetPotatoes2": "0.0 g",
        "Tomatoes2": "0.0 g",
        "Zucchini2": "0.0 g"
    },
    "value_by_crop_type": {
        "Eggplant": 0.0,
        "Lettuce": 0.0,
        "Okra": 0.0,
        "Potatoes": 0.0,
        "RedBellPepper": 0.0,
        "SweetPotatoes": 0.0,
        "Tomatoes": 0.0,
        "Zucchini": 0.0,
        "Eggplant2": 0.0,
        "Lettuce2": 0.0,
        "Okra2": 0.0,
        "Potatoes2": 0.0,
        "RedBellPepper2": 0.0,
        "SweetPotatoes2": 0.0,
        "Tomatoes2": 0.0,
        "Zucchini2": 0.0
    },
    "nutrition_required_per_period": {
        "A": 0.2555,
        "B1": 0.4015,
        "C": 16.425,
        "Carbohydrates": 85775.0,
        "E": 5.475,
        "Iron": 6.570000000000001,
        "Protein": 16790.0,
        "Zinc": 2.92
    },
    "nutrition_produced_per_period": {
        "0": {
            "A": 18.748652,
            "B1": 2.27876,
            "C": 879.8384000000001,
            "Carbohydrates": 1549473.76,
            "E": 5.66272,
            "Iron": 7.120840000000001,
            "Protein": 183003.6,
            "Zinc": 6.393999999999999
        }
    },
    "nutrition_deficit_per_period": {
        "0": {
            "A": -18.493152,
            "B1": -1.8772600000000002,
            "C": -863.4134000000001,
            "Carbohydrates": -1463698.76,
            "E": -0.18772000000000055,
            "Iron": -0.55084,
            "Protein": -166213.6,
            "Zinc": -3.4739999999999993
        }
    }
}
