
[32m19:38:54[0m | [1mINFO    [0m | - [1mParsing problem definition from config files[0m


[32m19:38:54[0m | [1mINFO    [0m | - [1mRunning solver of type NUTRITION_AND_MARKET_VALUE[0m

19:38:54 |              Building model
Set parameter WLSAccessID
Set parameter WLSSecret
Set parameter LicenseID to value 2409054
Read parameters from file gurobi.env
Academic license 2409054 - for non-commercial use only - registered to pi___@live.nl
Set parameter WLSAccessID
Set parameter WLSSecret
Set parameter LicenseID to value 2409054
Read parameters from file gurobi.env
Academic license 2409054 - for non-commercial use only - registered to pi___@live.nl

--------------------
19:38:54 | START    | - RUNNING Nutrition_maximization model
--------------------
[32m19:38:54[0m | [31m[1mERROR   [0m | - [31m[1mwidth: 600.0 Height: 700.0[0m
[32m19:38:54[0m | [31m[1mERROR   [0m | - [31m[1mless 48[0m
[32m19:38:54[0m | [31m[1mERROR   [0m | - [31m[1mless 168[0m
[32m19:38:54[0m | [31m[1mERROR   [0m | - [31m[1mless 255[0m
[32m19:38:54[0m | [31m[1mERROR   [0m | - [31m[1mless 304[0m
[32m19:38:54[0m | [31m[1mERROR   [0m | - [31m[1mless 168[0m
[32m19:38:54[0m | [31m[1mERROR   [0m | - [31m[1mless 304[0m
[32m19:38:54[0m | [31m[1mERROR   [0m | - [31m[1mless 168[0m
[32m19:38:54[0m | [31m[1mERROR   [0m | - [31m[1mless 120[0m
[32m19:38:54[0m | [31m[1mERROR   [0m | - [31m[1mless 48[0m
[32m19:38:54[0m | [31m[1mERROR   [0m | - [31m[1mless 168[0m
[32m19:38:54[0m | [31m[1mERROR   [0m | - [31m[1mless 255[0m
[32m19:38:54[0m | [31m[1mERROR   [0m | - [31m[1mless 304[0m
[32m19:38:54[0m | [31m[1mERROR   [0m | - [31m[1mless 168[0m
[32m19:38:54[0m | [31m[1mERROR   [0m | - [31m[1mless 304[0m
[32m19:38:54[0m | [31m[1mERROR   [0m | - [31m[1mless 168[0m
[32m19:38:54[0m | [31m[1mERROR   [0m | - [31m[1mless 120[0m
19:38:58 |              Solution status: OptimizationStatus.OPTIMAL
19:38:58 |              Objective (Minimization nutrient shortage) value: 24.0   Optimality gap: 0.00%
19:38:58 |              {'Eggplant': 0.0, 'Lettuce': 0.0, 'Okra': 204.0, 'Potatoes': 120.0, 'RedBellPepper': 78.0, 'SweetPotatoes': 0.0, 'Tomatoes': 98.0, 'Zucchini': 0.0, 'Eggplant2': 0.0, 'Lettuce2': 0.0, 'Okra2': 4.0, 'Potatoes2': 90.0, 'RedBellPepper2': 84.0, 'SweetPotatoes2': 0.0, 'Tomatoes2': 168.0, 'Zucchini2': -0.0}
19:38:58 |              
[32m19:38:59[0m | [32m[1mSUCCESS [0m | - [32m[1mRuntime model Nutrition_maximization: 5.25 seconds[0m
19:38:59 | END      | 
--------------------



[32m19:38:59[0m | [1mINFO    [0m | - [1m[32mSkipping value opt[0m[1m, valueOptAfterNutri=FALSE[0m


[32m19:39:01[0m | [1mINFO    [0m | - [1mModel results saved to folder: TestScenarios/Nutri/8crops-8nutri-6x7/3p/output/24-04-29 19:38:54[0m

{
    "name": "Nutrition_maximization",
    "resultConclusion": {
        "Nutrition_maximization": "OPTIMAL",
        "Value_maximization": "undefined"
    },
    "total_crops": 846,
    "total_space": "152.7 m2",
    "selected_crop_amounts": {
        "Eggplant": 0.0,
        "Lettuce": 0.0,
        "Okra": 204.0,
        "Potatoes": 120.0,
        "RedBellPepper": 78.0,
        "SweetPotatoes": 0.0,
        "Tomatoes": 98.0,
        "Zucchini": 0.0,
        "Eggplant2": 0.0,
        "Lettuce2": 0.0,
        "Okra2": 4.0,
        "Potatoes2": 90.0,
        "RedBellPepper2": 84.0,
        "SweetPotatoes2": 0.0,
        "Tomatoes2": 168.0,
        "Zucchini2": -0.0
    },
    "crop_crow_time_range": [
        [
            -1,
            -1
        ],
        [
            -1,
            -1
        ],
        [
            145.0,
            205.0
        ],
        [
            1.0,
            81.0
        ],
        [
            1.0,
            71.0
        ],
        [
            -1,
            -1
        ],
        [
            205.0,
            285.0
        ],
        [
            -1,
            -1
        ],
        [
            -1,
            -1
        ],
        [
            -1,
            -1
        ],
        [
            225.0,
            285.0
        ],
        [
            205.0,
            285.0
        ],
        [
            71.0,
            141.0
        ],
        [
            -1,
            -1
        ],
        [
            285.0,
            365.0
        ],
        [
            -1,
            -1
        ]
    ],
    "space_by_crop_type": {
        "Eggplant": "0.0 m2",
        "Lettuce": "0.0 m2",
        "Okra": "30.599999999999998 m2",
        "Potatoes": "14.399999999999999 m2",
        "RedBellPepper": "17.55 m2",
        "SweetPotatoes": "0.0 m2",
        "Tomatoes": "22.05 m2",
        "Zucchini": "0.0 m2",
        "Eggplant2": "0.0 m2",
        "Lettuce2": "0.0 m2",
        "Okra2": "0.6 m2",
        "Potatoes2": "10.799999999999999 m2",
        "RedBellPepper2": "18.900000000000002 m2",
        "SweetPotatoes2": "0.0 m2",
        "Tomatoes2": "37.800000000000004 m2",
        "Zucchini2": "-0.0 m2"
    },
    "yield_by_crop_type": {
        "Eggplant": "0.0 g",
        "Lettuce": "0.0 g",
        "Okra": "306000.0 g",
        "Potatoes": "597600.0 g",
        "RedBellPepper": "124800.0 g",
        "SweetPotatoes": "0.0 g",
        "Tomatoes": "127400.0 g",
        "Zucchini": "0.0 g",
        "Eggplant2": "0.0 g",
        "Lettuce2": "0.0 g",
        "Okra2": "6000.0 g",
        "Potatoes2": "448200.0 g",
        "RedBellPepper2": "134400.0 g",
        "SweetPotatoes2": "0.0 g",
        "Tomatoes2": "218400.0 g",
        "Zucchini2": "-0.0 g"
    },
    "value_by_crop_type": {
        "Eggplant": 0.0,
        "Lettuce": 0.0,
        "Okra": 0.0,
        "Potatoes": 0.0,
        "RedBellPepper": 0.0,
        "SweetPotatoes": 0.0,
        "Tomatoes": 0.0,
        "Zucchini": 0.0,
        "Eggplant2": 0.0,
        "Lettuce2": 0.0,
        "Okra2": 0.0,
        "Potatoes2": 0.0,
        "RedBellPepper2": 0.0,
        "SweetPotatoes2": 0.0,
        "Tomatoes2": 0.0,
        "Zucchini2": -0.0
    },
    "nutrition_required_per_period": {
        "A": 0.08516666666666667,
        "B1": 0.13383333333333333,
        "C": 5.4750000000000005,
        "Carbohydrates": 28591.666666666668,
        "E": 1.825,
        "Iron": 2.1900000000000004,
        "Protein": 5596.666666666667,
        "Zinc": 0.9733333333333333
    },
    "nutrition_produced_per_period": {
        "0": {
            "A": 5.938872,
            "B1": 0.7260000000000001,
            "C": 294.3456,
            "Carbohydrates": 489846.72,
            "E": 1.97184,
            "Iron": 2.28936,
            "Protein": 57895.2,
            "Zinc": 2.0423999999999998
        },
        "1": {
            "A": 0.321168,
            "B1": 0.68592,
            "C": 261.228,
            "Carbohydrates": 29063.760000000002,
            "E": 2.12352,
            "Iron": 2.3676,
            "Protein": 7023.6,
            "Zinc": 2.0436
        },
        "2": {
            "A": 4.454598,
            "B1": 0.63493706,
            "C": 137.6392,
            "Carbohydrates": 376975.8,
            "E": 1.8673199999999999,
            "Iron": 2.3602800000000004,
            "Protein": 45805.2,
            "Zinc": 1.96726
        }
    },
    "nutrition_deficit_per_period": {
        "0": {
            "A": -5.853705333333333,
            "B1": -0.5921666666666667,
            "C": -288.87059999999997,
            "Carbohydrates": -461255.0533333333,
            "E": -0.14684000000000008,
            "Iron": -0.09935999999999945,
            "Protein": -52298.53333333333,
            "Zinc": -1.0690666666666666
        },
        "1": {
            "A": -0.23600133333333334,
            "B1": -0.5520866666666666,
            "C": -255.75300000000001,
            "Carbohydrates": -472.09333333333416,
            "E": -0.2985200000000001,
            "Iron": -0.17759999999999954,
            "Protein": -1426.9333333333334,
            "Zinc": -1.070266666666667
        },
        "2": {
            "A": -4.369431333333333,
            "B1": -0.5011037266666667,
            "C": -132.1642,
            "Carbohydrates": -348384.1333333333,
            "E": -0.04231999999999991,
            "Iron": -0.17028,
            "Protein": -40208.53333333333,
            "Zinc": -0.9939266666666667
        }
    }
}
