Set parameter WLSAccessID
Set parameter WLSSecret
Set parameter LicenseID to value 2409054
Read parameters from file gurobi.env
Academic license 2409054 - for non-commercial use only - registered to pi___@live.nl
Set parameter WLSAccessID
Set parameter WLSSecret
Set parameter LicenseID to value 2409054
Read parameters from file gurobi.env
Academic license 2409054 - for non-commercial use only - registered to pi___@live.nl
Set parameter OutputFlag to value 1
Warning for adding constraints: zero or small (< 1e-13) coefficients, ignored
Set parameter TimeLimit to value 600
Set parameter NodeLimit to value 1073741824
Set parameter SolutionLimit to value 65535
Set parameter IntFeasTol to value 1e-06
Set parameter Method to value 3
Gurobi Optimizer version 11.0.1 build v11.0.1rc0 (linux64 - "Ubuntu 22.04.4 LTS")

CPU model: AMD Ryzen 7 5800X 8-Core Processor, instruction set [SSE2|AVX|AVX2]
Thread count: 8 physical cores, 16 logical processors, using up to 16 threads

Academic license 2409054 - for non-commercial use only - registered to pi___@live.nl
Optimize a model with 2522 rows, 1268 columns and 7498 nonzeros
Model fingerprint: 0x846d685b
Variable types: 96 continuous, 1172 integer (982 binary)
Coefficient statistics:
  Matrix range     [3e-04, 2e+04]
  Objective range  [1e+00, 1e+00]
  Bounds range     [1e+00, 1e+03]
  RHS range        [1e+00, 1e+03]
Presolve removed 346 rows and 29 columns
Presolve time: 0.02s
Presolved: 2176 rows, 1239 columns, 7040 nonzeros
Variable types: 96 continuous, 1143 integer (964 binary)
Found heuristic solution: objective -0.0000000
Found heuristic solution: objective 0.0442283
Concurrent LP optimizer: primal simplex, dual simplex, and barrier
Showing barrier log only...

Root barrier log...

Ordering time: 0.01s

Barrier performed 0 iterations in 0.05 seconds (0.06 work units)
Barrier solve interrupted - model solved by another algorithm


Solved with primal simplex

Root relaxation: objective 3.200000e+01, 483 iterations, 0.02 seconds (0.02 work units)

    Nodes    |    Current Node    |     Objective Bounds      |     Work
 Expl Unexpl |  Obj  Depth IntInf | Incumbent    BestBd   Gap | It/Node Time

     0     0   32.00000    0   39    0.04423   32.00000      -     -    0s
H    0     0                       2.9452085   32.00000   987%     -    0s
H    0     0                       3.9871863   32.00000   703%     -    0s
H    0     0                       8.0000000   32.00000   300%     -    0s
H    0     0                      20.2104217   32.00000  58.3%     -    0s
     0     0   32.00000    0  148   20.21042   32.00000  58.3%     -    0s
H    0     0                      20.4155723   32.00000  56.7%     -    0s
     0     0   31.98543    0  198   20.41557   31.98543  56.7%     -    0s
H    0     0                      21.1204192   31.91459  51.1%     -    0s
H    0     0                      21.7549711   31.91459  46.7%     -    0s
H    0     0                      21.9189256   31.91459  45.6%     -    0s
     0     0   31.91459    0  119   21.91893   31.91459  45.6%     -    0s
H    0     0                      21.9392947   31.89757  45.4%     -    0s
     0     0   31.89757    0  159   21.93929   31.89757  45.4%     -    0s
     0     0   31.87596    0  195   21.93929   31.87596  45.3%     -    0s
H    0     0                      21.9444234   31.87054  45.2%     -    0s
     0     0   31.87054    0  188   21.94442   31.87054  45.2%     -    0s
H    0     0                      22.0008399   31.87054  44.9%     -    0s
H    0     0                      23.5641421   31.84615  35.1%     -    0s
H    0     0                      23.9504766   31.84615  33.0%     -    0s
     0     0   31.84615    0  201   23.95048   31.84615  33.0%     -    0s
H    0     0                      24.2215083   31.84558  31.5%     -    0s
     0     0   31.84447    0  182   24.22151   31.84447  31.5%     -    0s
H    0     0                      24.7070908   31.84447  28.9%     -    0s
     0     0   31.83864    0  181   24.70709   31.83864  28.9%     -    0s
     0     0   31.83783    0  200   24.70709   31.83783  28.9%     -    0s
H    0     0                      24.8895642   31.83783  27.9%     -    0s
     0     0   31.83535    0  211   24.88956   31.83535  27.9%     -    0s
     0     0   31.80427    0  169   24.88956   31.80427  27.8%     -    0s
H    0     0                      27.2892442   31.80427  16.5%     -    0s
     0     0   31.80427    0  200   27.28924   31.80427  16.5%     -    0s
     0     0   31.80427    0  186   27.28924   31.80427  16.5%     -    0s
H    0     0                      27.3323904   31.80427  16.4%     -    0s
H    0     0                      27.8862134   31.80427  14.1%     -    0s
     0     0   31.80427    0  213   27.88621   31.80427  14.1%     -    0s
H    0     0                      27.8913422   31.80427  14.0%     -    0s
H    0     0                      27.9766390   31.80427  13.7%     -    0s
     0     0   31.80427    0  204   27.97664   31.80427  13.7%     -    0s
     0     0   31.80427    0   80   27.97664   31.80427  13.7%     -    0s
     0     0   31.80427    0  124   27.97664   31.80427  13.7%     -    0s
     0     0   31.80427    0  103   27.97664   31.80427  13.7%     -    0s
     0     0   31.80427    0   85   27.97664   31.80427  13.7%     -    0s
     0     2   31.80427    0   61   27.97664   31.80427  13.7%     -    0s
H  140   133                      28.0093038   31.80427  13.5%   150    0s
H  556   532                      29.4047053   31.80427  8.16%  62.0    1s
H  571   519                      30.1307163   31.80427  5.55%  62.3    1s
H  678   556                      30.2443686   31.80427  5.16%  62.5    1s
H  679   556                      30.2470207   31.80427  5.15%  62.5    1s
  2174  1836   31.52338   23  149   30.24702   31.80427  5.15%  70.9    5s
H 2768  2103                      30.2564384   31.80427  5.12%  65.6    5s
H 3335  2267                      30.2852311   31.80427  5.02%  64.2    6s
H 3356  2200                      30.3160769   31.80427  4.91%  64.5    7s
H 3361  2110                      30.5547467   31.80427  4.09%  64.5    7s
  7332  4300   31.48327   33  227   30.55475   31.79990  4.08%  64.3   10s
 14407  8882   31.61510   24  267   30.55475   31.75920  3.94%  75.7   15s
H16424 10028                      30.5725001   31.75920  3.88%  77.5   17s
H16426 10015                      30.5784180   31.75920  3.86%  77.5   17s
 16444 10170   30.77359   32  192   30.57842   31.75920  3.86%  77.6   20s
 23232 15032   30.63216   65  132   30.57842   31.73948  3.80%  80.5   25s
 28745 18597   31.01307   35  177   30.57842   31.73253  3.77%  84.5   30s
 36453 24061   31.31648   36  129   30.57842   31.72053  3.74%  87.1   35s
 42094 26173   30.95827   41   85   30.57842   31.71667  3.72%  87.0   44s
 42097 26175   31.66465   35  108   30.57842   31.71667  3.72%  87.0   45s
 43081 26800   31.61545   45  156   30.57842   31.71667  3.72%  87.5   50s
 48737 29043   30.89451   59  148   30.57842   31.71308  3.71%  86.6   55s
 54928 31040   31.14766   50  171   30.57842   31.69809  3.66%  87.2   60s
 62355 33110   30.99463   66  118   30.57842   31.68751  3.63%  87.9   65s
 70271 36384 infeasible  106        30.57842   31.68395  3.62%  88.4   70s
 78446 39158   31.32688   56  178   30.57842   31.67961  3.60%  88.4   75s
 89558 42747   31.32669   63  203   30.57842   31.67693  3.59%  88.6   80s
 97557 45246   31.45880   48  284   30.57842   31.67388  3.58%  89.0   85s
 103800 46972   31.15586   62  198   30.57842   31.67204  3.58%  90.1   90s
 113126 49637   30.63212   87   95   30.57842   31.67006  3.57%  90.5   96s
 120738 51897   31.16905   68  230   30.57842   31.66933  3.57%  91.1  100s
 127769 56086   31.02750   39  174   30.57842   31.66684  3.56%  91.8  105s
 133219 59604   31.65052   53  357   30.57842   31.66677  3.56%  92.3  110s
 141890 64712   30.90815   73  168   30.57842   31.66398  3.55%  92.9  116s
 148017 67973   31.61804   52  268   30.57842   31.66355  3.55%  93.3  121s
 152825 71476   31.58406   30  215   30.57842   31.66225  3.54%  93.9  126s
 157576 74352   31.30685   67  235   30.57842   31.66195  3.54%  94.3  130s
 164135 78361   30.89799   55  170   30.57842   31.66121  3.54%  94.9  135s
 170432 81949   31.62080   32  169   30.57842   31.66004  3.54%  95.4  141s
 175981 85181   30.73099   80  157   30.57842   31.65920  3.53%  95.9  146s
 180063 87882   31.08483   65  181   30.57842   31.65844  3.53%  96.5  150s
 187059 91392   31.51172   51  202   30.57842   31.65718  3.53%  97.0  157s
H187422 91392                      30.5784180   31.65698  3.53%  97.1  157s
 187704 91850   31.43570   56  277   30.57842   31.65698  3.53%  97.1  163s
 188429 93142   31.30168   57  200   30.57842   31.65691  3.53%  97.2  165s
 194980 96608   30.98436   72  120   30.57842   31.65575  3.52%  97.3  170s
 201085 100500   31.47102   48  250   30.57842   31.65474  3.52%  97.7  175s
 207022 103933   31.56408   51  244   30.57842   31.65372  3.52%  98.1  180s
 212851 107659   31.58133   40  250   30.57842   31.65305  3.51%  98.6  185s
 219218 111657   31.11368   62  258   30.57842   31.65176  3.51%  99.1  191s
 223760 114226   31.60872   54  286   30.57842   31.65142  3.51%  99.2  195s
 230304 118300   30.77678   65  150   30.57842   31.65096  3.51%   100  200s
 236444 122000   31.48494   47  235   30.57842   31.64966  3.50%   100  206s
 240863 124628   31.27873   57  327   30.57842   31.64921  3.50%   100  210s
 247260 127992   31.43857   54  156   30.57842   31.64827  3.50%   100  216s
 253501 131517   31.61231   32  265   30.57842   31.64730  3.50%   101  221s
 257288 134206   31.62008   64  318   30.57842   31.64668  3.49%   101  226s
 262109 136860   31.30076   65  247   30.57842   31.64567  3.49%   101  231s
 266390 139435     cutoff   75        30.57842   31.64511  3.49%   102  235s
 270612 142735   30.79858   77  186   30.57842   31.64419  3.49%   102  240s
 277284 146447   30.88848   58  185   30.57842   31.64337  3.48%   102  246s
 281715 149082   31.55964   63  261   30.57842   31.64250  3.48%   102  250s
 288343 153112   31.29102   67  195   30.57842   31.64158  3.48%   102  256s
 292940 155830     cutoff   98        30.57842   31.64135  3.48%   102  261s
 297230 158681   31.44141   54  262   30.57842   31.64072  3.47%   102  265s
 304079 162396   31.55342   64  282   30.57842   31.64072  3.47%   102  271s
 308284 165425   31.59966   61  242   30.57842   31.64072  3.47%   102  276s
 313502 168645     cutoff   77        30.57842   31.64072  3.47%   102  281s
 318436 171650   31.42287   66  273   30.57842   31.64072  3.47%   102  285s
 323047 174540   31.29155   70  208   30.57842   31.64072  3.47%   102  290s
 328384 177487     cutoff   77        30.57842   31.64072  3.47%   102  295s
 335576 181887 infeasible  109        30.57842   31.64072  3.47%   102  301s
 340400 184882     cutoff   71        30.57842   31.64072  3.47%   102  305s
 347397 188763   31.57949   61  297   30.57842   31.64072  3.47%   102  311s
 351392 191248   31.50721   64  289   30.57842   31.64028  3.47%   102  316s
 355659 193999   31.43951   67  265   30.57842   31.63978  3.47%   102  320s
 362418 197876   31.08865   70  134   30.57842   31.63894  3.47%   102  326s
 367268 200822   31.50406   52  239   30.57842   31.63881  3.47%   102  331s
 371595 203559   31.04679   46  145   30.57842   31.63872  3.47%   102  336s
 376543 206509   31.57336   48  246   30.57842   31.63818  3.47%   102  341s
 380761 209334   31.30067   58  315   30.57842   31.63771  3.46%   102  346s
 385487 212132   30.98423   67  127   30.57842   31.63707  3.46%   102  351s
 390914 215545   31.35624   55  211   30.57842   31.63653  3.46%   103  356s
 395921 218606   31.60808   60  251   30.57842   31.63644  3.46%   103  361s
 401180 221446   31.60531   59  248   30.57842   31.63617  3.46%   103  366s
 405305 223671   31.53756   64  297   30.57842   31.63555  3.46%   103  370s
 409487 226994   30.80285   51  183   30.57842   31.63509  3.46%   103  377s
 412124 228425   31.53751   58  320   30.57842   31.63465  3.45%   103  380s
 417559 231397   31.59152   52  279   30.57842   31.63397  3.45%   103  385s
 422961 234987   31.12664   44  301   30.57842   31.63343  3.45%   103  392s
 427785 237645   31.21371   54  205   30.57842   31.63332  3.45%   103  396s
 431771 239932   31.42857   49  232   30.57842   31.63332  3.45%   104  402s
 434060 241777   30.85435   54  185   30.57842   31.63332  3.45%   104  405s
 438650 244394   31.10584   65  220   30.57842   31.63209  3.45%   104  411s
 443899 247530   31.58947   61  315   30.57842   31.63208  3.45%   104  417s
 448652 250069   30.74292   79  201   30.57842   31.63102  3.44%   104  422s
 453280 252877   30.86500   83  204   30.57842   31.63067  3.44%   104  427s
 455692 254228   31.60693   40  169   30.57842   31.63041  3.44%   105  430s
 460703 256956   31.50927   61  204   30.57842   31.63028  3.44%   105  436s
 465717 259979   31.55664   61  327   30.57842   31.62980  3.44%   105  442s
 470502 263065   31.30882   48  226   30.57842   31.62954  3.44%   105  447s
 473514 264243     cutoff   63        30.57842   31.62941  3.44%   105  450s
 478240 267158   31.34561   62  253   30.57842   31.62909  3.44%   105  456s
 483565 270699   31.56506   65  233   30.57842   31.62853  3.43%   105  462s
 486156 272475   31.44685   71  189   30.57842   31.62853  3.43%   105  465s
 491318 275215   31.40489   40  293   30.57842   31.62820  3.43%   105  470s
 495822 278302   31.61437   39  274   30.57842   31.62755  3.43%   105  477s
 500707 280047   31.59657   61  342   30.57842   31.62730  3.43%   105  480s
 503873 283107   31.18396   63  133   30.57842   31.62713  3.43%   105  485s
 508566 285981   31.30915   60  315   30.57842   31.62695  3.43%   106  491s
 513690 288688   31.41689   62  297   30.57842   31.62641  3.43%   106  496s
 518301 290373   31.21656   51  240   30.57842   31.62609  3.43%   106  500s
 521339 293596   31.55394   70  315   30.57842   31.62577  3.43%   106  506s
 526776 296504   31.54422   66  278   30.57842   31.62564  3.42%   106  511s
 531208 299245   31.60508   55  282   30.57842   31.62517  3.42%   106  516s
 533514 300897   31.62517   30  223   30.57842   31.62517  3.42%   106  520s
 539032 303927   31.60214   40  185   30.57842   31.62517  3.42%   106  525s
 543706 307168   31.47508   62  316   30.57842   31.62464  3.42%   106  532s
 548495 310285   31.10215   65  192   30.57842   31.62408  3.42%   106  538s
 550992 311855   31.57394   65  253   30.57842   31.62408  3.42%   106  541s
 556377 315618   30.98572   53  218   30.57842   31.62385  3.42%   106  547s
 559293 316724   31.60964   50  308   30.57842   31.62367  3.42%   106  550s
 563494 319788   31.02256   66  280   30.57842   31.62337  3.42%   106  556s
 566134 321474   31.50779   63  252   30.57842   31.62320  3.42%   107  560s
 571617 323932   31.20320   60  217   30.57842   31.62279  3.42%   107  567s
H571750 323932                      30.5784180   31.62279  3.42%   107  567s
 574005 325705   31.32138   67  245   30.57842   31.62278  3.42%   107  570s
 579534 327568   31.32117   55  239   30.57842   31.62250  3.41%   107  588s
 579602 329257 infeasible   56        30.57842   31.62250  3.41%   107  592s
 582427 330307   31.04529   77  157   30.57842   31.62249  3.41%   107  595s
 586918 332480   30.92116   76  127   30.57842   31.62249  3.41%   107  600s

Cutting planes:
  Learned: 29
  Gomory: 96
  Cover: 2120
  Implied bound: 292
  Clique: 19
  MIR: 1517
  Mixing: 48
  StrongCG: 121
  Flow cover: 4148
  GUB cover: 3
  Inf proof: 118
  Zero half: 39
  RLT: 126
  Relax-and-lift: 79
  BQP: 30
  PSD: 4

Explored 587806 nodes (63050999 simplex iterations) in 600.01 seconds (930.30 work units)
Thread count was 16 (of 16 available processors)

Solution count 10: 30.5784 30.5784 30.5784 ... 30.2444

Time limit reached
Best objective 3.057841796026e+01, best bound 3.162234066303e+01, gap 3.4139%
Set parameter WLSAccessID
Set parameter WLSSecret
Set parameter LicenseID to value 2409054
Read parameters from file gurobi.env
Academic license 2409054 - for non-commercial use only - registered to pi___@live.nl
Set parameter WLSAccessID
Set parameter WLSSecret
Set parameter LicenseID to value 2409054
Read parameters from file gurobi.env
Academic license 2409054 - for non-commercial use only - registered to pi___@live.nl
Set parameter OutputFlag to value 1
Warning for adding constraints: zero or small (< 1e-13) coefficients, ignored
Set parameter WLSAccessID
Set parameter WLSSecret
Set parameter LicenseID to value 2409054
Read parameters from file gurobi.env
Academic license 2409054 - for non-commercial use only - registered to pi___@live.nl
Set parameter TimeLimit to value 800
Set parameter NodeLimit to value 1073741824
Set parameter SolutionLimit to value 65535
Set parameter IntFeasTol to value 1e-06
Set parameter Method to value 3
Gurobi Optimizer version 11.0.1 build v11.0.1rc0 (linux64 - "Ubuntu 22.04.4 LTS")

CPU model: AMD Ryzen 7 5800X 8-Core Processor, instruction set [SSE2|AVX|AVX2]
Thread count: 8 physical cores, 16 logical processors, using up to 16 threads

Academic license 2409054 - for non-commercial use only - registered to pi___@live.nl
Optimize a model with 2554 rows, 1268 columns and 7530 nonzeros
Model fingerprint: 0xcb641e1f
Variable types: 96 continuous, 1172 integer (982 binary)
Coefficient statistics:
  Matrix range     [3e-04, 2e+04]
  Objective range  [6e+01, 1e+03]
  Bounds range     [1e+00, 1e+03]
  RHS range        [6e-01, 1e+03]

Warning: Completing partial solution with 1156 unfixed non-continuous variables out of 1172
User MIP start produced solution with objective 37048 (0.02s)
Loaded user MIP start with objective 37048

Presolve removed 487 rows and 100 columns
Presolve time: 0.02s
Presolved: 2067 rows, 1168 columns, 6573 nonzeros
Variable types: 64 continuous, 1104 integer (931 binary)
Concurrent LP optimizer: primal simplex, dual simplex, and barrier
Showing barrier log only...

Root barrier log...

Ordering time: 0.02s

Barrier performed 0 iterations in 0.07 seconds (0.07 work units)
Barrier solve interrupted - model solved by another algorithm


Solved with dual simplex
Extra simplex iterations after uncrush: 1

Root relaxation: objective 9.142952e+05, 1180 iterations, 0.02 seconds (0.02 work units)

    Nodes    |    Current Node    |     Objective Bounds      |     Work
 Expl Unexpl |  Obj  Depth IntInf | Incumbent    BestBd   Gap | It/Node Time

     0     0 914295.247    0  158 37048.0000 914295.247  2368%     -    0s
H    0     0                    37488.000000 914295.247  2339%     -    0s
     0     0 899423.443    0  319 37488.0000 899423.443  2299%     -    0s
     0     0 899101.302    0  311 37488.0000 899101.302  2298%     -    0s
     0     0 898914.093    0  305 37488.0000 898914.093  2298%     -    0s
     0     0 882677.515    0  361 37488.0000 882677.515  2255%     -    0s
     0     0 882541.062    0  320 37488.0000 882541.062  2254%     -    0s
     0     0 882265.086    0  303 37488.0000 882265.086  2253%     -    0s
     0     0 879150.387    0  359 37488.0000 879150.387  2245%     -    0s
     0     0 878618.940    0  247 37488.0000 878618.940  2244%     -    0s
     0     2 878618.940    0  245 37488.0000 878618.940  2244%     -    0s
H   35    40                    38062.000000 865279.267  2173%   379    0s
H  211   214                    60732.000000 865279.267  1325%   219    0s
  2131  1384 828143.002   15  415 60732.0000 832632.925  1271%   137    5s
  3051  1403 infeasible   24      60732.0000 825249.998  1259%   210   10s
  4089  1484 infeasible   32      60732.0000 790403.912  1201%   248   15s
  5962  1448 745108.282   17  459 60732.0000 753444.541  1141%   255   20s
  8650  2493 584085.061   38  342 60732.0000 711055.746  1071%   256   25s
 10775  3270 604696.395   28  264 60732.0000 691379.425  1038%   263   30s
 13637  4179 644358.357   25  281 60732.0000 678275.418  1017%   268   35s
 15710  5046 infeasible   23      60732.0000 671231.542  1005%   269   40s
 18713  6219 infeasible   31      60732.0000 664273.498   994%   267   45s
 21141  7076 597746.959   28  348 60732.0000 660462.464   988%   268   50s
 23948  7911 599582.028   27  252 60732.0000 655852.166   980%   269   55s
 27116  9216 556266.418   34  237 60732.0000 651121.561   972%   268   60s
 29430 10054 617527.063   31  344 60732.0000 647865.273   967%   267   65s
 32984 11308 520310.500   36  191 60732.0000 644392.119   961%   268   71s
 35606 12317 infeasible   32      60732.0000 641626.311   956%   269   76s
 38477 13481 615172.485   27  364 60732.0000 638458.994   951%   268   81s
 41827 14090 493875.923   30  247 60732.0000 636155.880   947%   267   95s
 41857 14110 624942.534   23  438 60732.0000 636155.880   947%   267  100s
 41880 14125 434734.995   47  444 60732.0000 636155.880   947%   267  105s
 41902 14140 340329.375   44  443 60732.0000 636155.880   947%   267  110s
 41923 14154 435495.126   45  487 60732.0000 636155.880   947%   266  115s
 41944 14168 492451.416   44  470 60732.0000 636155.880   947%   266  120s
 41964 14181 613588.398   28  439 60732.0000 636155.880   947%   266  125s
 41984 14195 611233.504   21  484 60732.0000 636155.880   947%   266  130s
 42003 14207 536984.479   31  508 60732.0000 636155.880   947%   266  135s
 42024 14221 493421.216   39  422 60732.0000 636155.880   947%   266  140s
 42040 14235 636155.880   21  385 60732.0000 636155.880   947%   272  145s
 43281 14395 infeasible   46      60732.0000 636155.880   947%   268  150s
 47526 14482 586986.505   37  267 60732.0000 636155.880   947%   255  155s
 54148 14992 590890.735   40  263 60732.0000 636155.880   947%   235  160s
 62047 15029 605931.713   40  249 60732.0000 636155.880   947%   216  165s
 73267 16010 636155.880   49  204 60732.0000 636155.880   947%   190  170s
 96669 22566 636155.880   33  329 60732.0000 636155.880   947%   154  175s
 108002 26501 infeasible   48      60732.0000 636155.880   947%   143  180s
 126273 32956 486220.830   41  205 60732.0000 636155.880   947%   129  185s
 143681 39363 infeasible   51      60732.0000 636155.880   947%   119  190s
 160733 45943 infeasible   64      60732.0000 636155.880   947%   111  195s
 171302 51579 575222.875   39  234 60732.0000 636155.880   947%   108  200s
 190568 56667 543542.587   44  255 60732.0000 632861.723   942%   101  205s
 206563 62463 467613.362   52  192 60732.0000 627842.477   934%  97.2  210s
 227949 70118 infeasible   60      60732.0000 622716.362   925%  91.9  215s
 248861 77336 507202.469   44  203 60732.0000 618538.806   918%  87.6  220s
 264349 82346 556827.831   48  224 60732.0000 615352.381   913%  85.1  225s
 283298 88621 588511.576   49  287 60732.0000 612507.155   909%  82.2  230s
 300792 97185 532761.245   41  266 60732.0000 610133.696   905%  79.7  235s
 332103 105652 575624.681   44  233 60732.0000 607033.638   900%  75.5  240s
 344489 109981 infeasible   41      60732.0000 605405.629   897%  74.3  245s
 363167 116190 infeasible   61      60732.0000 603695.618   894%  72.5  250s
 384052 124296 infeasible   44      60732.0000 601716.754   891%  70.6  255s
 406023 131078 infeasible   65      60732.0000 600171.391   888%  68.7  260s
 427424 138466 451234.316   53  208 60732.0000 598717.793   886%  67.0  265s
 449555 146361 infeasible   55      60732.0000 597354.300   884%  65.4  270s
 473087 155922 593857.565   40  265 60732.0000 595837.532   881%  63.9  275s
 495699 162691 568081.721   43  222 60732.0000 594498.650   879%  62.6  280s
 515658 169517 481635.438   49  208 60732.0000 593371.074   877%  61.5  285s
 534531 176827 455284.972   52  173 60732.0000 592239.211   875%  60.7  290s
 553082 183518 443031.206   46  240 60732.0000 591337.203   874%  59.8  295s
 576775 192266 583512.474   39  253 60732.0000 590106.170   872%  58.8  300s
 598112 199745 469754.639   47  218 60732.0000 588944.719   870%  58.1  305s
 622698 208020 523230.879   50  226 60732.0000 587822.812   868%  57.2  310s
 639993 213075 infeasible   41      60732.0000 587104.219   867%  56.5  315s
 656768 220011 498347.644   49  188 60732.0000 586176.129   865%  56.1  320s
 675599 224915 418478.555   59  172 60732.0000 585254.527   864%  55.6  325s
 701533 234341 infeasible   43      60732.0000 584347.861   862%  54.8  330s
 717184 240933 533791.136   46  272 60732.0000 583718.469   861%  54.5  335s
 722519 241408 infeasible   51      60732.0000 583461.601   861%  54.4  340s
 736476 246067 infeasible   48      60732.0000 582735.664   860%  54.2  345s
 753819 251913 infeasible   56      60732.0000 582089.799   858%  53.8  351s
 769651 257115 499386.645   42  266 60732.0000 581343.674   857%  53.4  355s
 788138 263899 infeasible   59      60732.0000 580721.264   856%  53.0  360s
 808891 271405 infeasible   68      60732.0000 580146.245   855%  52.5  365s
 829711 278537 557479.432   40  274 60732.0000 579437.530   854%  52.1  370s
 846922 285429 128131.531   67  144 60732.0000 578812.752   853%  51.8  375s
 871131 293207 infeasible   53      60732.0000 578130.681   852%  51.3  380s
 891848 300420 infeasible   44      60732.0000 577519.828   851%  51.0  385s
 909702 306118 infeasible   43      60732.0000 576960.615   850%  50.8  390s
 928446 317181 333521.693   67  106 60732.0000 576326.284   849%  50.5  395s
 949527 321300 546700.675   53  247 60732.0000 575773.172   848%  50.2  400s
 969894 327358 infeasible   45      60732.0000 575152.657   847%  50.0  405s
 988783 333343 525414.196   44  232 60732.0000 574485.828   846%  49.8  410s
 1008326 339532 368568.707   52  151 60732.0000 573826.731   845%  49.6  415s
 1031021 347807 538333.920   51  241 60732.0000 573289.436   844%  49.3  420s
 1051445 356611 519866.694   60  198 60732.0000 572805.736   843%  49.1  425s
 1069097 362696 349924.034   67  142 60732.0000 572367.435   842%  48.9  430s
 1089882 370092 472370.235   69  163 60732.0000 571830.362   842%  48.8  435s
 1109535 375713 infeasible   48      60732.0000 571434.420   841%  48.5  440s
 1128533 382406 infeasible   66      60732.0000 570975.611   840%  48.3  445s
 1142353 386720 infeasible   54      60732.0000 570617.177   840%  48.3  450s
 1160300 392621 499554.821   45  205 60732.0000 570176.143   839%  48.1  455s
 1181098 399672 564970.554   48  247 60732.0000 569727.439   838%  48.0  460s
 1200182 407361 566306.559   56  186 60732.0000 569307.710   837%  47.9  465s
 1220055 412779 464393.930   54  207 60732.0000 568864.422   837%  47.7  470s
 1241447 420920 infeasible   55      60732.0000 568485.538   836%  47.5  475s
 1252948 425907 255787.562   68  160 60732.0000 568207.478   836%  47.5  480s
 1269216 431810 332702.621   84  131 60732.0000 567871.546   835%  47.4  485s
 1288440 438464 485208.822   46  203 60732.0000 567572.915   835%  47.3  490s
 1308755 444252 infeasible   40      60732.0000 567182.678   834%  47.1  495s
 1324447 450887 526492.300   45  244 60732.0000 566816.204   833%  47.1  500s
 1341638 457772 538053.268   39  315 60732.0000 566433.288   833%  47.0  505s
 1360504 460999 infeasible   48      60732.0000 566111.877   832%  46.9  510s
 1377974 467477 493126.642   51  190 60732.0000 565806.949   832%  46.8  515s
 1386171 472044 492629.641   38  216 60732.0000 565588.497   831%  46.8  520s
 1414127 479169 509110.077   45  198 60732.0000 565211.891   831%  46.6  525s
 1428055 483383 436011.742   60  164 60732.0000 564879.749   830%  46.6  530s
 1445676 489585 infeasible   58      60732.0000 564614.108   830%  46.5  535s
 1469125 498104 infeasible   64      60732.0000 564299.885   829%  46.4  540s
 1487206 505014 infeasible   51      60732.0000 563991.041   829%  46.3  545s
 1505681 510489 545734.162   56  197 60732.0000 563656.137   828%  46.2  550s
 1521845 517130 562857.790   59  231 60732.0000 563367.143   828%  46.2  555s
 1542646 521987 453020.408   46  195 60732.0000 562990.247   827%  46.1  560s
 1562959 527528 infeasible   42      60732.0000 562621.312   826%  46.0  565s
 1582990 533233 infeasible   51      60732.0000 562327.011   826%  45.9  570s
 1606925 540707 infeasible   44      60732.0000 561932.316   825%  45.8  575s
 1622805 548207 551809.826   52  214 60732.0000 561624.281   825%  45.7  580s
 1647718 552667 498290.134   48  221 60732.0000 561215.151   824%  45.6  585s
 1663248 558698 538352.283   47  270 60732.0000 560920.421   824%  45.5  590s
 1685040 563633 infeasible   81      60732.0000 560569.615   823%  45.4  595s
 1708363 570614 538547.939   46  192 60732.0000 560219.063   822%  45.3  600s
 1727408 576034 infeasible   59      60732.0000 559896.043   822%  45.2  605s
 1745669 581190 498446.387   51  233 60732.0000 559620.356   821%  45.2  610s
 1757110 587447 518290.369   64  234 60732.0000 559420.940   821%  45.2  615s
 1779066 590506 521076.360   60  216 60732.0000 559085.320   821%  45.1  620s
 1798883 596365 429082.695   69  136 60732.0000 558792.581   820%  45.0  625s
 1820040 602743 infeasible   59      60732.0000 558460.459   820%  44.9  630s
 1840635 609813 194809.018   58  133 60732.0000 558134.254   819%  44.8  635s
 1854510 612756 infeasible   47      60732.0000 557899.177   819%  44.8  640s
 1862008 614479 459133.105   55  152 60732.0000 557782.924   818%  44.8  645s
 1882943 620011 infeasible   47      60732.0000 557419.563   818%  44.7  650s
 1904368 626569 infeasible   55      60732.0000 557130.800   817%  44.7  655s
 1924701 632654 474300.797   43  244 60732.0000 556803.272   817%  44.6  660s
 1946859 639478 infeasible   50      60732.0000 556491.943   816%  44.5  665s
 1967413 645731 infeasible   52      60732.0000 556217.254   816%  44.4  670s
 1985940 650598 infeasible   61      60732.0000 555915.356   815%  44.4  675s
 2007447 656818 554442.719   36  229 60732.0000 555606.640   815%  44.3  680s
 2027437 663042 430920.486   52  189 60732.0000 555364.865   814%  44.3  685s
 2048136 668925 infeasible   74      60732.0000 555060.934   814%  44.2  690s
 2071998 676151 infeasible   60      60732.0000 554751.993   813%  44.1  695s
 2079962 678661 infeasible   40      60732.0000 554585.714   813%  44.2  700s
 2103095 686272 infeasible   47      60732.0000 554291.661   813%  44.1  705s
 2125198 692475 541750.523   53  264 60732.0000 553990.327   812%  44.0  710s
 2145756 698500 508750.657   48  244 60732.0000 553726.792   812%  44.0  715s
 2166342 704825 552530.358   48  245 60732.0000 553487.405   811%  43.9  720s
 2185598 710748 infeasible   56      60732.0000 553250.658   811%  43.8  725s
 2200183 716516 513044.363   56  199 60732.0000 552978.597   811%  43.9  730s
 2226660 722839 infeasible   43      60732.0000 552699.714   810%  43.8  735s
 2246988 729986 505565.607   54  176 60732.0000 552437.188   810%  43.7  740s
 2268567 735543 547443.664   42  300 60732.0000 552155.245   809%  43.7  745s
 2286984 741023 infeasible   62      60732.0000 551926.229   809%  43.6  750s
 2298351 744018 389457.879   71  111 60732.0000 551731.037   808%  43.6  755s
 2321503 750752 infeasible   46      60732.0000 551474.229   808%  43.6  760s
 2341989 756871 infeasible   65      60732.0000 551231.519   808%  43.5  765s
 2363834 763475 503651.309   36  219 60732.0000 550986.088   807%  43.5  770s
 2384775 769570 infeasible   77      60732.0000 550729.821   807%  43.4  775s
 2406940 775857 483981.009   50  244 60732.0000 550446.603   806%  43.4  780s
 2427204 781704 451716.467   47  208 60732.0000 550228.453   806%  43.4  785s
 2446538 788559 466441.631   66  171 60732.0000 549983.608   806%  43.3  790s
 2468678 794166 infeasible   85      60732.0000 549723.947   805%  43.3  795s
 2489620 800240 518793.839   56  170 60732.0000 549493.804   805%  43.2  800s

Cutting planes:
  Learned: 13
  Gomory: 4
  Cover: 70
  Implied bound: 26
  Clique: 25
  MIR: 78
  Mixing: 1
  StrongCG: 4
  Flow cover: 168
  Inf proof: 1
  Zero half: 13
  RLT: 16
  Relax-and-lift: 19
  BQP: 11

Explored 2490129 nodes (107690235 simplex iterations) in 800.01 seconds (1062.46 work units)
Thread count was 16 (of 16 available processors)

Solution count 4: 60732 38062 37488 37048 

Time limit reached
Best objective 6.073200000000e+04, best bound 5.494938041014e+05, gap 804.7846%
{
    "name": "Value_maximization (with minimised nutri-deficiency)",
    "resultConclusion": {
        "Nutrition_maximization": "FEASIBLE but Not achieved",
        "Value_maximization": "undefined",
        "Value_maximization (with minimised nutri-deficiency)": "FEASIBLE"
    },
    "total_crops": 792,
    "total_space": "132.06 m2",
    "selected_crop_amounts": {
        "Eggplant": 0.0,
        "Lettuce": 20.0,
        "Okra": 180.0,
        "Potatoes": 104.0,
        "RedBellPepper": 60.0,
        "SweetPotatoes": 0.0,
        "Tomatoes": 120.0,
        "Zucchini": 0.0,
        "Eggplant2": 0.0,
        "Lettuce2": 0.0,
        "Okra2": 144.0,
        "Potatoes2": 104.0,
        "RedBellPepper2": 60.0,
        "SweetPotatoes2": 0.0,
        "Tomatoes2": 0.0,
        "Zucchini2": 0.0
    },
    "crop_crow_time_range": [
        [
            -1,
            -1
        ],
        [
            211.0,
            284.0
        ],
        [
            81.0,
            141.0
        ],
        [
            1.0,
            81.0
        ],
        [
            1.0,
            71.0
        ],
        [
            -1,
            -1
        ],
        [
            284.0,
            364.0
        ],
        [
            -1,
            -1
        ],
        [
            -1,
            -1
        ],
        [
            -1,
            -1
        ],
        [
            221.0,
            281.0
        ],
        [
            141.0,
            221.0
        ],
        [
            141.0,
            211.0
        ],
        [
            -1,
            -1
        ],
        [
            -1,
            -1
        ],
        [
            -1,
            -1
        ]
    ],
    "space_by_crop_type": {
        "Eggplant": "0.0 m2",
        "Lettuce": "4.5 m2",
        "Okra": "27.0 m2",
        "Potatoes": "12.48 m2",
        "RedBellPepper": "13.5 m2",
        "SweetPotatoes": "0.0 m2",
        "Tomatoes": "27.0 m2",
        "Zucchini": "0.0 m2",
        "Eggplant2": "0.0 m2",
        "Lettuce2": "0.0 m2",
        "Okra2": "21.599999999999998 m2",
        "Potatoes2": "12.48 m2",
        "RedBellPepper2": "13.5 m2",
        "SweetPotatoes2": "0.0 m2",
        "Tomatoes2": "0.0 m2",
        "Zucchini2": "0.0 m2"
    },
    "yield_by_crop_type": {
        "Eggplant": "0.0 g",
        "Lettuce": "18000.0 g",
        "Okra": "270000.0 g",
        "Potatoes": "517920.0 g",
        "RedBellPepper": "96000.0 g",
        "SweetPotatoes": "0.0 g",
        "Tomatoes": "156000.0 g",
        "Zucchini": "0.0 g",
        "Eggplant2": "0.0 g",
        "Lettuce2": "0.0 g",
        "Okra2": "216000.0 g",
        "Potatoes2": "517920.0 g",
        "RedBellPepper2": "96000.0 g",
        "SweetPotatoes2": "0.0 g",
        "Tomatoes2": "0.0 g",
        "Zucchini2": "0.0 g"
    },
    "value_by_crop_type": {
        "Eggplant": 0.0,
        "Lettuce": 0.0,
        "Okra": 0.0,
        "Potatoes": 28386.0,
        "RedBellPepper": 480.0,
        "SweetPotatoes": 0.0,
        "Tomatoes": 0.0,
        "Zucchini": 0.0,
        "Eggplant2": 0.0,
        "Lettuce2": 0.0,
        "Okra2": 3000.0,
        "Potatoes2": 28386.0,
        "RedBellPepper2": 480.0,
        "SweetPotatoes2": 0.0,
        "Tomatoes2": 0.0,
        "Zucchini2": 0.0
    },
    "nutrition_required_per_period": {
        "A": 0.063875,
        "B1": 0.100375,
        "C": 4.10625,
        "Carbohydrates": 21443.75,
        "E": 1.36875,
        "Iron": 1.6425000000000003,
        "Protein": 4197.5,
        "Zinc": 0.73
    },
    "nutrition_produced_per_period": {
        "0": {
            "A": 4.216121,
            "B1": 0.5175500000000001,
            "C": 217.0148,
            "Carbohydrates": 347253.16,
            "E": 1.49152,
            "Iron": 1.64263,
            "Protein": 41063.1,
            "Zinc": 1.4586999999999999
        },
        "1": {
            "A": 0.0972,
            "B1": 0.54,
            "C": 62.10000000000001,
            "Carbohydrates": 20142.0,
            "E": 0.0,
            "Iron": 1.674,
            "Protein": 5130.0,
            "Zinc": 1.5660000000000003
        },
        "2": {
            "A": 4.216121,
            "B1": 0.5175500000000001,
            "C": 217.0148,
            "Carbohydrates": 347253.16,
            "E": 1.49152,
            "Iron": 1.64263,
            "Protein": 41063.1,
            "Zinc": 1.4586999999999999
        },
        "3": {
            "A": 0.16776000000000002,
            "B1": 0.47086920000000004,
            "C": 68.736,
            "Carbohydrates": 21480.0,
            "E": 0.8748,
            "Iron": 1.8906,
            "Protein": 5466.0,
            "Zinc": 1.467
        }
    },
    "nutrition_deficit_per_period": {
        "0": {
            "A": -4.152246,
            "B1": -0.4171750000000001,
            "C": -212.90855000000002,
            "Carbohydrates": -325809.41,
            "E": -0.12277000000000005,
            "Iron": -0.00012999999999974143,
            "Protein": -36865.6,
            "Zinc": -0.7286999999999999
        },
        "1": {
            "A": -0.033324999999999994,
            "B1": -0.43962500000000004,
            "C": -57.993750000000006,
            "Carbohydrates": 1301.75,
            "E": 1.36875,
            "Iron": -0.03149999999999964,
            "Protein": -932.5,
            "Zinc": -0.8360000000000003
        },
        "2": {
            "A": -4.152246,
            "B1": -0.4171750000000001,
            "C": -212.90855000000002,
            "Carbohydrates": -325809.41,
            "E": -0.12277000000000005,
            "Iron": -0.00012999999999974143,
            "Protein": -36865.6,
            "Zinc": -0.7286999999999999
        },
        "3": {
            "A": -0.10388500000000002,
            "B1": -0.37049420000000005,
            "C": -64.62975,
            "Carbohydrates": -36.25,
            "E": 0.4939499999999999,
            "Iron": -0.24809999999999977,
            "Protein": -1268.5,
            "Zinc": -0.7370000000000001
        }
    }
}
