
[32m19:18:27[0m | [1mINFO    [0m | - [1mParsing problem definition from config files[0m


[32m19:18:27[0m | [1mINFO    [0m | - [1mRunning solver of type NUTRITION_AND_MARKET_VALUE[0m

19:18:27 |              Building model
Set parameter WLSAccessID
Set parameter WLSSecret
Set parameter LicenseID to value 2409054
Read parameters from file gurobi.env
Academic license 2409054 - for non-commercial use only - registered to pi___@live.nl
Set parameter WLSAccessID
Set parameter WLSSecret
Set parameter LicenseID to value 2409054
Read parameters from file gurobi.env
Academic license 2409054 - for non-commercial use only - registered to pi___@live.nl

--------------------
19:18:27 | START    | - RUNNING Nutrition_maximization model
--------------------
[32m19:18:27[0m | [31m[1mERROR   [0m | - [31m[1mwidth: 600.0 Height: 600.0[0m
[32m19:18:27[0m | [31m[1mERROR   [0m | - [31m[1mless 36[0m
[32m19:18:27[0m | [31m[1mERROR   [0m | - [31m[1mless 144[0m
[32m19:18:27[0m | [31m[1mERROR   [0m | - [31m[1mless 225[0m
[32m19:18:27[0m | [31m[1mERROR   [0m | - [31m[1mless 256[0m
[32m19:18:27[0m | [31m[1mERROR   [0m | - [31m[1mless 144[0m
[32m19:18:27[0m | [31m[1mERROR   [0m | - [31m[1mless 256[0m
[32m19:18:27[0m | [31m[1mERROR   [0m | - [31m[1mless 144[0m
[32m19:18:27[0m | [31m[1mERROR   [0m | - [31m[1mless 100[0m
[32m19:18:27[0m | [31m[1mERROR   [0m | - [31m[1mless 36[0m
[32m19:18:27[0m | [31m[1mERROR   [0m | - [31m[1mless 144[0m
[32m19:18:27[0m | [31m[1mERROR   [0m | - [31m[1mless 225[0m
[32m19:18:27[0m | [31m[1mERROR   [0m | - [31m[1mless 256[0m
[32m19:18:27[0m | [31m[1mERROR   [0m | - [31m[1mless 144[0m
[32m19:18:27[0m | [31m[1mERROR   [0m | - [31m[1mless 256[0m
[32m19:18:27[0m | [31m[1mERROR   [0m | - [31m[1mless 144[0m
[32m19:18:27[0m | [31m[1mERROR   [0m | - [31m[1mless 100[0m
19:18:28 |              Solution status: OptimizationStatus.OPTIMAL
19:18:28 |              Objective (Minimization nutrient shortage) value: 8.0   Optimality gap: 0.00%
19:18:28 |              {'Eggplant': 0.0, 'Lettuce': 0.0, 'Okra': 0.0, 'Potatoes': 96.0, 'RedBellPepper': 132.0, 'SweetPotatoes': 0.0, 'Tomatoes': 36.0, 'Zucchini': 0.0, 'Eggplant2': 0.0, 'Lettuce2': 0.0, 'Okra2': 0.0, 'Potatoes2': 256.0, 'RedBellPepper2': 120.0, 'SweetPotatoes2': 0.0, 'Tomatoes2': 0.0, 'Zucchini2': 0.0}
19:18:28 |              
[32m19:18:29[0m | [32m[1mSUCCESS [0m | - [32m[1mRuntime model Nutrition_maximization: 1.73 seconds[0m
19:18:29 | END      | 
--------------------



[32m19:18:29[0m | [1mINFO    [0m | - [1m[32mSkipping value opt[0m[1m, valueOptAfterNutri=FALSE[0m


[32m19:18:30[0m | [1mINFO    [0m | - [1mModel results saved to folder: TestScenarios/Nutri/8crops-8nutri-6x6/1p/output/24-04-29 19:18:27[0m

{
    "name": "Nutrition_maximization",
    "resultConclusion": {
        "Nutrition_maximization": "OPTIMAL",
        "Value_maximization": "undefined"
    },
    "total_crops": 640,
    "total_space": "107.03999999999999 m2",
    "selected_crop_amounts": {
        "Eggplant": 0.0,
        "Lettuce": 0.0,
        "Okra": 0.0,
        "Potatoes": 96.0,
        "RedBellPepper": 132.0,
        "SweetPotatoes": 0.0,
        "Tomatoes": 36.0,
        "Zucchini": 0.0,
        "Eggplant2": 0.0,
        "Lettuce2": 0.0,
        "Okra2": 0.0,
        "Potatoes2": 256.0,
        "RedBellPepper2": 120.0,
        "SweetPotatoes2": 0.0,
        "Tomatoes2": 0.0,
        "Zucchini2": 0.0
    },
    "crop_crow_time_range": [
        [
            -1,
            -1
        ],
        [
            -1,
            -1
        ],
        [
            -1,
            -1
        ],
        [
            1.0,
            81.0
        ],
        [
            81.0,
            151.0
        ],
        [
            -1,
            -1
        ],
        [
            1.0,
            81.0
        ],
        [
            -1,
            -1
        ],
        [
            -1,
            -1
        ],
        [
            -1,
            -1
        ],
        [
            -1,
            -1
        ],
        [
            236.0,
            316.0
        ],
        [
            166.0,
            236.0
        ],
        [
            -1,
            -1
        ],
        [
            -1,
            -1
        ],
        [
            -1,
            -1
        ]
    ],
    "space_by_crop_type": {
        "Eggplant": "0.0 m2",
        "Lettuce": "0.0 m2",
        "Okra": "0.0 m2",
        "Potatoes": "11.52 m2",
        "RedBellPepper": "29.7 m2",
        "SweetPotatoes": "0.0 m2",
        "Tomatoes": "8.1 m2",
        "Zucchini": "0.0 m2",
        "Eggplant2": "0.0 m2",
        "Lettuce2": "0.0 m2",
        "Okra2": "0.0 m2",
        "Potatoes2": "30.72 m2",
        "RedBellPepper2": "27.0 m2",
        "SweetPotatoes2": "0.0 m2",
        "Tomatoes2": "0.0 m2",
        "Zucchini2": "0.0 m2"
    },
    "yield_by_crop_type": {
        "Eggplant": "0.0 g",
        "Lettuce": "0.0 g",
        "Okra": "0.0 g",
        "Potatoes": "478080.0 g",
        "RedBellPepper": "211200.0 g",
        "SweetPotatoes": "0.0 g",
        "Tomatoes": "46800.0 g",
        "Zucchini": "0.0 g",
        "Eggplant2": "0.0 g",
        "Lettuce2": "0.0 g",
        "Okra2": "0.0 g",
        "Potatoes2": "1274880.0 g",
        "RedBellPepper2": "192000.0 g",
        "SweetPotatoes2": "0.0 g",
        "Tomatoes2": "0.0 g",
        "Zucchini2": "0.0 g"
    },
    "value_by_crop_type": {
        "Eggplant": 0.0,
        "Lettuce": 0.0,
        "Okra": 0.0,
        "Potatoes": 0.0,
        "RedBellPepper": 0.0,
        "SweetPotatoes": 0.0,
        "Tomatoes": 0.0,
        "Zucchini": 0.0,
        "Eggplant2": 0.0,
        "Lettuce2": 0.0,
        "Okra2": 0.0,
        "Potatoes2": 0.0,
        "RedBellPepper2": 0.0,
        "SweetPotatoes2": 0.0,
        "Tomatoes2": 0.0,
        "Zucchini2": 0.0
    },
    "nutrition_required_per_period": {
        "A": 0.2555,
        "B1": 0.4015,
        "C": 16.425,
        "Carbohydrates": 85775.0,
        "E": 5.475,
        "Iron": 6.570000000000001,
        "Protein": 16790.0,
        "Zinc": 2.92
    },
    "nutrition_produced_per_period": {
        "0": {
            "A": 17.4986256,
            "B1": 2.16759876,
            "C": 922.6761600000002,
            "Carbohydrates": 1440431.28,
            "E": 6.623279999999999,
            "Iron": 6.971736,
            "Protein": 170581.2,
            "Zinc": 6.14484
        }
    },
    "nutrition_deficit_per_period": {
        "0": {
            "A": -17.2431256,
            "B1": -1.7660987600000002,
            "C": -906.2511600000003,
            "Carbohydrates": -1354656.28,
            "E": -1.1482799999999997,
            "Iron": -0.40173599999999876,
            "Protein": -153791.2,
            "Zinc": -3.2248400000000004
        }
    }
}
