
[32m17:07:03[0m | [1mINFO    [0m | - [1mParsing problem definition from config files[0m


[32m17:07:03[0m | [1mINFO    [0m | - [1mRunning solver of type NUTRITION_AND_MARKET_VALUE[0m

17:07:03 |              Building model
Set parameter WLSAccessID
Set parameter WLSSecret
Set parameter LicenseID to value 2409054
Read parameters from file gurobi.env
Academic license 2409054 - for non-commercial use only - registered to pi___@live.nl
Set parameter WLSAccessID
Set parameter WLSSecret
Set parameter LicenseID to value 2409054
Read parameters from file gurobi.env
Academic license 2409054 - for non-commercial use only - registered to pi___@live.nl

--------------------
17:07:03 | START    | - RUNNING Nutrition_maximization model
--------------------
[32m17:07:03[0m | [31m[1mERROR   [0m | - [31m[1mwidth: 400.0 Height: 600.0[0m
[32m17:07:03[0m | [31m[1mERROR   [0m | - [31m[1mless 24[0m
[32m17:07:03[0m | [31m[1mERROR   [0m | - [31m[1mless 96[0m
[32m17:07:03[0m | [31m[1mERROR   [0m | - [31m[1mless 150[0m
[32m17:07:03[0m | [31m[1mERROR   [0m | - [31m[1mless 176[0m
[32m17:07:03[0m | [31m[1mERROR   [0m | - [31m[1mless 96[0m
[32m17:07:03[0m | [31m[1mERROR   [0m | - [31m[1mless 176[0m
[32m17:07:03[0m | [31m[1mERROR   [0m | - [31m[1mless 96[0m
[32m17:07:03[0m | [31m[1mERROR   [0m | - [31m[1mless 70[0m
[32m17:07:03[0m | [31m[1mERROR   [0m | - [31m[1mless 24[0m
[32m17:07:03[0m | [31m[1mERROR   [0m | - [31m[1mless 96[0m
[32m17:07:03[0m | [31m[1mERROR   [0m | - [31m[1mless 150[0m
[32m17:07:03[0m | [31m[1mERROR   [0m | - [31m[1mless 176[0m
[32m17:07:03[0m | [31m[1mERROR   [0m | - [31m[1mless 96[0m
[32m17:07:03[0m | [31m[1mERROR   [0m | - [31m[1mless 176[0m
[32m17:07:03[0m | [31m[1mERROR   [0m | - [31m[1mless 96[0m
[32m17:07:03[0m | [31m[1mERROR   [0m | - [31m[1mless 70[0m
17:17:03 |              Solution status: OptimizationStatus.FEASIBLE
17:17:03 |              Objective (Minimization nutrient shortage) value: 15.866411030533119   Optimality gap: 0.84%
17:17:03 |              {'Eggplant': 0.0, 'Lettuce': 0.0, 'Okra': 135.0, 'Potatoes': 176.0, 'RedBellPepper': 96.0, 'SweetPotatoes': 0.0, 'Tomatoes': 40.0, 'Zucchini': 0.0, 'Eggplant2': 0.0, 'Lettuce2': 0.0, 'Okra2': 0.0, 'Potatoes2': 90.0, 'RedBellPepper2': 96.0, 'SweetPotatoes2': 0.0, 'Tomatoes2': 0.0, 'Zucchini2': 0.0}
17:17:03 |              
[32m17:17:03[0m | [33m[1mWARNING [0m | - [33m[1mTIMEOUT for running nutrition optimization[0m
[32m17:17:03[0m | [33m[1mWARNING [0m | - [33m[1mFull nutrition not feasible[0m
[32m17:17:04[0m | [32m[1mSUCCESS [0m | - [32m[1mRuntime model Nutrition_maximization: 10 minutes and 1.35 seconds[0m
17:17:04 | END      | 
--------------------


[32m17:17:04[0m | [33m[1mWARNING [0m | - [33m[1mFull nutrition was not achieved[0m

[32m17:17:04[0m | [1mINFO    [0m | - [1m[32mSkipping value opt[0m[1m, valueOptAfterNutri=FALSE[0m


[32m17:17:05[0m | [1mINFO    [0m | - [1mModel results saved to folder: TestScenarios/Nutri/8crops-8nutri-4x6/2p/output/24-04-29 17:07:03[0m

{
    "name": "Nutrition_maximization",
    "resultConclusion": {
        "Nutrition_maximization": "FEASIBLE but Not achieved",
        "Value_maximization": "undefined"
    },
    "total_crops": 633,
    "total_space": "104.37 m2",
    "selected_crop_amounts": {
        "Eggplant": 0.0,
        "Lettuce": 0.0,
        "Okra": 135.0,
        "Potatoes": 176.0,
        "RedBellPepper": 96.0,
        "SweetPotatoes": 0.0,
        "Tomatoes": 40.0,
        "Zucchini": 0.0,
        "Eggplant2": 0.0,
        "Lettuce2": 0.0,
        "Okra2": 0.0,
        "Potatoes2": 90.0,
        "RedBellPepper2": 96.0,
        "SweetPotatoes2": 0.0,
        "Tomatoes2": 0.0,
        "Zucchini2": 0.0
    },
    "crop_crow_time_range": [
        [
            -1,
            -1
        ],
        [
            -1,
            -1
        ],
        [
            151.0,
            211.0
        ],
        [
            71.0,
            151.0
        ],
        [
            1.0,
            71.0
        ],
        [
            -1,
            -1
        ],
        [
            211.0,
            291.0
        ],
        [
            -1,
            -1
        ],
        [
            -1,
            -1
        ],
        [
            -1,
            -1
        ],
        [
            -1,
            -1
        ],
        [
            215.0,
            295.0
        ],
        [
            295.0,
            365.0
        ],
        [
            -1,
            -1
        ],
        [
            -1,
            -1
        ],
        [
            -1,
            -1
        ]
    ],
    "space_by_crop_type": {
        "Eggplant": "0.0 m2",
        "Lettuce": "0.0 m2",
        "Okra": "20.25 m2",
        "Potatoes": "21.119999999999997 m2",
        "RedBellPepper": "21.6 m2",
        "SweetPotatoes": "0.0 m2",
        "Tomatoes": "9.0 m2",
        "Zucchini": "0.0 m2",
        "Eggplant2": "0.0 m2",
        "Lettuce2": "0.0 m2",
        "Okra2": "0.0 m2",
        "Potatoes2": "10.799999999999999 m2",
        "RedBellPepper2": "21.6 m2",
        "SweetPotatoes2": "0.0 m2",
        "Tomatoes2": "0.0 m2",
        "Zucchini2": "0.0 m2"
    },
    "yield_by_crop_type": {
        "Eggplant": "0.0 g",
        "Lettuce": "0.0 g",
        "Okra": "202500.0 g",
        "Potatoes": "876480.0 g",
        "RedBellPepper": "153600.0 g",
        "SweetPotatoes": "0.0 g",
        "Tomatoes": "52000.0 g",
        "Zucchini": "0.0 g",
        "Eggplant2": "0.0 g",
        "Lettuce2": "0.0 g",
        "Okra2": "0.0 g",
        "Potatoes2": "448200.0 g",
        "RedBellPepper2": "153600.0 g",
        "SweetPotatoes2": "0.0 g",
        "Tomatoes2": "0.0 g",
        "Zucchini2": "0.0 g"
    },
    "value_by_crop_type": {
        "Eggplant": 0.0,
        "Lettuce": 0.0,
        "Okra": 900.0,
        "Potatoes": 0.0,
        "RedBellPepper": 0.0,
        "SweetPotatoes": 0.0,
        "Tomatoes": 0.0,
        "Zucchini": 0.0,
        "Eggplant2": 0.0,
        "Lettuce2": 0.0,
        "Okra2": 0.0,
        "Potatoes2": 0.0,
        "RedBellPepper2": 0.0,
        "SweetPotatoes2": 0.0,
        "Tomatoes2": 0.0,
        "Zucchini2": 0.0
    },
    "nutrition_required_per_period": {
        "A": 0.12775,
        "B1": 0.20075,
        "C": 8.2125,
        "Carbohydrates": 42887.5,
        "E": 2.7375,
        "Iron": 3.2850000000000006,
        "Protein": 8395.0,
        "Zinc": 1.46
    },
    "nutrition_produced_per_period": {
        "0": {
            "A": 8.6641248,
            "B1": 1.0486080000000002,
            "C": 389.90208000000007,
            "Carbohydrates": 717075.8400000001,
            "E": 2.42688,
            "Iron": 3.254688,
            "Protein": 84648.0,
            "Zinc": 2.9366399999999997
        },
        "1": {
            "A": 4.641474,
            "B1": 0.9930364,
            "C": 358.77920000000006,
            "Carbohydrates": 386967.83999999997,
            "E": 2.7076800000000003,
            "Iron": 3.2950199999999996,
            "Protein": 48191.4,
            "Zinc": 2.8886
        }
    },
    "nutrition_deficit_per_period": {
        "0": {
            "A": -8.536374799999999,
            "B1": -0.8478580000000002,
            "C": -381.6895800000001,
            "Carbohydrates": -674188.3400000001,
            "E": 0.3106199999999997,
            "Iron": 0.030312000000000783,
            "Protein": -76253.0,
            "Zinc": -1.4766399999999997
        },
        "1": {
            "A": -4.513724,
            "B1": -0.7922864000000001,
            "C": -350.5667000000001,
            "Carbohydrates": -344080.33999999997,
            "E": 0.029819999999999514,
            "Iron": -0.01001999999999903,
            "Protein": -39796.4,
            "Zinc": -1.4285999999999999
        }
    }
}
