
[32m18:58:16[0m | [1mINFO    [0m | - [1mParsing problem definition from config files[0m


[32m18:58:16[0m | [1mINFO    [0m | - [1mRunning solver of type NUTRITION_AND_MARKET_VALUE[0m

18:58:16 |              Building model
Set parameter WLSAccessID
Set parameter WLSSecret
Set parameter LicenseID to value 2409054
Read parameters from file gurobi.env
Academic license 2409054 - for non-commercial use only - registered to pi___@live.nl
Set parameter WLSAccessID
Set parameter WLSSecret
Set parameter LicenseID to value 2409054
Read parameters from file gurobi.env
Academic license 2409054 - for non-commercial use only - registered to pi___@live.nl

--------------------
18:58:16 | START    | - RUNNING Nutrition_maximization model
--------------------
[32m18:58:16[0m | [31m[1mERROR   [0m | - [31m[1mwidth: 500.0 Height: 700.0[0m
[32m18:58:16[0m | [31m[1mERROR   [0m | - [31m[1mless 40[0m
[32m18:58:16[0m | [31m[1mERROR   [0m | - [31m[1mless 140[0m
[32m18:58:16[0m | [31m[1mERROR   [0m | - [31m[1mless 204[0m
[32m18:58:16[0m | [31m[1mERROR   [0m | - [31m[1mless 266[0m
[32m18:58:16[0m | [31m[1mERROR   [0m | - [31m[1mless 140[0m
[32m18:58:16[0m | [31m[1mERROR   [0m | - [31m[1mless 266[0m
[32m18:58:16[0m | [31m[1mERROR   [0m | - [31m[1mless 140[0m
[32m18:58:16[0m | [31m[1mERROR   [0m | - [31m[1mless 96[0m
[32m18:58:16[0m | [31m[1mERROR   [0m | - [31m[1mless 40[0m
[32m18:58:16[0m | [31m[1mERROR   [0m | - [31m[1mless 140[0m
[32m18:58:16[0m | [31m[1mERROR   [0m | - [31m[1mless 204[0m
[32m18:58:16[0m | [31m[1mERROR   [0m | - [31m[1mless 266[0m
[32m18:58:16[0m | [31m[1mERROR   [0m | - [31m[1mless 140[0m
[32m18:58:16[0m | [31m[1mERROR   [0m | - [31m[1mless 266[0m
[32m18:58:16[0m | [31m[1mERROR   [0m | - [31m[1mless 140[0m
[32m18:58:16[0m | [31m[1mERROR   [0m | - [31m[1mless 96[0m
19:08:16 |              Solution status: OptimizationStatus.FEASIBLE
19:08:16 |              Objective (Minimization nutrient shortage) value: 23.800920941785712   Optimality gap: 0.84%
19:08:16 |              {'Eggplant': 0.0, 'Lettuce': 0.0, 'Okra': 102.0, 'Potatoes': 117.0, 'RedBellPepper': 70.0, 'SweetPotatoes': 0.0, 'Tomatoes': 140.0, 'Zucchini': 48.0, 'Eggplant2': 0.0, 'Lettuce2': 0.0, 'Okra2': 102.0, 'Potatoes2': 95.0, 'RedBellPepper2': 70.0, 'SweetPotatoes2': 0.0, 'Tomatoes2': 84.0, 'Zucchini2': 0.0}
19:08:16 |              
[32m19:08:17[0m | [33m[1mWARNING [0m | - [33m[1mTIMEOUT for running nutrition optimization[0m
[32m19:08:17[0m | [33m[1mWARNING [0m | - [33m[1mFull nutrition not feasible[0m
[32m19:08:18[0m | [32m[1mSUCCESS [0m | - [32m[1mRuntime model Nutrition_maximization: 10 minutes and 1.46 seconds[0m
19:08:18 | END      | 
--------------------


[32m19:08:18[0m | [33m[1mWARNING [0m | - [33m[1mFull nutrition was not achieved[0m

[32m19:08:18[0m | [1mINFO    [0m | - [1m[32mSkipping value opt[0m[1m, valueOptAfterNutri=FALSE[0m


[32m19:08:19[0m | [1mINFO    [0m | - [1mModel results saved to folder: TestScenarios/Nutri/8crops-8nutri-5x7/3p/output/24-04-29 18:58:16[0m

{
    "name": "Nutrition_maximization",
    "resultConclusion": {
        "Nutrition_maximization": "FEASIBLE but Not achieved",
        "Value_maximization": "undefined"
    },
    "total_crops": 828,
    "total_space": "152.34 m2",
    "selected_crop_amounts": {
        "Eggplant": 0.0,
        "Lettuce": 0.0,
        "Okra": 102.0,
        "Potatoes": 117.0,
        "RedBellPepper": 70.0,
        "SweetPotatoes": 0.0,
        "Tomatoes": 140.0,
        "Zucchini": 48.0,
        "Eggplant2": 0.0,
        "Lettuce2": 0.0,
        "Okra2": 102.0,
        "Potatoes2": 95.0,
        "RedBellPepper2": 70.0,
        "SweetPotatoes2": 0.0,
        "Tomatoes2": 84.0,
        "Zucchini2": 0.0
    },
    "crop_crow_time_range": [
        [
            -1,
            -1
        ],
        [
            -1,
            -1
        ],
        [
            245.0,
            305.0
        ],
        [
            1.0,
            81.0
        ],
        [
            1.0,
            71.0
        ],
        [
            -1,
            -1
        ],
        [
            81.0,
            161.0
        ],
        [
            311.0,
            359.0
        ],
        [
            -1,
            -1
        ],
        [
            -1,
            -1
        ],
        [
            305.0,
            365.0
        ],
        [
            161.0,
            241.0
        ],
        [
            241.0,
            311.0
        ],
        [
            -1,
            -1
        ],
        [
            161.0,
            241.0
        ],
        [
            -1,
            -1
        ]
    ],
    "space_by_crop_type": {
        "Eggplant": "0.0 m2",
        "Lettuce": "0.0 m2",
        "Okra": "15.299999999999999 m2",
        "Potatoes": "14.04 m2",
        "RedBellPepper": "15.75 m2",
        "SweetPotatoes": "0.0 m2",
        "Tomatoes": "31.5 m2",
        "Zucchini": "14.399999999999999 m2",
        "Eggplant2": "0.0 m2",
        "Lettuce2": "0.0 m2",
        "Okra2": "15.299999999999999 m2",
        "Potatoes2": "11.4 m2",
        "RedBellPepper2": "15.75 m2",
        "SweetPotatoes2": "0.0 m2",
        "Tomatoes2": "18.900000000000002 m2",
        "Zucchini2": "0.0 m2"
    },
    "yield_by_crop_type": {
        "Eggplant": "0.0 g",
        "Lettuce": "0.0 g",
        "Okra": "153000.0 g",
        "Potatoes": "582660.0 g",
        "RedBellPepper": "112000.0 g",
        "SweetPotatoes": "0.0 g",
        "Tomatoes": "182000.0 g",
        "Zucchini": "38400.0 g",
        "Eggplant2": "0.0 g",
        "Lettuce2": "0.0 g",
        "Okra2": "153000.0 g",
        "Potatoes2": "473100.0 g",
        "RedBellPepper2": "112000.0 g",
        "SweetPotatoes2": "0.0 g",
        "Tomatoes2": "109200.0 g",
        "Zucchini2": "0.0 g"
    },
    "value_by_crop_type": {
        "Eggplant": 0.0,
        "Lettuce": 0.0,
        "Okra": 0.0,
        "Potatoes": 0.0,
        "RedBellPepper": 0.0,
        "SweetPotatoes": 0.0,
        "Tomatoes": 0.0,
        "Zucchini": 1600.0,
        "Eggplant2": 0.0,
        "Lettuce2": 0.0,
        "Okra2": 0.0,
        "Potatoes2": 0.0,
        "RedBellPepper2": 0.0,
        "SweetPotatoes2": 0.0,
        "Tomatoes2": 0.0,
        "Zucchini2": 0.0
    },
    "nutrition_required_per_period": {
        "A": 0.08516666666666667,
        "B1": 0.13383333333333333,
        "C": 5.4750000000000005,
        "Carbohydrates": 28591.666666666668,
        "E": 1.825,
        "Iron": 2.1900000000000004,
        "Protein": 5596.666666666667,
        "Zinc": 0.9733333333333333
    },
    "nutrition_produced_per_period": {
        "0": {
            "A": 5.7752026,
            "B1": 0.702526,
            "C": 273.24136000000004,
            "Carbohydrates": 477151.4,
            "E": 1.7696,
            "Iron": 2.198246,
            "Protein": 56360.700000000004,
            "Zinc": 1.9719799999999998
        },
        "1": {
            "A": 4.668794999999999,
            "B1": 0.6298138400000001,
            "C": 133.49560000000002,
            "Carbohydrates": 394567.8,
            "E": 1.57248,
            "Iron": 2.25285,
            "Protein": 47565.3,
            "Zinc": 1.91434
        },
        "2": {
            "A": 0.29854400000000003,
            "B1": 0.6814399999999999,
            "C": 232.30960000000005,
            "Carbohydrates": 28626.960000000003,
            "E": 1.7696,
            "Iron": 2.37208,
            "Protein": 7077.360000000001,
            "Zinc": 2.0727200000000003
        }
    },
    "nutrition_deficit_per_period": {
        "0": {
            "A": -5.690035933333333,
            "B1": -0.5686926666666666,
            "C": -267.76636,
            "Carbohydrates": -448559.73333333334,
            "E": 0.055399999999999894,
            "Iron": -0.008245999999999754,
            "Protein": -50764.03333333334,
            "Zinc": -0.9986466666666666
        },
        "1": {
            "A": -4.5836283333333325,
            "B1": -0.4959805066666667,
            "C": -128.02060000000003,
            "Carbohydrates": -365976.1333333333,
            "E": 0.25251999999999986,
            "Iron": -0.06284999999999963,
            "Protein": -41968.63333333334,
            "Zinc": -0.9410066666666667
        },
        "2": {
            "A": -0.21337733333333336,
            "B1": -0.5476066666666666,
            "C": -226.83460000000005,
            "Carbohydrates": -35.293333333334886,
            "E": 0.055399999999999894,
            "Iron": -0.18207999999999958,
            "Protein": -1480.6933333333336,
            "Zinc": -1.0993866666666672
        }
    }
}
